#
# There is insufficient memory for the Java Runtime Environment to continue.
# Native memory allocation (malloc) failed to allocate 882496 bytes for Chunk::new
# Possible reasons:
#   The system is out of physical RAM or swap space
#   The process is running with CompressedOops enabled, and the Java Heap may be blocking the growth of the native heap
# Possible solutions:
#   Reduce memory load on the system
#   Increase physical memory or swap space
#   Check if swap backing store is full
#   Decrease Java heap size (-Xmx/-Xms)
#   Decrease number of Java threads
#   Decrease Java thread stack sizes (-Xss)
#   Set larger code cache with -XX:ReservedCodeCacheSize=
#   JVM is running with Unscaled Compressed Oops mode in which the Java heap is
#     placed in the first 4GB address space. The Java Heap base address is the
#     maximum limit for the native heap growth. Please use -XX:HeapBaseMinAddress
#     to set the Java Heap base and to place the Java Heap above 4GB virtual address.
# This output file may be truncated or incomplete.
#
#  Out of Memory Error (arena.cpp:189), pid=8796, tid=10844
#
# JRE version: Java(TM) SE Runtime Environment (17.0.4+11) (build 17.0.4+11-LTS-179)
# Java VM: Java HotSpot(TM) 64-Bit Server VM (17.0.4+11-LTS-179, mixed mode, sharing, tiered, compressed oops, compressed class ptrs, g1 gc, windows-amd64)
# No core dump will be written. Minidumps are not enabled by default on client versions of Windows
#

---------------  S U M M A R Y ------------

Command Line: -javaagent:C:\Users\dadiallo\AppData\Local\JetBrains\IntelliJ IDEA Community Edition 2022.2\lib\idea_rt.jar=64011:C:\Users\dadiallo\AppData\Local\JetBrains\IntelliJ IDEA Community Edition 2022.2\bin -Dfile.encoding=UTF-8 com.odk.odcinterview.OdcInterviewApplication

Host: 11th Gen Intel(R) Core(TM) i7-1165G7 @ 2.80GHz, 8 cores, 7G,  Windows 11 , 64 bit Build 22621 (10.0.22621.1105)
Time: Tue Feb  7 14:28:37 2023 Temps universel coordonné elapsed time: 6.685638 seconds (0d 0h 0m 6s)

---------------  T H R E A D  ---------------

Current thread (0x0000017f530f1aa0):  JavaThread "C2 CompilerThread0" daemon [_thread_in_native, id=10844, stack(0x000000666b100000,0x000000666b200000)]


Current CompileTask:
C2:   6685 5338       4       org.springframework.core.annotation.TypeMappedAnnotations::scan (62 bytes)

Stack: [0x000000666b100000,0x000000666b200000]
Native frames: (J=compiled Java code, j=interpreted, Vv=VM code, C=native code)
V  [jvm.dll+0x6723da]
V  [jvm.dll+0x7d1f74]
V  [jvm.dll+0x7d371e]
V  [jvm.dll+0x7d3d83]
V  [jvm.dll+0x242ed5]
V  [jvm.dll+0xaa57b]
V  [jvm.dll+0xaab0c]
V  [jvm.dll+0x2a9c3f]
V  [jvm.dll+0x57a7d7]
V  [jvm.dll+0x21e1b2]
V  [jvm.dll+0x217be4]
V  [jvm.dll+0x21530b]
V  [jvm.dll+0x1a1fcd]
V  [jvm.dll+0x224c78]
V  [jvm.dll+0x222de5]
V  [jvm.dll+0x787a5b]
V  [jvm.dll+0x78201a]
V  [jvm.dll+0x671265]
C  [ucrtbase.dll+0x29363]
C  [KERNEL32.DLL+0x126bd]
C  [ntdll.dll+0x5dfb8]


---------------  P R O C E S S  ---------------

Threads class SMR info:
_java_thread_list=0x0000017f593f3fd0, length=31, elements={
0x0000017f530d93c0, 0x0000017f530d9f70, 0x0000017f530ee3f0, 0x0000017f530eeda0,
0x0000017f530ef750, 0x0000017f530f0100, 0x0000017f530f1aa0, 0x0000017f530fda50,
0x0000017f530fe440, 0x0000017f53ca1a70, 0x0000017f53f13ef0, 0x0000017f53f3c8a0,
0x0000017f5559f030, 0x0000017f5510e9a0, 0x0000017f577ead50, 0x0000017f5781f6b0,
0x0000017f54f4ec20, 0x0000017f54f4e280, 0x0000017f54f4f0f0, 0x0000017f54f50900,
0x0000017f54f4ddb0, 0x0000017f54f4fa90, 0x0000017f54f50dd0, 0x0000017f54f4e750,
0x0000017f54f4f5c0, 0x0000017f59751c20, 0x0000017f59753900, 0x0000017f597520f0,
0x0000017f59756920, 0x0000017f5974f0d0, 0x0000017f59755110
}

Java Threads: ( => current thread )
  0x0000017f530d93c0 JavaThread "Reference Handler" daemon [_thread_blocked, id=12500, stack(0x000000666ab00000,0x000000666ac00000)]
  0x0000017f530d9f70 JavaThread "Finalizer" daemon [_thread_blocked, id=17000, stack(0x000000666ac00000,0x000000666ad00000)]
  0x0000017f530ee3f0 JavaThread "Signal Dispatcher" daemon [_thread_blocked, id=14116, stack(0x000000666ad00000,0x000000666ae00000)]
  0x0000017f530eeda0 JavaThread "Attach Listener" daemon [_thread_blocked, id=16580, stack(0x000000666ae00000,0x000000666af00000)]
  0x0000017f530ef750 JavaThread "Service Thread" daemon [_thread_blocked, id=5008, stack(0x000000666af00000,0x000000666b000000)]
  0x0000017f530f0100 JavaThread "Monitor Deflation Thread" daemon [_thread_blocked, id=3212, stack(0x000000666b000000,0x000000666b100000)]
=>0x0000017f530f1aa0 JavaThread "C2 CompilerThread0" daemon [_thread_in_native, id=10844, stack(0x000000666b100000,0x000000666b200000)]
  0x0000017f530fda50 JavaThread "C1 CompilerThread0" daemon [_thread_in_vm, id=6096, stack(0x000000666b200000,0x000000666b300000)]
  0x0000017f530fe440 JavaThread "Sweeper thread" daemon [_thread_blocked, id=11840, stack(0x000000666b300000,0x000000666b400000)]
  0x0000017f53ca1a70 JavaThread "Common-Cleaner" daemon [_thread_blocked, id=9036, stack(0x000000666b400000,0x000000666b500000)]
  0x0000017f53f13ef0 JavaThread "Monitor Ctrl-Break" daemon [_thread_in_native, id=18424, stack(0x000000666b500000,0x000000666b600000)]
  0x0000017f53f3c8a0 JavaThread "Notification Thread" daemon [_thread_blocked, id=14028, stack(0x000000666b600000,0x000000666b700000)]
  0x0000017f5559f030 JavaThread "Catalina-utility-1" [_thread_blocked, id=5740, stack(0x000000666c100000,0x000000666c200000)]
  0x0000017f5510e9a0 JavaThread "Catalina-utility-2" [_thread_blocked, id=2636, stack(0x000000666c200000,0x000000666c300000)]
  0x0000017f577ead50 JavaThread "container-0" [_thread_blocked, id=8240, stack(0x000000666c300000,0x000000666c400000)]
  0x0000017f5781f6b0 JavaThread "mysql-cj-abandoned-connection-cleanup" daemon [_thread_blocked, id=5924, stack(0x000000666c400000,0x000000666c500000)]
  0x0000017f54f4ec20 JavaThread "HikariPool-1 housekeeper" daemon [_thread_blocked, id=2684, stack(0x000000666c600000,0x000000666c700000)]
  0x0000017f54f4e280 JavaThread "HikariPool-1 connection adder" daemon [_thread_blocked, id=16284, stack(0x000000666c700000,0x000000666c800000)]
  0x0000017f54f4f0f0 JavaThread "http-nio-8080-exec-1" daemon [_thread_blocked, id=8832, stack(0x000000666c800000,0x000000666c900000)]
  0x0000017f54f50900 JavaThread "http-nio-8080-exec-2" daemon [_thread_blocked, id=8992, stack(0x000000666c900000,0x000000666ca00000)]
  0x0000017f54f4ddb0 JavaThread "http-nio-8080-exec-3" daemon [_thread_in_Java, id=15692, stack(0x000000666ca00000,0x000000666cb00000)]
  0x0000017f54f4fa90 JavaThread "http-nio-8080-exec-4" daemon [_thread_blocked, id=19400, stack(0x000000666cb00000,0x000000666cc00000)]
  0x0000017f54f50dd0 JavaThread "http-nio-8080-exec-5" daemon [_thread_blocked, id=17120, stack(0x000000666cc00000,0x000000666cd00000)]
  0x0000017f54f4e750 JavaThread "http-nio-8080-exec-6" daemon [_thread_blocked, id=2384, stack(0x000000666cd00000,0x000000666ce00000)]
  0x0000017f54f4f5c0 JavaThread "http-nio-8080-exec-7" daemon [_thread_blocked, id=12972, stack(0x000000666ce00000,0x000000666cf00000)]
  0x0000017f59751c20 JavaThread "http-nio-8080-exec-8" daemon [_thread_in_Java, id=7592, stack(0x000000666cf00000,0x000000666d000000)]
  0x0000017f59753900 JavaThread "http-nio-8080-exec-9" daemon [_thread_blocked, id=14348, stack(0x000000666d000000,0x000000666d100000)]
  0x0000017f597520f0 JavaThread "http-nio-8080-exec-10" daemon [_thread_in_Java, id=11244, stack(0x000000666d100000,0x000000666d200000)]
  0x0000017f59756920 JavaThread "http-nio-8080-Poller" daemon [_thread_in_native, id=9412, stack(0x000000666d200000,0x000000666d300000)]
  0x0000017f5974f0d0 JavaThread "http-nio-8080-Acceptor" daemon [_thread_in_native, id=6108, stack(0x000000666d300000,0x000000666d400000)]
  0x0000017f59755110 JavaThread "DestroyJavaVM" [_thread_blocked, id=4388, stack(0x000000666a400000,0x000000666a500000)]

Other Threads:
  0x0000017f530d5930 VMThread "VM Thread" [stack: 0x000000666aa00000,0x000000666ab00000] [id=12176]
  0x0000017f35221900 WatcherThread [stack: 0x000000666b700000,0x000000666b800000] [id=17884]
  0x0000017f352791e0 GCTaskThread "GC Thread#0" [stack: 0x000000666a500000,0x000000666a600000] [id=10176]
  0x0000017f54763510 GCTaskThread "GC Thread#1" [stack: 0x000000666b800000,0x000000666b900000] [id=5872]
  0x0000017f547637c0 GCTaskThread "GC Thread#2" [stack: 0x000000666b900000,0x000000666ba00000] [id=12800]
  0x0000017f545ae730 GCTaskThread "GC Thread#3" [stack: 0x000000666ba00000,0x000000666bb00000] [id=9496]
  0x0000017f54661c80 GCTaskThread "GC Thread#4" [stack: 0x000000666bb00000,0x000000666bc00000] [id=19364]
  0x0000017f54661f30 GCTaskThread "GC Thread#5" [stack: 0x000000666bc00000,0x000000666bd00000] [id=2784]
  0x0000017f547248a0 GCTaskThread "GC Thread#6" [stack: 0x000000666bd00000,0x000000666be00000] [id=8080]
  0x0000017f54e26c50 GCTaskThread "GC Thread#7" [stack: 0x000000666c000000,0x000000666c100000] [id=17640]
  0x0000017f331eddf0 ConcurrentGCThread "G1 Main Marker" [stack: 0x000000666a600000,0x000000666a700000] [id=17056]
  0x0000017f331ee6a0 ConcurrentGCThread "G1 Conc#0" [stack: 0x000000666a700000,0x000000666a800000] [id=1284]
  0x0000017f54c8ae30 ConcurrentGCThread "G1 Conc#1" [stack: 0x000000666bf00000,0x000000666c000000] [id=12632]
  0x0000017f352d9470 ConcurrentGCThread "G1 Refine#0" [stack: 0x000000666a800000,0x000000666a900000] [id=2836]
  0x0000017f54019010 ConcurrentGCThread "G1 Refine#1" [stack: 0x000000666be00000,0x000000666bf00000] [id=19068]
  0x0000017f352d9d30 ConcurrentGCThread "G1 Service" [stack: 0x000000666a900000,0x000000666aa00000] [id=19036]

Threads with active compile tasks:
C2 CompilerThread0     6704 5338       4       org.springframework.core.annotation.TypeMappedAnnotations::scan (62 bytes)
C1 CompilerThread0     6704 8268       2       org.hibernate.internal.NonContextualJdbcConnectionAccess::<init> (25 bytes)

VM state: not at safepoint (normal execution)

VM Mutex/Monitor currently owned by a thread: None

Heap address: 0x0000000083e00000, size: 1986 MB, Compressed Oops mode: 32-bit

CDS archive(s) mapped at: [0x0000000800000000-0x0000000800bc0000-0x0000000800bc0000), size 12320768, SharedBaseAddress: 0x0000000800000000, ArchiveRelocationMode: 0.
Compressed class space mapped at: 0x0000000800c00000-0x0000000840c00000, reserved size: 1073741824
Narrow klass base: 0x0000000800000000, Narrow klass shift: 0, Narrow klass range: 0x100000000

GC Precious Log:
 CPUs: 8 total, 8 available
 Memory: 7941M
 Large Page Support: Disabled
 NUMA Support: Disabled
 Compressed Oops: Enabled (32-bit)
 Heap Region Size: 1M
 Heap Min Capacity: 8M
 Heap Initial Capacity: 126M
 Heap Max Capacity: 1986M
 Pre-touch: Disabled
 Parallel Workers: 8
 Concurrent Workers: 2
 Concurrent Refinement Workers: 8
 Periodic GC: Disabled

Heap:
 garbage-first heap   total 84992K, used 42085K [0x0000000083e00000, 0x0000000100000000)
  region size 1024K, 11 young (11264K), 1 survivors (1024K)
 Metaspace       used 62282K, committed 62720K, reserved 1105920K
  class space    used 8099K, committed 8320K, reserved 1048576K

Heap Regions: E=young(eden), S=young(survivor), O=old, HS=humongous(starts), HC=humongous(continues), CS=collection set, F=free, OA=open archive, CA=closed archive, TAMS=top-at-mark-start (previous, next)
|   0|0x0000000083e00000, 0x0000000083f00000, 0x0000000083f00000|100%|HS|  |TAMS 0x0000000083f00000, 0x0000000083e00000| Complete 
|   1|0x0000000083f00000, 0x0000000084000000, 0x0000000084000000|100%|HS|  |TAMS 0x0000000084000000, 0x0000000083f00000| Complete 
|   2|0x0000000084000000, 0x0000000084100000, 0x0000000084100000|100%| O|  |TAMS 0x0000000084100000, 0x0000000084000000| Untracked 
|   3|0x0000000084100000, 0x0000000084200000, 0x0000000084200000|100%| O|  |TAMS 0x0000000084200000, 0x0000000084100000| Untracked 
|   4|0x0000000084200000, 0x0000000084300000, 0x0000000084300000|100%| O|  |TAMS 0x0000000084300000, 0x0000000084200000| Untracked 
|   5|0x0000000084300000, 0x0000000084400000, 0x0000000084400000|100%| O|  |TAMS 0x0000000084400000, 0x0000000084300000| Untracked 
|   6|0x0000000084400000, 0x0000000084500000, 0x0000000084500000|100%| O|  |TAMS 0x0000000084500000, 0x0000000084400000| Untracked 
|   7|0x0000000084500000, 0x0000000084600000, 0x0000000084600000|100%| O|  |TAMS 0x0000000084600000, 0x0000000084500000| Untracked 
|   8|0x0000000084600000, 0x0000000084700000, 0x0000000084700000|100%| O|  |TAMS 0x0000000084700000, 0x0000000084600000| Untracked 
|   9|0x0000000084700000, 0x0000000084700000, 0x0000000084800000|  0%| F|  |TAMS 0x0000000084700000, 0x0000000084700000| Untracked 
|  10|0x0000000084800000, 0x0000000084900000, 0x0000000084900000|100%| O|  |TAMS 0x0000000084900000, 0x0000000084800000| Untracked 
|  11|0x0000000084900000, 0x0000000084a00000, 0x0000000084a00000|100%| O|  |TAMS 0x0000000084a00000, 0x0000000084900000| Untracked 
|  12|0x0000000084a00000, 0x0000000084b00000, 0x0000000084b00000|100%| O|  |TAMS 0x0000000084b00000, 0x0000000084a00000| Untracked 
|  13|0x0000000084b00000, 0x0000000084c00000, 0x0000000084c00000|100%| O|  |TAMS 0x0000000084c00000, 0x0000000084b00000| Untracked 
|  14|0x0000000084c00000, 0x0000000084d00000, 0x0000000084d00000|100%| O|  |TAMS 0x0000000084d00000, 0x0000000084c00000| Untracked 
|  15|0x0000000084d00000, 0x0000000084e00000, 0x0000000084e00000|100%| O|  |TAMS 0x0000000084e00000, 0x0000000084d00000| Untracked 
|  16|0x0000000084e00000, 0x0000000084f00000, 0x0000000084f00000|100%| O|  |TAMS 0x0000000084f00000, 0x0000000084e00000| Untracked 
|  17|0x0000000084f00000, 0x0000000085000000, 0x0000000085000000|100%| O|  |TAMS 0x0000000085000000, 0x0000000084f00000| Untracked 
|  18|0x0000000085000000, 0x0000000085100000, 0x0000000085100000|100%| O|  |TAMS 0x0000000085100000, 0x0000000085000000| Untracked 
|  19|0x0000000085100000, 0x0000000085200000, 0x0000000085200000|100%| O|  |TAMS 0x0000000085200000, 0x0000000085100000| Untracked 
|  20|0x0000000085200000, 0x0000000085300000, 0x0000000085300000|100%| O|  |TAMS 0x0000000085220800, 0x0000000085200000| Untracked 
|  21|0x0000000085300000, 0x0000000085400000, 0x0000000085400000|100%| O|  |TAMS 0x0000000085400000, 0x0000000085300000| Untracked 
|  22|0x0000000085400000, 0x0000000085500000, 0x0000000085500000|100%| O|  |TAMS 0x0000000085500000, 0x0000000085400000| Untracked 
|  23|0x0000000085500000, 0x0000000085600000, 0x0000000085600000|100%| O|  |TAMS 0x0000000085600000, 0x0000000085500000| Untracked 
|  24|0x0000000085600000, 0x0000000085700000, 0x0000000085700000|100%| O|  |TAMS 0x0000000085700000, 0x0000000085600000| Untracked 
|  25|0x0000000085700000, 0x0000000085800000, 0x0000000085800000|100%| O|  |TAMS 0x0000000085800000, 0x0000000085700000| Untracked 
|  26|0x0000000085800000, 0x0000000085900000, 0x0000000085900000|100%| O|  |TAMS 0x0000000085900000, 0x0000000085800000| Untracked 
|  27|0x0000000085900000, 0x0000000085a00000, 0x0000000085a00000|100%| O|  |TAMS 0x0000000085900000, 0x0000000085900000| Untracked 
|  28|0x0000000085a00000, 0x0000000085b00000, 0x0000000085b00000|100%| O|  |TAMS 0x0000000085a00000, 0x0000000085a00000| Untracked 
|  29|0x0000000085b00000, 0x0000000085c00000, 0x0000000085c00000|100%| O|  |TAMS 0x0000000085b00000, 0x0000000085b00000| Untracked 
|  30|0x0000000085c00000, 0x0000000085d00000, 0x0000000085d00000|100%| O|  |TAMS 0x0000000085c00000, 0x0000000085c00000| Untracked 
|  31|0x0000000085d00000, 0x0000000085e00000, 0x0000000085e00000|100%| O|  |TAMS 0x0000000085d00000, 0x0000000085d00000| Untracked 
|  32|0x0000000085e00000, 0x0000000085e84000, 0x0000000085f00000| 51%| O|  |TAMS 0x0000000085e00000, 0x0000000085e00000| Untracked 
|  33|0x0000000085f00000, 0x0000000085f00000, 0x0000000086000000|  0%| F|  |TAMS 0x0000000085f00000, 0x0000000085f00000| Untracked 
|  34|0x0000000086000000, 0x0000000086000000, 0x0000000086100000|  0%| F|  |TAMS 0x0000000086000000, 0x0000000086000000| Untracked 
|  35|0x0000000086100000, 0x0000000086100000, 0x0000000086200000|  0%| F|  |TAMS 0x0000000086100000, 0x0000000086100000| Untracked 
|  36|0x0000000086200000, 0x0000000086200000, 0x0000000086300000|  0%| F|  |TAMS 0x0000000086200000, 0x0000000086200000| Untracked 
|  37|0x0000000086300000, 0x0000000086300000, 0x0000000086400000|  0%| F|  |TAMS 0x0000000086300000, 0x0000000086300000| Untracked 
|  38|0x0000000086400000, 0x0000000086400000, 0x0000000086500000|  0%| F|  |TAMS 0x0000000086400000, 0x0000000086400000| Untracked 
|  39|0x0000000086500000, 0x0000000086500000, 0x0000000086600000|  0%| F|  |TAMS 0x0000000086500000, 0x0000000086500000| Untracked 
|  40|0x0000000086600000, 0x0000000086600000, 0x0000000086700000|  0%| F|  |TAMS 0x0000000086600000, 0x0000000086600000| Untracked 
|  41|0x0000000086700000, 0x0000000086700000, 0x0000000086800000|  0%| F|  |TAMS 0x0000000086700000, 0x0000000086700000| Untracked 
|  42|0x0000000086800000, 0x0000000086800000, 0x0000000086900000|  0%| F|  |TAMS 0x0000000086800000, 0x0000000086800000| Untracked 
|  43|0x0000000086900000, 0x0000000086900000, 0x0000000086a00000|  0%| F|  |TAMS 0x0000000086900000, 0x0000000086900000| Untracked 
|  44|0x0000000086a00000, 0x0000000086a00000, 0x0000000086b00000|  0%| F|  |TAMS 0x0000000086a00000, 0x0000000086a00000| Untracked 
|  45|0x0000000086b00000, 0x0000000086b00000, 0x0000000086c00000|  0%| F|  |TAMS 0x0000000086b00000, 0x0000000086b00000| Untracked 
|  46|0x0000000086c00000, 0x0000000086c00000, 0x0000000086d00000|  0%| F|  |TAMS 0x0000000086c00000, 0x0000000086c00000| Untracked 
|  47|0x0000000086d00000, 0x0000000086d00000, 0x0000000086e00000|  0%| F|  |TAMS 0x0000000086d00000, 0x0000000086d00000| Untracked 
|  48|0x0000000086e00000, 0x0000000086e00000, 0x0000000086f00000|  0%| F|  |TAMS 0x0000000086e00000, 0x0000000086e00000| Untracked 
|  49|0x0000000086f00000, 0x0000000086f00000, 0x0000000087000000|  0%| F|  |TAMS 0x0000000086f00000, 0x0000000086f00000| Untracked 
|  50|0x0000000087000000, 0x0000000087000000, 0x0000000087100000|  0%| F|  |TAMS 0x0000000087000000, 0x0000000087000000| Untracked 
|  51|0x0000000087100000, 0x0000000087100000, 0x0000000087200000|  0%| F|  |TAMS 0x0000000087100000, 0x0000000087100000| Untracked 
|  52|0x0000000087200000, 0x0000000087200000, 0x0000000087300000|  0%| F|  |TAMS 0x0000000087200000, 0x0000000087200000| Untracked 
|  53|0x0000000087300000, 0x0000000087300000, 0x0000000087400000|  0%| F|  |TAMS 0x0000000087300000, 0x0000000087300000| Untracked 
|  54|0x0000000087400000, 0x0000000087400000, 0x0000000087500000|  0%| F|  |TAMS 0x0000000087400000, 0x0000000087400000| Untracked 
|  55|0x0000000087500000, 0x0000000087500000, 0x0000000087600000|  0%| F|  |TAMS 0x0000000087500000, 0x0000000087500000| Untracked 
|  56|0x0000000087600000, 0x0000000087600000, 0x0000000087700000|  0%| F|  |TAMS 0x0000000087600000, 0x0000000087600000| Untracked 
|  57|0x0000000087700000, 0x0000000087700000, 0x0000000087800000|  0%| F|  |TAMS 0x0000000087700000, 0x0000000087700000| Untracked 
|  58|0x0000000087800000, 0x0000000087800000, 0x0000000087900000|  0%| F|  |TAMS 0x0000000087800000, 0x0000000087800000| Untracked 
|  59|0x0000000087900000, 0x0000000087900000, 0x0000000087a00000|  0%| F|  |TAMS 0x0000000087900000, 0x0000000087900000| Untracked 
|  60|0x0000000087a00000, 0x0000000087a00000, 0x0000000087b00000|  0%| F|  |TAMS 0x0000000087a00000, 0x0000000087a00000| Untracked 
|  61|0x0000000087b00000, 0x0000000087b00000, 0x0000000087c00000|  0%| F|  |TAMS 0x0000000087b00000, 0x0000000087b00000| Untracked 
|  62|0x0000000087c00000, 0x0000000087c00000, 0x0000000087d00000|  0%| F|  |TAMS 0x0000000087c00000, 0x0000000087c00000| Untracked 
|  63|0x0000000087d00000, 0x0000000087d00000, 0x0000000087e00000|  0%| F|  |TAMS 0x0000000087d00000, 0x0000000087d00000| Untracked 
|  64|0x0000000087e00000, 0x0000000087e00000, 0x0000000087f00000|  0%| F|  |TAMS 0x0000000087e00000, 0x0000000087e00000| Untracked 
|  65|0x0000000087f00000, 0x0000000087f00000, 0x0000000088000000|  0%| F|  |TAMS 0x0000000087f00000, 0x0000000087f00000| Untracked 
|  66|0x0000000088000000, 0x0000000088000000, 0x0000000088100000|  0%| F|  |TAMS 0x0000000088000000, 0x0000000088000000| Untracked 
|  67|0x0000000088100000, 0x0000000088100000, 0x0000000088200000|  0%| F|  |TAMS 0x0000000088100000, 0x0000000088100000| Untracked 
|  68|0x0000000088200000, 0x0000000088200000, 0x0000000088300000|  0%| F|  |TAMS 0x0000000088200000, 0x0000000088200000| Untracked 
|  69|0x0000000088300000, 0x0000000088300000, 0x0000000088400000|  0%| F|  |TAMS 0x0000000088300000, 0x0000000088300000| Untracked 
|  70|0x0000000088400000, 0x0000000088400000, 0x0000000088500000|  0%| F|  |TAMS 0x0000000088400000, 0x0000000088400000| Untracked 
|  71|0x0000000088500000, 0x0000000088500000, 0x0000000088600000|  0%| F|  |TAMS 0x0000000088500000, 0x0000000088500000| Untracked 
|  72|0x0000000088600000, 0x00000000886bc2c0, 0x0000000088700000| 73%| E|  |TAMS 0x0000000088600000, 0x0000000088600000| Complete 
|  73|0x0000000088700000, 0x0000000088800000, 0x0000000088800000|100%| E|CS|TAMS 0x0000000088700000, 0x0000000088700000| Complete 
|  74|0x0000000088800000, 0x0000000088900000, 0x0000000088900000|100%| E|CS|TAMS 0x0000000088800000, 0x0000000088800000| Complete 
|  75|0x0000000088900000, 0x0000000088a00000, 0x0000000088a00000|100%| E|CS|TAMS 0x0000000088900000, 0x0000000088900000| Complete 
|  76|0x0000000088a00000, 0x0000000088b00000, 0x0000000088b00000|100%| E|CS|TAMS 0x0000000088a00000, 0x0000000088a00000| Complete 
|  77|0x0000000088b00000, 0x0000000088c00000, 0x0000000088c00000|100%| E|CS|TAMS 0x0000000088b00000, 0x0000000088b00000| Complete 
|  78|0x0000000088c00000, 0x0000000088d00000, 0x0000000088d00000|100%| E|CS|TAMS 0x0000000088c00000, 0x0000000088c00000| Complete 
|  79|0x0000000088d00000, 0x0000000088e00000, 0x0000000088e00000|100%| E|CS|TAMS 0x0000000088d00000, 0x0000000088d00000| Complete 
|  80|0x0000000088e00000, 0x0000000088f00000, 0x0000000088f00000|100%| E|CS|TAMS 0x0000000088e00000, 0x0000000088e00000| Complete 
|  81|0x0000000088f00000, 0x0000000088f95420, 0x0000000089000000| 58%| S|CS|TAMS 0x0000000088f00000, 0x0000000088f00000| Complete 
| 125|0x000000008bb00000, 0x000000008bc00000, 0x000000008bc00000|100%| E|CS|TAMS 0x000000008bb00000, 0x000000008bb00000| Complete 

Card table byte_map: [0x0000017f4c1a0000,0x0000017f4c590000] _byte_map_base: 0x0000017f4bd81000

Marking Bits (Prev, Next): (CMBitMap*) 0x0000017f35279830, (CMBitMap*) 0x0000017f352797f0
 Prev Bits: [0x0000017f4e890000, 0x0000017f50798000)
 Next Bits: [0x0000017f4c980000, 0x0000017f4e888000)

Polling page: 0x0000017f349e0000

Metaspace:

Usage:
  Non-class:     52.92 MB used.
      Class:      7.91 MB used.
       Both:     60.83 MB used.

Virtual space:
  Non-class space:       56.00 MB reserved,      53.12 MB ( 95%) committed,  7 nodes.
      Class space:        1.00 GB reserved,       8.12 MB ( <1%) committed,  1 nodes.
             Both:        1.05 GB reserved,      61.25 MB (  6%) committed. 

Chunk freelists:
   Non-Class:  1.95 MB
       Class:  3.93 MB
        Both:  5.88 MB

MaxMetaspaceSize: unlimited
CompressedClassSpaceSize: 1.00 GB
Initial GC threshold: 21.00 MB
Current GC threshold: 99.00 MB
CDS: on
MetaspaceReclaimPolicy: balanced
 - commit_granule_bytes: 65536.
 - commit_granule_words: 8192.
 - virtual_space_node_default_size: 1048576.
 - enlarge_chunks_in_place: 1.
 - new_chunks_are_fully_committed: 0.
 - uncommit_free_chunks: 1.
 - use_allocation_guard: 0.
 - handle_deallocations: 1.


Internal statistics:

num_allocs_failed_limit: 13.
num_arena_births: 516.
num_arena_deaths: 0.
num_vsnodes_births: 8.
num_vsnodes_deaths: 0.
num_space_committed: 980.
num_space_uncommitted: 0.
num_chunks_returned_to_freelist: 13.
num_chunks_taken_from_freelist: 2837.
num_chunk_merges: 13.
num_chunk_splits: 2012.
num_chunks_enlarged: 1578.
num_purges: 0.
num_inconsistent_stats: 0.

CodeHeap 'non-profiled nmethods': size=120000Kb used=2719Kb max_used=2919Kb free=117280Kb
 bounds [0x0000017f44550000, 0x0000017f44840000, 0x0000017f4ba80000]
CodeHeap 'profiled nmethods': size=120000Kb used=12696Kb max_used=12696Kb free=107303Kb
 bounds [0x0000017f3d020000, 0x0000017f3dc90000, 0x0000017f44550000]
CodeHeap 'non-nmethods': size=5760Kb used=1327Kb max_used=1370Kb free=4432Kb
 bounds [0x0000017f3ca80000, 0x0000017f3ccf0000, 0x0000017f3d020000]
 total_blobs=8118 nmethods=7481 adapters=547
 compilation: enabled
              stopped_count=0, restarted_count=0
 full_count=0

Compilation events (20 events):
Event: 6.680 Thread 0x0000017f530fda50 8235   !   2       org.hibernate.internal.SessionFactoryImpl::configuredInterceptor (123 bytes)
Event: 6.680 Thread 0x0000017f530fda50 nmethod 8235 0x0000017f3dc73410 code [0x0000017f3dc73640, 0x0000017f3dc73bd8]
Event: 6.680 Thread 0x0000017f530fda50 8236       2       ch.qos.logback.classic.PatternLayout::doLayout (16 bytes)
Event: 6.680 Thread 0x0000017f530fda50 nmethod 8236 0x0000017f3dc73e90 code [0x0000017f3dc74040, 0x0000017f3dc741a8]
Event: 6.680 Thread 0x0000017f530fda50 8231       2       org.apache.coyote.Request::setRequestThread (11 bytes)
Event: 6.680 Thread 0x0000017f530fda50 nmethod 8231 0x0000017f3dc74290 code [0x0000017f3dc74420, 0x0000017f3dc74538]
Event: 6.680 Thread 0x0000017f530fda50 8237       2       org.springframework.security.authentication.AnonymousAuthenticationToken::<init> (53 bytes)
Event: 6.681 Thread 0x0000017f530fda50 nmethod 8237 0x0000017f3dc74610 code [0x0000017f3dc74800, 0x0000017f3dc74be8]
Event: 6.681 Thread 0x0000017f530fda50 8239       2       org.hibernate.internal.SessionFactoryImpl$SessionBuilderImpl::getInterceptor (19 bytes)
Event: 6.681 Thread 0x0000017f530fda50 nmethod 8239 0x0000017f3dc74e10 code [0x0000017f3dc74fa0, 0x0000017f3dc750e8]
Event: 6.681 Thread 0x0000017f530fda50 8241       2       org.springframework.http.converter.xml.SourceHttpMessageConverter::supports (10 bytes)
Event: 6.681 Thread 0x0000017f530fda50 nmethod 8241 0x0000017f3dc75210 code [0x0000017f3dc753c0, 0x0000017f3dc75508]
Event: 6.681 Thread 0x0000017f530fda50 8238       2       org.springframework.web.servlet.mvc.condition.ConsumesRequestCondition::compareTo (84 bytes)
Event: 6.681 Thread 0x0000017f530fda50 nmethod 8238 0x0000017f3dc75610 code [0x0000017f3dc75820, 0x0000017f3dc75be8]
Event: 6.681 Thread 0x0000017f530fda50 8242       2       org.springframework.core.GenericTypeResolver::resolveType (212 bytes)
Event: 6.682 Thread 0x0000017f530fda50 nmethod 8242 0x0000017f3dc75d90 code [0x0000017f3dc76040, 0x0000017f3dc76b88]
Event: 6.682 Thread 0x0000017f530fda50 8243       2       com.fasterxml.jackson.databind.SerializationFeature::enabledIn (15 bytes)
Event: 6.682 Thread 0x0000017f530fda50 nmethod 8243 0x0000017f3dc77190 code [0x0000017f3dc77320, 0x0000017f3dc77438]
Event: 6.682 Thread 0x0000017f530fda50 8240       2       org.springframework.web.context.request.ServletRequestAttributes::setAttribute (62 bytes)
Event: 6.682 Thread 0x0000017f530fda50 nmethod 8240 0x0000017f3dc77510 code [0x0000017f3dc77700, 0x0000017f3dc77ab8]

GC Heap History (20 events):
Event: 3.056 GC heap before
{Heap before GC invocations=6 (full 0):
 garbage-first heap   total 58368K, used 35656K [0x0000000083e00000, 0x0000000100000000)
  region size 1024K, 18 young (18432K), 2 survivors (2048K)
 Metaspace       used 35729K, committed 35968K, reserved 1081344K
  class space    used 4692K, committed 4800K, reserved 1048576K
}
Event: 3.059 GC heap after
{Heap after GC invocations=7 (full 0):
 garbage-first heap   total 70656K, used 20951K [0x0000000083e00000, 0x0000000100000000)
  region size 1024K, 3 young (3072K), 3 survivors (3072K)
 Metaspace       used 35729K, committed 35968K, reserved 1081344K
  class space    used 4692K, committed 4800K, reserved 1048576K
}
Event: 3.581 GC heap before
{Heap before GC invocations=8 (full 0):
 garbage-first heap   total 70656K, used 50647K [0x0000000083e00000, 0x0000000100000000)
  region size 1024K, 32 young (32768K), 3 survivors (3072K)
 Metaspace       used 43487K, committed 43840K, reserved 1089536K
  class space    used 5871K, committed 6016K, reserved 1048576K
}
Event: 3.584 GC heap after
{Heap after GC invocations=9 (full 0):
 garbage-first heap   total 70656K, used 23545K [0x0000000083e00000, 0x0000000100000000)
  region size 1024K, 4 young (4096K), 4 survivors (4096K)
 Metaspace       used 43487K, committed 43840K, reserved 1089536K
  class space    used 5871K, committed 6016K, reserved 1048576K
}
Event: 3.985 GC heap before
{Heap before GC invocations=9 (full 0):
 garbage-first heap   total 70656K, used 52217K [0x0000000083e00000, 0x0000000100000000)
  region size 1024K, 32 young (32768K), 4 survivors (4096K)
 Metaspace       used 47475K, committed 47808K, reserved 1097728K
  class space    used 6342K, committed 6528K, reserved 1048576K
}
Event: 3.989 GC heap after
{Heap after GC invocations=10 (full 0):
 garbage-first heap   total 70656K, used 25146K [0x0000000083e00000, 0x0000000100000000)
  region size 1024K, 2 young (2048K), 2 survivors (2048K)
 Metaspace       used 47475K, committed 47808K, reserved 1097728K
  class space    used 6342K, committed 6528K, reserved 1048576K
}
Event: 4.223 GC heap before
{Heap before GC invocations=10 (full 0):
 garbage-first heap   total 70656K, used 52794K [0x0000000083e00000, 0x0000000100000000)
  region size 1024K, 29 young (29696K), 2 survivors (2048K)
 Metaspace       used 50149K, committed 50496K, reserved 1097728K
  class space    used 6728K, committed 6912K, reserved 1048576K
}
Event: 4.226 GC heap after
{Heap after GC invocations=11 (full 0):
 garbage-first heap   total 70656K, used 26340K [0x0000000083e00000, 0x0000000100000000)
  region size 1024K, 4 young (4096K), 4 survivors (4096K)
 Metaspace       used 50149K, committed 50496K, reserved 1097728K
  class space    used 6728K, committed 6912K, reserved 1048576K
}
Event: 4.370 GC heap before
{Heap before GC invocations=11 (full 0):
 garbage-first heap   total 70656K, used 52964K [0x0000000083e00000, 0x0000000100000000)
  region size 1024K, 30 young (30720K), 4 survivors (4096K)
 Metaspace       used 50847K, committed 51200K, reserved 1097728K
  class space    used 6817K, committed 6976K, reserved 1048576K
}
Event: 4.374 GC heap after
{Heap after GC invocations=12 (full 0):
 garbage-first heap   total 70656K, used 27444K [0x0000000083e00000, 0x0000000100000000)
  region size 1024K, 3 young (3072K), 3 survivors (3072K)
 Metaspace       used 50847K, committed 51200K, reserved 1097728K
  class space    used 6817K, committed 6976K, reserved 1048576K
}
Event: 4.473 GC heap before
{Heap before GC invocations=12 (full 0):
 garbage-first heap   total 70656K, used 55092K [0x0000000083e00000, 0x0000000100000000)
  region size 1024K, 30 young (30720K), 3 survivors (3072K)
 Metaspace       used 51184K, committed 51584K, reserved 1097728K
  class space    used 6846K, committed 7040K, reserved 1048576K
}
Event: 4.477 GC heap after
{Heap after GC invocations=13 (full 0):
 garbage-first heap   total 84992K, used 28095K [0x0000000083e00000, 0x0000000100000000)
  region size 1024K, 2 young (2048K), 2 survivors (2048K)
 Metaspace       used 51184K, committed 51584K, reserved 1097728K
  class space    used 6846K, committed 7040K, reserved 1048576K
}
Event: 4.911 GC heap before
{Heap before GC invocations=13 (full 0):
 garbage-first heap   total 84992K, used 67007K [0x0000000083e00000, 0x0000000100000000)
  region size 1024K, 40 young (40960K), 2 survivors (2048K)
 Metaspace       used 55117K, committed 55488K, reserved 1097728K
  class space    used 7406K, committed 7616K, reserved 1048576K
}
Event: 4.916 GC heap after
{Heap after GC invocations=14 (full 0):
 garbage-first heap   total 84992K, used 30942K [0x0000000083e00000, 0x0000000100000000)
  region size 1024K, 5 young (5120K), 5 survivors (5120K)
 Metaspace       used 55117K, committed 55488K, reserved 1097728K
  class space    used 7406K, committed 7616K, reserved 1048576K
}
Event: 5.159 GC heap before
{Heap before GC invocations=14 (full 0):
 garbage-first heap   total 84992K, used 56542K [0x0000000083e00000, 0x0000000100000000)
  region size 1024K, 31 young (31744K), 5 survivors (5120K)
 Metaspace       used 60141K, committed 60480K, reserved 1105920K
  class space    used 8022K, committed 8192K, reserved 1048576K
}
Event: 5.165 GC heap after
{Heap after GC invocations=15 (full 0):
 garbage-first heap   total 84992K, used 32940K [0x0000000083e00000, 0x0000000100000000)
  region size 1024K, 3 young (3072K), 3 survivors (3072K)
 Metaspace       used 60141K, committed 60480K, reserved 1105920K
  class space    used 8022K, committed 8192K, reserved 1048576K
}
Event: 6.395 GC heap before
{Heap before GC invocations=16 (full 0):
 garbage-first heap   total 84992K, used 66732K [0x0000000083e00000, 0x0000000100000000)
  region size 1024K, 36 young (36864K), 3 survivors (3072K)
 Metaspace       used 61908K, committed 62336K, reserved 1105920K
  class space    used 8097K, committed 8320K, reserved 1048576K
}
Event: 6.397 GC heap after
{Heap after GC invocations=17 (full 0):
 garbage-first heap   total 84992K, used 33007K [0x0000000083e00000, 0x0000000100000000)
  region size 1024K, 3 young (3072K), 3 survivors (3072K)
 Metaspace       used 61908K, committed 62336K, reserved 1105920K
  class space    used 8097K, committed 8320K, reserved 1048576K
}
Event: 6.423 GC heap before
{Heap before GC invocations=17 (full 0):
 garbage-first heap   total 84992K, used 34031K [0x0000000083e00000, 0x0000000100000000)
  region size 1024K, 4 young (4096K), 3 survivors (3072K)
 Metaspace       used 61943K, committed 62336K, reserved 1105920K
  class space    used 8097K, committed 8320K, reserved 1048576K
}
Event: 6.427 GC heap after
{Heap after GC invocations=18 (full 0):
 garbage-first heap   total 84992K, used 32869K [0x0000000083e00000, 0x0000000100000000)
  region size 1024K, 1 young (1024K), 1 survivors (1024K)
 Metaspace       used 61943K, committed 62336K, reserved 1105920K
  class space    used 8097K, committed 8320K, reserved 1048576K
}

Deoptimization events (20 events):
Event: 5.882 Thread 0x0000017f54f4fa90 Uncommon trap: trap_request=0xffffffde fr.pc=0x0000017f446c234c relative=0x00000000000035cc
Event: 5.882 Thread 0x0000017f54f4f5c0 Uncommon trap: reason=class_check action=maybe_recompile pc=0x0000017f446c234c method=org.springframework.core.MethodParameter.getGenericParameterType()Ljava/lang/reflect/Type; @ 17 c2
Event: 5.882 Thread 0x0000017f54f4ddb0 Uncommon trap: reason=class_check action=maybe_recompile pc=0x0000017f446c234c method=org.springframework.core.MethodParameter.getGenericParameterType()Ljava/lang/reflect/Type; @ 17 c2
Event: 5.882 Thread 0x0000017f54f4fa90 Uncommon trap: reason=class_check action=maybe_recompile pc=0x0000017f446c234c method=org.springframework.core.MethodParameter.getGenericParameterType()Ljava/lang/reflect/Type; @ 17 c2
Event: 5.882 Thread 0x0000017f54f4f5c0 DEOPT PACKING pc=0x0000017f446c234c sp=0x000000666cefb9e0
Event: 5.882 Thread 0x0000017f54f4ddb0 DEOPT PACKING pc=0x0000017f446c234c sp=0x000000666cafb950
Event: 5.882 Thread 0x0000017f54f4ddb0 DEOPT UNPACKING pc=0x0000017f3cad5c23 sp=0x000000666cafb7e8 mode 2
Event: 5.882 Thread 0x0000017f54f4f5c0 DEOPT UNPACKING pc=0x0000017f3cad5c23 sp=0x000000666cefb878 mode 2
Event: 5.882 Thread 0x0000017f54f4fa90 DEOPT PACKING pc=0x0000017f446c234c sp=0x000000666cbfbf00
Event: 5.882 Thread 0x0000017f54f4fa90 DEOPT UNPACKING pc=0x0000017f3cad5c23 sp=0x000000666cbfbd98 mode 2
Event: 5.898 Thread 0x0000017f59751c20 Uncommon trap: trap_request=0xffffffde fr.pc=0x0000017f446c234c relative=0x00000000000035cc
Event: 5.898 Thread 0x0000017f59751c20 Uncommon trap: reason=class_check action=maybe_recompile pc=0x0000017f446c234c method=org.springframework.core.MethodParameter.getGenericParameterType()Ljava/lang/reflect/Type; @ 17 c2
Event: 5.898 Thread 0x0000017f59751c20 DEOPT PACKING pc=0x0000017f446c234c sp=0x000000666cffbbb0
Event: 5.898 Thread 0x0000017f59751c20 DEOPT UNPACKING pc=0x0000017f3cad5c23 sp=0x000000666cffba48 mode 2
Event: 5.988 Thread 0x0000017f54f4ddb0 DEOPT PACKING pc=0x0000017f3d5a9e4a sp=0x000000666cafb350
Event: 5.988 Thread 0x0000017f54f4ddb0 DEOPT UNPACKING pc=0x0000017f3cad6763 sp=0x000000666cafa7f8 mode 0
Event: 6.397 Thread 0x0000017f54f50900 DEOPT PACKING pc=0x0000017f3d82ce3a sp=0x000000666c9fb280
Event: 6.397 Thread 0x0000017f54f50900 DEOPT UNPACKING pc=0x0000017f3cad6763 sp=0x000000666c9fa720 mode 0
Event: 6.478 Thread 0x0000017f54f4f5c0 DEOPT PACKING pc=0x0000017f3dc2d4b1 sp=0x000000666cefcb90
Event: 6.478 Thread 0x0000017f54f4f5c0 DEOPT UNPACKING pc=0x0000017f3cad6763 sp=0x000000666cefc090 mode 0

Classes unloaded (0 events):
No events

Classes redefined (0 events):
No events

Internal exceptions (20 events):
Event: 4.522 Thread 0x0000017f35220560 Exception <a 'java/lang/ClassNotFoundException'{0x0000000088efa9b8}: org/springframework/web/context/ServletContextAwareCustomizer> (0x0000000088efa9b8) 
thrown [s\open\src\hotspot\share\classfile\systemDictionary.cpp, line 256]
Event: 4.523 Thread 0x0000017f35220560 Exception <a 'java/lang/ClassNotFoundException'{0x0000000088efefd8}: org/springframework/beans/factory/AwareCustomizer> (0x0000000088efefd8) 
thrown [s\open\src\hotspot\share\classfile\systemDictionary.cpp, line 256]
Event: 4.553 Thread 0x0000017f35220560 Exception <a 'java/lang/ClassNotFoundException'{0x0000000088b542d0}: java/lang/ObjectCustomizer> (0x0000000088b542d0) 
thrown [s\open\src\hotspot\share\classfile\systemDictionary.cpp, line 256]
Event: 4.553 Thread 0x0000017f35220560 Exception <a 'java/lang/ClassNotFoundException'{0x0000000088b5b3e0}: org/springframework/security/config/annotation/web/configuration/WebSecurityConfigurationCustomizer> (0x0000000088b5b3e0) 
thrown [s\open\src\hotspot\share\classfile\systemDictionary.cpp, line 256]
Event: 4.553 Thread 0x0000017f35220560 Exception <a 'java/lang/ClassNotFoundException'{0x0000000088b67be0}: org/springframework/context/annotation/ImportAwareCustomizer> (0x0000000088b67be0) 
thrown [s\open\src\hotspot\share\classfile\systemDictionary.cpp, line 256]
Event: 4.553 Thread 0x0000017f35220560 Exception <a 'java/lang/ClassNotFoundException'{0x0000000088b6be10}: org/springframework/beans/factory/AwareCustomizer> (0x0000000088b6be10) 
thrown [s\open\src\hotspot\share\classfile\systemDictionary.cpp, line 256]
Event: 4.554 Thread 0x0000017f35220560 Exception <a 'java/lang/ClassNotFoundException'{0x0000000088b6f400}: org/springframework/beans/factory/BeanClassLoaderAwareCustomizer> (0x0000000088b6f400) 
thrown [s\open\src\hotspot\share\classfile\systemDictionary.cpp, line 256]
Event: 4.554 Thread 0x0000017f35220560 Exception <a 'java/lang/ClassNotFoundException'{0x0000000088b73610}: org/springframework/beans/factory/AwareCustomizer> (0x0000000088b73610) 
thrown [s\open\src\hotspot\share\classfile\systemDictionary.cpp, line 256]
Event: 4.573 Thread 0x0000017f35220560 Implicit null exception at 0x0000017f44651d41 to 0x0000017f4465210f
Event: 4.663 Thread 0x0000017f35220560 Exception <a 'java/lang/ClassNotFoundException'{0x0000000088220c68}: java/lang/ObjectCustomizer> (0x0000000088220c68) 
thrown [s\open\src\hotspot\share\classfile\systemDictionary.cpp, line 256]
Event: 4.663 Thread 0x0000017f35220560 Exception <a 'java/lang/ClassNotFoundException'{0x0000000088227d88}: org/springframework/security/config/annotation/web/configuration/HttpSecurityConfigurationCustomizer> (0x0000000088227d88) 
thrown [s\open\src\hotspot\share\classfile\systemDictionary.cpp, line 256]
Event: 4.760 Thread 0x0000017f35220560 Exception <a 'java/lang/NoSuchMethodError'{0x0000000087aca3f0}: 'void java.lang.invoke.DirectMethodHandle$Holder.invokeVirtual(java.lang.Object, java.lang.Object, int)'> (0x0000000087aca3f0) 
thrown [s\open\src\hotspot\share\interpreter\linkResolver.cpp, line 759]
Event: 4.761 Thread 0x0000017f35220560 Exception <a 'java/lang/NoSuchMethodError'{0x0000000087ae4f98}: 'void java.lang.invoke.DirectMethodHandle$Holder.invokeVirtual(java.lang.Object, java.lang.Object, long)'> (0x0000000087ae4f98) 
thrown [s\open\src\hotspot\share\interpreter\linkResolver.cpp, line 759]
Event: 4.847 Thread 0x0000017f35220560 Exception <a 'java/lang/IncompatibleClassChangeError'{0x00000000872720d0}: Found class java.lang.Object, but interface was expected> (0x00000000872720d0) 
thrown [s\open\src\hotspot\share\interpreter\linkResolver.cpp, line 826]
Event: 4.870 Thread 0x0000017f35220560 Exception <a 'java/lang/NoSuchMethodError'{0x000000008709e388}: 'int java.lang.invoke.DirectMethodHandle$Holder.invokeStaticInit(java.lang.Object, java.lang.Object, java.lang.Object, java.lang.Object)'> (0x000000008709e388) 
thrown [s\open\src\hotspot\share\interpreter\linkResolver.cpp, line 759]
Event: 4.959 Thread 0x0000017f35220560 Exception <a 'java/lang/NoSuchMethodError'{0x0000000088b380b8}: 'java.lang.Object java.lang.invoke.DirectMethodHandle$Holder.invokeSpecial(java.lang.Object, java.lang.Object, int, java.lang.Object, int, java.lang.Object)'> (0x0000000088b380b8) 
thrown [s\open\src\hotspot\share\interpreter\linkResolver.cpp, line 759]
Event: 4.959 Thread 0x0000017f35220560 Exception <a 'java/lang/NoSuchMethodError'{0x0000000088b3feb8}: 'java.lang.Object java.lang.invoke.DirectMethodHandle$Holder.newInvokeSpecial(java.lang.Object, java.lang.Object, int, java.lang.Object, int)'> (0x0000000088b3feb8) 
thrown [s\open\src\hotspot\share\interpreter\linkResolver.cpp, line 759]
Event: 4.960 Thread 0x0000017f35220560 Exception <a 'java/lang/NoSuchMethodError'{0x0000000088b43fb8}: 'java.lang.Object java.lang.invoke.DirectMethodHandle$Holder.invokeSpecial(java.lang.Object, java.lang.Object, java.lang.Object, int, java.lang.Object, int)'> (0x0000000088b43fb8) 
thrown [s\open\src\hotspot\share\interpreter\linkResolver.cpp, line 759]
Event: 4.960 Thread 0x0000017f35220560 Exception <a 'java/lang/NoSuchMethodError'{0x0000000088b4e308}: 'void java.lang.invoke.DirectMethodHandle$Holder.invokeVirtual(java.lang.Object, java.lang.Object)'> (0x0000000088b4e308) 
thrown [s\open\src\hotspot\share\interpreter\linkResolver.cpp, line 759]
Event: 5.107 Thread 0x0000017f35220560 Exception <a 'java/lang/NoSuchMethodError'{0x0000000087ce0e58}: 'java.lang.Object java.lang.invoke.DirectMethodHandle$Holder.invokeStaticInit(java.lang.Object, java.lang.Object, java.lang.Object, java.lang.Object, java.lang.Object, java.lang.Object)'> (0x0000000087ce0e58) 
thrown [s\open\src\hotspot\share\interpreter\linkResolver.cpp, line 759]

VM Operations (20 events):
Event: 5.204 Executing VM operation: G1Concurrent
Event: 5.204 Executing VM operation: G1Concurrent done
Event: 5.486 Executing VM operation: HandshakeAllThreads
Event: 5.486 Executing VM operation: HandshakeAllThreads done
Event: 5.561 Executing VM operation: HandshakeAllThreads
Event: 5.561 Executing VM operation: HandshakeAllThreads done
Event: 5.588 Executing VM operation: ICBufferFull
Event: 5.588 Executing VM operation: ICBufferFull done
Event: 5.588 Executing VM operation: ICBufferFull
Event: 5.588 Executing VM operation: ICBufferFull done
Event: 5.588 Executing VM operation: ICBufferFull
Event: 5.588 Executing VM operation: ICBufferFull done
Event: 5.629 Executing VM operation: HandshakeAllThreads
Event: 5.629 Executing VM operation: HandshakeAllThreads done
Event: 6.298 Executing VM operation: ICBufferFull
Event: 6.298 Executing VM operation: ICBufferFull done
Event: 6.395 Executing VM operation: G1CollectForAllocation
Event: 6.397 Executing VM operation: G1CollectForAllocation done
Event: 6.423 Executing VM operation: G1CollectForAllocation
Event: 6.427 Executing VM operation: G1CollectForAllocation done

Events (20 events):
Event: 5.635 Thread 0x0000017f530fe440 flushing nmethod 0x0000017f3d95d510
Event: 5.635 Thread 0x0000017f530fe440 flushing nmethod 0x0000017f3d9d7f90
Event: 5.635 Thread 0x0000017f530fe440 flushing nmethod 0x0000017f3d9e9f90
Event: 5.635 Thread 0x0000017f530fe440 flushing nmethod 0x0000017f3d9f2390
Event: 5.635 Thread 0x0000017f530fe440 flushing nmethod 0x0000017f3da03e10
Event: 5.635 Thread 0x0000017f530fe440 flushing nmethod 0x0000017f3da12210
Event: 5.635 Thread 0x0000017f530fe440 flushing nmethod 0x0000017f3da40310
Event: 5.635 Thread 0x0000017f530fe440 flushing nmethod 0x0000017f3da69310
Event: 5.635 Thread 0x0000017f530fe440 flushing nmethod 0x0000017f3da82e10
Event: 5.635 Thread 0x0000017f530fe440 flushing nmethod 0x0000017f3da8db10
Event: 5.635 Thread 0x0000017f530fe440 flushing nmethod 0x0000017f3da90990
Event: 5.636 Thread 0x0000017f530fe440 flushing nmethod 0x0000017f3dacce90
Event: 5.636 Thread 0x0000017f530fe440 flushing nmethod 0x0000017f3dad2710
Event: 5.636 Thread 0x0000017f530fe440 flushing nmethod 0x0000017f3dae2790
Event: 5.636 Thread 0x0000017f530fe440 flushing nmethod 0x0000017f3daf3e10
Event: 5.636 Thread 0x0000017f530fe440 flushing nmethod 0x0000017f3daf9e10
Event: 5.636 Thread 0x0000017f530fe440 flushing nmethod 0x0000017f3dafc890
Event: 5.636 Thread 0x0000017f530fe440 flushing nmethod 0x0000017f3db33890
Event: 5.636 Thread 0x0000017f530fe440 flushing nmethod 0x0000017f3db5d310
Event: 5.636 Thread 0x0000017f530fe440 flushing nmethod 0x0000017f3db84490


Dynamic libraries:
0x00007ff79d370000 - 0x00007ff79d380000 	C:\Program Files\Java\jdk-17.0.4\bin\java.exe
0x00007ffeef2f0000 - 0x00007ffeef504000 	C:\WINDOWS\SYSTEM32\ntdll.dll
0x00007ffeeea90000 - 0x00007ffeeeb53000 	C:\WINDOWS\System32\KERNEL32.DLL
0x00007ffeec9a0000 - 0x00007ffeecd3d000 	C:\WINDOWS\System32\KERNELBASE.dll
0x00007ffeecd40000 - 0x00007ffeece51000 	C:\WINDOWS\System32\ucrtbase.dll
0x00007ffe76180000 - 0x00007ffe7619a000 	C:\Program Files\Java\jdk-17.0.4\bin\VCRUNTIME140.dll
0x00007ffee1d70000 - 0x00007ffee1d88000 	C:\Program Files\Java\jdk-17.0.4\bin\jli.dll
0x00007ffeee130000 - 0x00007ffeee1de000 	C:\WINDOWS\System32\ADVAPI32.dll
0x00007ffeeef40000 - 0x00007ffeeefe7000 	C:\WINDOWS\System32\msvcrt.dll
0x00007ffeed2d0000 - 0x00007ffeed374000 	C:\WINDOWS\System32\sechost.dll
0x00007ffeeebf0000 - 0x00007ffeeed05000 	C:\WINDOWS\System32\RPCRT4.dll
0x00007ffeed120000 - 0x00007ffeed2cd000 	C:\WINDOWS\System32\USER32.dll
0x00007ffeed0b0000 - 0x00007ffeed0d6000 	C:\WINDOWS\System32\win32u.dll
0x00007ffeeeea0000 - 0x00007ffeeeec9000 	C:\WINDOWS\System32\GDI32.dll
0x00007ffeecf90000 - 0x00007ffeed0a2000 	C:\WINDOWS\System32\gdi32full.dll
0x00007ffeec880000 - 0x00007ffeec91a000 	C:\WINDOWS\System32\msvcp_win.dll
0x00007ffed9ed0000 - 0x00007ffeda15e000 	C:\WINDOWS\WinSxS\amd64_microsoft.windows.common-controls_6595b64144ccf1df_6.0.22621.608_none_a9444ca7c10bb01d\COMCTL32.dll
0x00007ffee22e0000 - 0x00007ffee22ea000 	C:\WINDOWS\SYSTEM32\VERSION.dll
0x00007ffeed0e0000 - 0x00007ffeed112000 	C:\WINDOWS\System32\IMM32.DLL
0x00007ffee92f0000 - 0x00007ffee92fc000 	C:\Program Files\Java\jdk-17.0.4\bin\vcruntime140_1.dll
0x00007ffe74160000 - 0x00007ffe741ed000 	C:\Program Files\Java\jdk-17.0.4\bin\msvcp140.dll
0x00007ffe654c0000 - 0x00007ffe66082000 	C:\Program Files\Java\jdk-17.0.4\bin\server\jvm.dll
0x00007ffeed390000 - 0x00007ffeed398000 	C:\WINDOWS\System32\PSAPI.DLL
0x00007ffee2b90000 - 0x00007ffee2bc4000 	C:\WINDOWS\SYSTEM32\WINMM.dll
0x00007ffeccb00000 - 0x00007ffeccb09000 	C:\WINDOWS\SYSTEM32\WSOCK32.dll
0x00007ffeed8a0000 - 0x00007ffeed911000 	C:\WINDOWS\System32\WS2_32.dll
0x00007ffeeb850000 - 0x00007ffeeb868000 	C:\WINDOWS\SYSTEM32\kernel.appcore.dll
0x00007ffeae700000 - 0x00007ffeae70a000 	C:\Program Files\Java\jdk-17.0.4\bin\jimage.dll
0x00007ffeea120000 - 0x00007ffeea34e000 	C:\WINDOWS\SYSTEM32\DBGHELP.DLL
0x00007ffeed920000 - 0x00007ffeedcaa000 	C:\WINDOWS\System32\combase.dll
0x00007ffeed3a0000 - 0x00007ffeed477000 	C:\WINDOWS\System32\OLEAUT32.dll
0x00007ffecb160000 - 0x00007ffecb192000 	C:\WINDOWS\SYSTEM32\dbgcore.DLL
0x00007ffeec920000 - 0x00007ffeec99b000 	C:\WINDOWS\System32\bcryptPrimitives.dll
0x00007ffee93c0000 - 0x00007ffee93ce000 	C:\Program Files\Java\jdk-17.0.4\bin\instrument.dll
0x00007ffe74130000 - 0x00007ffe74155000 	C:\Program Files\Java\jdk-17.0.4\bin\java.dll
0x00007ffe74050000 - 0x00007ffe74126000 	C:\Program Files\Java\jdk-17.0.4\bin\jsvml.dll
0x00007ffeee2a0000 - 0x00007ffeeea8f000 	C:\WINDOWS\System32\SHELL32.dll
0x00007ffeea850000 - 0x00007ffeeb118000 	C:\WINDOWS\SYSTEM32\windows.storage.dll
0x00007ffeea710000 - 0x00007ffeea84e000 	C:\WINDOWS\SYSTEM32\wintypes.dll
0x00007ffeeeda0000 - 0x00007ffeeee91000 	C:\WINDOWS\System32\SHCORE.dll
0x00007ffeeeed0000 - 0x00007ffeeef2e000 	C:\WINDOWS\System32\shlwapi.dll
0x00007ffeec640000 - 0x00007ffeec661000 	C:\WINDOWS\SYSTEM32\profapi.dll
0x00007ffe73020000 - 0x00007ffe73038000 	C:\Program Files\Java\jdk-17.0.4\bin\zip.dll
0x00007ffe74030000 - 0x00007ffe74049000 	C:\Program Files\Java\jdk-17.0.4\bin\net.dll
0x00007ffee5d10000 - 0x00007ffee5e3f000 	C:\WINDOWS\SYSTEM32\WINHTTP.dll
0x00007ffeebcc0000 - 0x00007ffeebd29000 	C:\WINDOWS\system32\mswsock.dll
0x00007ffe74010000 - 0x00007ffe74026000 	C:\Program Files\Java\jdk-17.0.4\bin\nio.dll
0x00007ffede0f0000 - 0x00007ffede10a000 	C:\Users\dadiallo\AppData\Local\JetBrains\IntelliJ IDEA Community Edition 2022.2\bin\breakgen64.dll
0x00007ffeae3a0000 - 0x00007ffeae3b0000 	C:\Program Files\Java\jdk-17.0.4\bin\verify.dll
0x00007ffee9360000 - 0x00007ffee9369000 	C:\Program Files\Java\jdk-17.0.4\bin\management.dll
0x00007ffee92e0000 - 0x00007ffee92eb000 	C:\Program Files\Java\jdk-17.0.4\bin\management_ext.dll
0x00007ffed0470000 - 0x00007ffed0487000 	C:\WINDOWS\system32\napinsp.dll
0x00007ffed0450000 - 0x00007ffed046b000 	C:\WINDOWS\system32\pnrpnsp.dll
0x00007ffeeb280000 - 0x00007ffeeb372000 	C:\WINDOWS\SYSTEM32\DNSAPI.dll
0x00007ffeeb250000 - 0x00007ffeeb27d000 	C:\WINDOWS\SYSTEM32\IPHLPAPI.DLL
0x00007ffeed890000 - 0x00007ffeed899000 	C:\WINDOWS\System32\NSI.dll
0x00007ffebca70000 - 0x00007ffebca81000 	C:\WINDOWS\System32\winrnr.dll
0x00007ffebac20000 - 0x00007ffebac35000 	C:\WINDOWS\system32\wshbth.dll
0x00007ffebabf0000 - 0x00007ffebac11000 	C:\WINDOWS\system32\nlansp_c.dll
0x00007ffee29b0000 - 0x00007ffee29ba000 	C:\Windows\System32\rasadhlp.dll
0x00007ffee4130000 - 0x00007ffee41b3000 	C:\WINDOWS\System32\fwpuclnt.dll
0x00007ffeebf10000 - 0x00007ffeebf2b000 	C:\WINDOWS\SYSTEM32\CRYPTSP.dll
0x00007ffeeb7c0000 - 0x00007ffeeb7f5000 	C:\WINDOWS\system32\rsaenh.dll
0x00007ffeebdb0000 - 0x00007ffeebdd8000 	C:\WINDOWS\SYSTEM32\USERENV.dll
0x00007ffeec0a0000 - 0x00007ffeec0c8000 	C:\WINDOWS\SYSTEM32\bcrypt.dll
0x00007ffeebf30000 - 0x00007ffeebf3c000 	C:\WINDOWS\SYSTEM32\CRYPTBASE.dll
0x00007ffee41c0000 - 0x00007ffee41d9000 	C:\WINDOWS\SYSTEM32\dhcpcsvc6.DLL
0x00007ffee4110000 - 0x00007ffee412f000 	C:\WINDOWS\SYSTEM32\dhcpcsvc.DLL
0x00007ffee92d0000 - 0x00007ffee92de000 	C:\Program Files\Java\jdk-17.0.4\bin\sunmscapi.dll
0x00007ffeec710000 - 0x00007ffeec876000 	C:\WINDOWS\System32\CRYPT32.dll
0x00007ffeec070000 - 0x00007ffeec09d000 	C:\WINDOWS\SYSTEM32\ncrypt.dll
0x00007ffeec030000 - 0x00007ffeec067000 	C:\WINDOWS\SYSTEM32\NTASN1.dll
0x00007ffebd9d0000 - 0x00007ffebd9d8000 	C:\WINDOWS\system32\wshunix.dll

dbghelp: loaded successfully - version: 4.0.5 - missing functions: none
symbol engine: initialized successfully - sym options: 0x614 - pdb path: .;C:\Program Files\Java\jdk-17.0.4\bin;C:\WINDOWS\SYSTEM32;C:\WINDOWS\WinSxS\amd64_microsoft.windows.common-controls_6595b64144ccf1df_6.0.22621.608_none_a9444ca7c10bb01d;C:\Program Files\Java\jdk-17.0.4\bin\server;C:\Users\dadiallo\AppData\Local\JetBrains\IntelliJ IDEA Community Edition 2022.2\bin

VM Arguments:
jvm_args: -javaagent:C:\Users\dadiallo\AppData\Local\JetBrains\IntelliJ IDEA Community Edition 2022.2\lib\idea_rt.jar=64011:C:\Users\dadiallo\AppData\Local\JetBrains\IntelliJ IDEA Community Edition 2022.2\bin -Dfile.encoding=UTF-8 
java_command: com.odk.odcinterview.OdcInterviewApplication
java_class_path (initial): C:\Users\dadiallo\IdeaProjects\OdcInterview\target\classes;C:\Users\dadiallo\.m2\repository\org\springframework\boot\spring-boot-starter-data-jpa\2.7.5\spring-boot-starter-data-jpa-2.7.5.jar;C:\Users\dadiallo\.m2\repository\org\springframework\boot\spring-boot-starter-aop\2.7.5\spring-boot-starter-aop-2.7.5.jar;C:\Users\dadiallo\.m2\repository\org\aspectj\aspectjweaver\1.9.7\aspectjweaver-1.9.7.jar;C:\Users\dadiallo\.m2\repository\org\springframework\boot\spring-boot-starter-jdbc\2.7.5\spring-boot-starter-jdbc-2.7.5.jar;C:\Users\dadiallo\.m2\repository\com\zaxxer\HikariCP\4.0.3\HikariCP-4.0.3.jar;C:\Users\dadiallo\.m2\repository\org\springframework\spring-jdbc\5.3.23\spring-jdbc-5.3.23.jar;C:\Users\dadiallo\.m2\repository\jakarta\transaction\jakarta.transaction-api\1.3.3\jakarta.transaction-api-1.3.3.jar;C:\Users\dadiallo\.m2\repository\jakarta\persistence\jakarta.persistence-api\2.2.3\jakarta.persistence-api-2.2.3.jar;C:\Users\dadiallo\.m2\repository\org\hibernate\hibernate-core\5.6.12.Final\hibernate-core-5.6.12.Final.jar;C:\Users\dadiallo\.m2\repository\org\jboss\logging\jboss-logging\3.4.3.Final\jboss-logging-3.4.3.Final.jar;C:\Users\dadiallo\.m2\repository\net\bytebuddy\byte-buddy\1.12.18\byte-buddy-1.12.18.jar;C:\Users\dadiallo\.m2\repository\antlr\antlr\2.7.7\antlr-2.7.7.jar;C:\Users\dadiallo\.m2\repository\org\jboss\jandex\2.4.2.Final\jandex-2.4.2.Final.jar;C:\Users\dadiallo\.m2\repository\com\fasterxml\classmate\1.5.1\classmate-1.5.1.jar;C:\Users\dadiallo\.m2\repository\org\hibernate\common\hibernate-commons-annotations\5.1.2.Final\hibernate-commons-annotations-5.1.2.Final.jar;C:\Users\dadiallo\.m2\repository\org\glassfish\jaxb\jaxb-runtime\2.3.7\jaxb-runtime-2.3.7.jar;C:\Users\dadiallo\.m2\repository\org\glassfish\jaxb\txw2\2.3.7\txw2-2.3.7.jar;C:\Users\dadiallo\.m2\repository\com\sun\istack\istack-commons-runtime\3.0.12\istack-commons-runtime-3.0.12.jar;C:\Users\dadiallo\.m2\repository\com\sun\activation\jakarta.activation\1.2
Launcher Type: SUN_STANDARD

[Global flags]
     intx CICompilerCount                          = 4                                         {product} {ergonomic}
     uint ConcGCThreads                            = 2                                         {product} {ergonomic}
     uint G1ConcRefinementThreads                  = 8                                         {product} {ergonomic}
   size_t G1HeapRegionSize                         = 1048576                                   {product} {ergonomic}
    uintx GCDrainStackTargetSize                   = 64                                        {product} {ergonomic}
   size_t InitialHeapSize                          = 132120576                                 {product} {ergonomic}
   size_t MarkStackSize                            = 4194304                                   {product} {ergonomic}
   size_t MaxHeapSize                              = 2082471936                                {product} {ergonomic}
   size_t MaxNewSize                               = 1248854016                                {product} {ergonomic}
   size_t MinHeapDeltaBytes                        = 1048576                                   {product} {ergonomic}
   size_t MinHeapSize                              = 8388608                                   {product} {ergonomic}
    uintx NonNMethodCodeHeapSize                   = 5839372                                {pd product} {ergonomic}
    uintx NonProfiledCodeHeapSize                  = 122909434                              {pd product} {ergonomic}
    uintx ProfiledCodeHeapSize                     = 122909434                              {pd product} {ergonomic}
    uintx ReservedCodeCacheSize                    = 251658240                              {pd product} {ergonomic}
     bool SegmentedCodeCache                       = true                                      {product} {ergonomic}
   size_t SoftMaxHeapSize                          = 2082471936                             {manageable} {ergonomic}
     bool UseCompressedClassPointers               = true                           {product lp64_product} {ergonomic}
     bool UseCompressedOops                        = true                           {product lp64_product} {ergonomic}
     bool UseG1GC                                  = true                                      {product} {ergonomic}
     bool UseLargePagesIndividualAllocation        = false                                  {pd product} {ergonomic}

Logging:
Log output configuration:
 #0: stdout all=warning uptime,level,tags
 #1: stderr all=off uptime,level,tags

Environment Variables:
PATH=C:\Program Files\Common Files\Oracle\Java\javapath;C:\Program Files (x86)\Common Files\Oracle\Java\javapath;C:\WINDOWS\system32;C:\WINDOWS;C:\WINDOWS\System32\Wbem;C:\WINDOWS\System32\WindowsPowerShell\v1.0\;C:\WINDOWS\System32\OpenSSH\;C:\Program Files\Git\cmd;C:\Users\tiemoko.sogoba\flutter\bin;C:\Users\tiemoko.sogoba\apache-maven-3.8.2\bin;C:\Program Files\Java\jdk-16.0.2\bin;C:\Program Files\nodejs\;C:\Users\dadiallo\scoop\shims;C:\Users\dadiallo\AppData\Local\Programs\Python\Python310\Scripts\;C:\Users\dadiallo\AppData\Local\Programs\Python\Python310\;C:\Users\dadiallo\AppData\Local\Programs\Python\Launcher\;C:\Users\dadiallo\AppData\Local\Microsoft\WindowsApps;C:\Users\dadiallo\AppData\Local\Programs\Microsoft VS Code\bin;C:\dart-sdk\bin;C:\Users\dadiallo\Desktop\Swagger\node_modules\http-server\bin;C:\Maven\apache-maven-3.8.6\bin;C:\Users\dadiallo\AppData\Roaming\npm\;C:\flutter\bin;;C:\Users\dadiallo\AppData\Local\JetBrains\IntelliJ IDEA 2022.2\bin;;C:\Users\dadiallo\AppData\Roaming\npm
USERNAME=dadiallo
OS=Windows_NT
PROCESSOR_IDENTIFIER=Intel64 Family 6 Model 140 Stepping 1, GenuineIntel



---------------  S Y S T E M  ---------------

OS:
 Windows 11 , 64 bit Build 22621 (10.0.22621.1105)
OS uptime: 1 days 5:49 hours

CPU: total 8 (initial active 8) (4 cores per cpu, 2 threads per core) family 6 model 140 stepping 1 microcode 0xa4, cx8, cmov, fxsr, ht, mmx, 3dnowpref, sse, sse2, sse3, ssse3, sse4.1, sse4.2, popcnt, lzcnt, tsc, tscinvbit, avx, avx2, aes, erms, clmul, bmi1, bmi2, adx, avx512f, avx512dq, avx512cd, avx512bw, avx512vl, sha, fma, vzeroupper, avx512_vpopcntdq, avx512_vpclmulqdq, avx512_vaes, avx512_vnni, clflush, clflushopt, clwb, avx512_vbmi2, avx512_vbmi

Memory: 4k page, system-wide physical 7941M (270M free)
TotalPageFile size 28989M (AvailPageFile size 2M)
current process WorkingSet (physical memory assigned to process): 253M, peak: 257M
current process commit charge ("private bytes"): 292M, peak: 297M

vm_info: Java HotSpot(TM) 64-Bit Server VM (17.0.4+11-LTS-179) for windows-amd64 JRE (17.0.4+11-LTS-179), built on Jun 28 2022 08:23:05 by "mach5one" with MS VC++ 16.8 / 16.9 (VS2019)

END.
