#
# There is insufficient memory for the Java Runtime Environment to continue.
# Native memory allocation (malloc) failed to allocate 778288 bytes for Chunk::new
# Possible reasons:
#   The system is out of physical RAM or swap space
#   The process is running with CompressedOops enabled, and the Java Heap may be blocking the growth of the native heap
# Possible solutions:
#   Reduce memory load on the system
#   Increase physical memory or swap space
#   Check if swap backing store is full
#   Decrease Java heap size (-Xmx/-Xms)
#   Decrease number of Java threads
#   Decrease Java thread stack sizes (-Xss)
#   Set larger code cache with -XX:ReservedCodeCacheSize=
#   JVM is running with Unscaled Compressed Oops mode in which the Java heap is
#     placed in the first 4GB address space. The Java Heap base address is the
#     maximum limit for the native heap growth. Please use -XX:HeapBaseMinAddress
#     to set the Java Heap base and to place the Java Heap above 4GB virtual address.
# This output file may be truncated or incomplete.
#
#  Out of Memory Error (arena.cpp:189), pid=12540, tid=17724
#
# JRE version: Java(TM) SE Runtime Environment (17.0.4+11) (build 17.0.4+11-LTS-179)
# Java VM: Java HotSpot(TM) 64-Bit Server VM (17.0.4+11-LTS-179, mixed mode, sharing, tiered, compressed oops, compressed class ptrs, g1 gc, windows-amd64)
# No core dump will be written. Minidumps are not enabled by default on client versions of Windows
#

---------------  S U M M A R Y ------------

Command Line: -javaagent:C:\Users\dadiallo\AppData\Local\JetBrains\IntelliJ IDEA Community Edition 2022.2\lib\idea_rt.jar=64361:C:\Users\dadiallo\AppData\Local\JetBrains\IntelliJ IDEA Community Edition 2022.2\bin -Dfile.encoding=UTF-8 com.odk.odcinterview.OdcInterviewApplication

Host: 11th Gen Intel(R) Core(TM) i7-1165G7 @ 2.80GHz, 8 cores, 7G,  Windows 11 , 64 bit Build 22621 (10.0.22621.1105)
Time: Tue Feb  7 14:28:44 2023 Temps universel coordonné elapsed time: 3.610195 seconds (0d 0h 0m 3s)

---------------  T H R E A D  ---------------

Current thread (0x0000018b88370150):  JavaThread "C2 CompilerThread1" daemon [_thread_in_native, id=17724, stack(0x0000001aebd00000,0x0000001aebe00000)]


Current CompileTask:
C2:   3610 4836       4       java.security.CodeSource::<init> (52 bytes)

Stack: [0x0000001aebd00000,0x0000001aebe00000]
Native frames: (J=compiled Java code, j=interpreted, Vv=VM code, C=native code)
V  [jvm.dll+0x6723da]
V  [jvm.dll+0x7d1f74]
V  [jvm.dll+0x7d371e]
V  [jvm.dll+0x7d3d83]
V  [jvm.dll+0x242ed5]
V  [jvm.dll+0xaa57b]
V  [jvm.dll+0xaab0c]
V  [jvm.dll+0x360447]
V  [jvm.dll+0x32a7e1]
V  [jvm.dll+0x329c8a]
V  [jvm.dll+0x215ff1]
V  [jvm.dll+0x215411]
V  [jvm.dll+0x1a1fcd]
V  [jvm.dll+0x224c78]
V  [jvm.dll+0x222de5]
V  [jvm.dll+0x787a5b]
V  [jvm.dll+0x78201a]
V  [jvm.dll+0x671265]
C  [ucrtbase.dll+0x29363]
C  [KERNEL32.DLL+0x126bd]
C  [ntdll.dll+0x5dfb8]


---------------  P R O C E S S  ---------------

Threads class SMR info:
_java_thread_list=0x0000018b8add7be0, length=20, elements={
0x0000018be8f4b5c0, 0x0000018b86e2ac90, 0x0000018b86e2b840, 0x0000018b86e41150,
0x0000018b86e41b00, 0x0000018b86e424b0, 0x0000018b86e42e60, 0x0000018b86e43bf0,
0x0000018b86e4f3f0, 0x0000018b86e58b30, 0x0000018b87a191f0, 0x0000018b87b1df00,
0x0000018b87ba7cd0, 0x0000018b88370150, 0x0000018b8ae11f20, 0x0000018b8bf24e10,
0x0000018b8aa952f0, 0x0000018b8b17d830, 0x0000018b8bcaef40, 0x0000018b89276c60
}

Java Threads: ( => current thread )
  0x0000018be8f4b5c0 JavaThread "main" [_thread_in_native, id=17636, stack(0x0000001aea900000,0x0000001aeaa00000)]
  0x0000018b86e2ac90 JavaThread "Reference Handler" daemon [_thread_blocked, id=7544, stack(0x0000001aeb000000,0x0000001aeb100000)]
  0x0000018b86e2b840 JavaThread "Finalizer" daemon [_thread_blocked, id=14864, stack(0x0000001aeb100000,0x0000001aeb200000)]
  0x0000018b86e41150 JavaThread "Signal Dispatcher" daemon [_thread_blocked, id=3944, stack(0x0000001aeb200000,0x0000001aeb300000)]
  0x0000018b86e41b00 JavaThread "Attach Listener" daemon [_thread_blocked, id=8384, stack(0x0000001aeb300000,0x0000001aeb400000)]
  0x0000018b86e424b0 JavaThread "Service Thread" daemon [_thread_blocked, id=9180, stack(0x0000001aeb400000,0x0000001aeb500000)]
  0x0000018b86e42e60 JavaThread "Monitor Deflation Thread" daemon [_thread_blocked, id=13420, stack(0x0000001aeb500000,0x0000001aeb600000)]
  0x0000018b86e43bf0 JavaThread "C2 CompilerThread0" daemon [_thread_in_native, id=8948, stack(0x0000001aeb600000,0x0000001aeb700000)]
  0x0000018b86e4f3f0 JavaThread "C1 CompilerThread0" daemon [_thread_blocked, id=19048, stack(0x0000001aeb700000,0x0000001aeb800000)]
  0x0000018b86e58b30 JavaThread "Sweeper thread" daemon [_thread_blocked, id=15220, stack(0x0000001aeb800000,0x0000001aeb900000)]
  0x0000018b87a191f0 JavaThread "Common-Cleaner" daemon [_thread_blocked, id=2656, stack(0x0000001aeb900000,0x0000001aeba00000)]
  0x0000018b87b1df00 JavaThread "Monitor Ctrl-Break" daemon [_thread_in_native, id=1240, stack(0x0000001aeba00000,0x0000001aebb00000)]
  0x0000018b87ba7cd0 JavaThread "Notification Thread" daemon [_thread_blocked, id=15908, stack(0x0000001aebb00000,0x0000001aebc00000)]
=>0x0000018b88370150 JavaThread "C2 CompilerThread1" daemon [_thread_in_native, id=17724, stack(0x0000001aebd00000,0x0000001aebe00000)]
  0x0000018b8ae11f20 JavaThread "Catalina-utility-1" [_thread_blocked, id=18408, stack(0x0000001aec700000,0x0000001aec800000)]
  0x0000018b8bf24e10 JavaThread "Catalina-utility-2" [_thread_blocked, id=1608, stack(0x0000001aec800000,0x0000001aec900000)]
  0x0000018b8aa952f0 JavaThread "container-0" [_thread_blocked, id=13924, stack(0x0000001aec900000,0x0000001aeca00000)]
  0x0000018b8b17d830 JavaThread "mysql-cj-abandoned-connection-cleanup" daemon [_thread_blocked, id=11600, stack(0x0000001aeca00000,0x0000001aecb00000)]
  0x0000018b8bcaef40 JavaThread "HikariPool-1 housekeeper" daemon [_thread_blocked, id=2752, stack(0x0000001aecc00000,0x0000001aecd00000)]
  0x0000018b89276c60 JavaThread "HikariPool-1 connection adder" daemon [_thread_blocked, id=2476, stack(0x0000001aecd00000,0x0000001aece00000)]

Other Threads:
  0x0000018b86e27200 VMThread "VM Thread" [stack: 0x0000001aeaf00000,0x0000001aeb000000] [id=7504]
  0x0000018be8fc0b20 WatcherThread [stack: 0x0000001aebc00000,0x0000001aebd00000] [id=7580]
  0x0000018be8fa30d0 GCTaskThread "GC Thread#0" [stack: 0x0000001aeaa00000,0x0000001aeab00000] [id=13108]
  0x0000018b8840fe20 GCTaskThread "GC Thread#1" [stack: 0x0000001aebe00000,0x0000001aebf00000] [id=8040]
  0x0000018b88515020 GCTaskThread "GC Thread#2" [stack: 0x0000001aebf00000,0x0000001aec000000] [id=17556]
  0x0000018b883c0ce0 GCTaskThread "GC Thread#3" [stack: 0x0000001aec000000,0x0000001aec100000] [id=10804]
  0x0000018b88752840 GCTaskThread "GC Thread#4" [stack: 0x0000001aec100000,0x0000001aec200000] [id=2076]
  0x0000018b88752af0 GCTaskThread "GC Thread#5" [stack: 0x0000001aec200000,0x0000001aec300000] [id=9308]
  0x0000018b88d8dc40 GCTaskThread "GC Thread#6" [stack: 0x0000001aec300000,0x0000001aec400000] [id=12140]
  0x0000018b8914ca70 GCTaskThread "GC Thread#7" [stack: 0x0000001aec600000,0x0000001aec700000] [id=10376]
  0x0000018be8fb39b0 ConcurrentGCThread "G1 Main Marker" [stack: 0x0000001aeab00000,0x0000001aeac00000] [id=18384]
  0x0000018be8fb5b70 ConcurrentGCThread "G1 Conc#0" [stack: 0x0000001aeac00000,0x0000001aead00000] [id=6056]
  0x0000018b8aab1090 ConcurrentGCThread "G1 Conc#1" [stack: 0x0000001aec500000,0x0000001aec600000] [id=10060]
  0x0000018b86ce5f10 ConcurrentGCThread "G1 Refine#0" [stack: 0x0000001aead00000,0x0000001aeae00000] [id=16056]
  0x0000018b886da880 ConcurrentGCThread "G1 Refine#1" [stack: 0x0000001aec400000,0x0000001aec500000] [id=2904]
  0x0000018b86ce67d0 ConcurrentGCThread "G1 Service" [stack: 0x0000001aeae00000,0x0000001aeaf00000] [id=14920]

Threads with active compile tasks:
C2 CompilerThread0     3622 4840       4       sun.net.util.URLUtil::urlNoFragString (114 bytes)
C2 CompilerThread1     3622 4836       4       java.security.CodeSource::<init> (52 bytes)

VM state: not at safepoint (normal execution)

VM Mutex/Monitor currently owned by a thread: None

Heap address: 0x0000000083e00000, size: 1986 MB, Compressed Oops mode: 32-bit

CDS archive(s) mapped at: [0x0000000800000000-0x0000000800bc0000-0x0000000800bc0000), size 12320768, SharedBaseAddress: 0x0000000800000000, ArchiveRelocationMode: 0.
Compressed class space mapped at: 0x0000000800c00000-0x0000000840c00000, reserved size: 1073741824
Narrow klass base: 0x0000000800000000, Narrow klass shift: 0, Narrow klass range: 0x100000000

GC Precious Log:
 CPUs: 8 total, 8 available
 Memory: 7941M
 Large Page Support: Disabled
 NUMA Support: Disabled
 Compressed Oops: Enabled (32-bit)
 Heap Region Size: 1M
 Heap Min Capacity: 8M
 Heap Initial Capacity: 126M
 Heap Max Capacity: 1986M
 Pre-touch: Disabled
 Parallel Workers: 8
 Concurrent Workers: 2
 Concurrent Refinement Workers: 8
 Periodic GC: Disabled

Heap:
 garbage-first heap   total 70656K, used 37801K [0x0000000083e00000, 0x0000000100000000)
  region size 1024K, 19 young (19456K), 4 survivors (4096K)
 Metaspace       used 45004K, committed 45312K, reserved 1089536K
  class space    used 6057K, committed 6208K, reserved 1048576K

Heap Regions: E=young(eden), S=young(survivor), O=old, HS=humongous(starts), HC=humongous(continues), CS=collection set, F=free, OA=open archive, CA=closed archive, TAMS=top-at-mark-start (previous, next)
|   0|0x0000000083e00000, 0x0000000083f00000, 0x0000000083f00000|100%|HS|  |TAMS 0x0000000083f00000, 0x0000000083e00000| Complete 
|   1|0x0000000083f00000, 0x0000000084000000, 0x0000000084000000|100%|HS|  |TAMS 0x0000000084000000, 0x0000000083f00000| Complete 
|   2|0x0000000084000000, 0x0000000084100000, 0x0000000084100000|100%| O|  |TAMS 0x0000000084100000, 0x0000000084000000| Untracked 
|   3|0x0000000084100000, 0x0000000084200000, 0x0000000084200000|100%| O|  |TAMS 0x0000000084200000, 0x0000000084100000| Untracked 
|   4|0x0000000084200000, 0x0000000084300000, 0x0000000084300000|100%| O|  |TAMS 0x0000000084300000, 0x0000000084200000| Untracked 
|   5|0x0000000084300000, 0x0000000084400000, 0x0000000084400000|100%| O|  |TAMS 0x0000000084400000, 0x0000000084300000| Untracked 
|   6|0x0000000084400000, 0x0000000084500000, 0x0000000084500000|100%| O|  |TAMS 0x0000000084500000, 0x0000000084400000| Untracked 
|   7|0x0000000084500000, 0x0000000084600000, 0x0000000084600000|100%| O|  |TAMS 0x0000000084600000, 0x0000000084500000| Untracked 
|   8|0x0000000084600000, 0x0000000084700000, 0x0000000084700000|100%| O|  |TAMS 0x0000000084700000, 0x0000000084600000| Untracked 
|   9|0x0000000084700000, 0x0000000084778600, 0x0000000084800000| 47%| O|  |TAMS 0x0000000084778600, 0x0000000084700000| Untracked 
|  10|0x0000000084800000, 0x0000000084900000, 0x0000000084900000|100%| O|  |TAMS 0x0000000084900000, 0x0000000084800000| Untracked 
|  11|0x0000000084900000, 0x0000000084a00000, 0x0000000084a00000|100%| O|  |TAMS 0x0000000084a00000, 0x0000000084900000| Untracked 
|  12|0x0000000084a00000, 0x0000000084b00000, 0x0000000084b00000|100%| O|  |TAMS 0x0000000084b00000, 0x0000000084a00000| Untracked 
|  13|0x0000000084b00000, 0x0000000084b92000, 0x0000000084c00000| 57%| O|  |TAMS 0x0000000084b00000, 0x0000000084b00000| Untracked 
|  14|0x0000000084c00000, 0x0000000084c00000, 0x0000000084d00000|  0%| F|  |TAMS 0x0000000084c00000, 0x0000000084c00000| Untracked 
|  15|0x0000000084d00000, 0x0000000084d00000, 0x0000000084e00000|  0%| F|  |TAMS 0x0000000084d00000, 0x0000000084d00000| Untracked 
|  16|0x0000000084e00000, 0x0000000084e00000, 0x0000000084f00000|  0%| F|  |TAMS 0x0000000084e00000, 0x0000000084e00000| Untracked 
|  17|0x0000000084f00000, 0x0000000084f00000, 0x0000000085000000|  0%| F|  |TAMS 0x0000000084f00000, 0x0000000084f00000| Untracked 
|  18|0x0000000085000000, 0x0000000085000000, 0x0000000085100000|  0%| F|  |TAMS 0x0000000085000000, 0x0000000085000000| Untracked 
|  19|0x0000000085100000, 0x0000000085100000, 0x0000000085200000|  0%| F|  |TAMS 0x0000000085100000, 0x0000000085100000| Untracked 
|  20|0x0000000085200000, 0x0000000085200000, 0x0000000085300000|  0%| F|  |TAMS 0x0000000085200000, 0x0000000085200000| Untracked 
|  21|0x0000000085300000, 0x0000000085400000, 0x0000000085400000|100%| O|  |TAMS 0x0000000085400000, 0x0000000085300000| Untracked 
|  22|0x0000000085400000, 0x0000000085500000, 0x0000000085500000|100%| O|  |TAMS 0x0000000085500000, 0x0000000085400000| Untracked 
|  23|0x0000000085500000, 0x0000000085600000, 0x0000000085600000|100%| O|  |TAMS 0x0000000085600000, 0x0000000085500000| Untracked 
|  24|0x0000000085600000, 0x0000000085700000, 0x0000000085700000|100%| O|  |TAMS 0x0000000085700000, 0x0000000085600000| Untracked 
|  25|0x0000000085700000, 0x0000000085800000, 0x0000000085800000|100%| O|  |TAMS 0x0000000085800000, 0x0000000085700000| Untracked 
|  26|0x0000000085800000, 0x0000000085900000, 0x0000000085900000|100%| O|  |TAMS 0x000000008585ec00, 0x0000000085800000| Untracked 
|  27|0x0000000085900000, 0x0000000085900000, 0x0000000085a00000|  0%| F|  |TAMS 0x0000000085900000, 0x0000000085900000| Untracked 
|  28|0x0000000085a00000, 0x0000000085a00000, 0x0000000085b00000|  0%| F|  |TAMS 0x0000000085a00000, 0x0000000085a00000| Untracked 
|  29|0x0000000085b00000, 0x0000000085b00000, 0x0000000085c00000|  0%| F|  |TAMS 0x0000000085b00000, 0x0000000085b00000| Untracked 
|  30|0x0000000085c00000, 0x0000000085c00000, 0x0000000085d00000|  0%| F|  |TAMS 0x0000000085c00000, 0x0000000085c00000| Untracked 
|  31|0x0000000085d00000, 0x0000000085d00000, 0x0000000085e00000|  0%| F|  |TAMS 0x0000000085d00000, 0x0000000085d00000| Untracked 
|  32|0x0000000085e00000, 0x0000000085e00000, 0x0000000085f00000|  0%| F|  |TAMS 0x0000000085e00000, 0x0000000085e00000| Untracked 
|  33|0x0000000085f00000, 0x0000000085fdfeb0, 0x0000000086000000| 87%| S|CS|TAMS 0x0000000085f00000, 0x0000000085f00000| Complete 
|  34|0x0000000086000000, 0x0000000086100000, 0x0000000086100000|100%| S|CS|TAMS 0x0000000086000000, 0x0000000086000000| Complete 
|  35|0x0000000086100000, 0x0000000086200000, 0x0000000086200000|100%| S|CS|TAMS 0x0000000086100000, 0x0000000086100000| Complete 
|  36|0x0000000086200000, 0x0000000086300000, 0x0000000086300000|100%| S|CS|TAMS 0x0000000086200000, 0x0000000086200000| Complete 
|  37|0x0000000086300000, 0x0000000086300000, 0x0000000086400000|  0%| F|  |TAMS 0x0000000086300000, 0x0000000086300000| Untracked 
|  38|0x0000000086400000, 0x0000000086400000, 0x0000000086500000|  0%| F|  |TAMS 0x0000000086400000, 0x0000000086400000| Untracked 
|  39|0x0000000086500000, 0x0000000086500000, 0x0000000086600000|  0%| F|  |TAMS 0x0000000086500000, 0x0000000086500000| Untracked 
|  40|0x0000000086600000, 0x0000000086600000, 0x0000000086700000|  0%| F|  |TAMS 0x0000000086600000, 0x0000000086600000| Untracked 
|  41|0x0000000086700000, 0x0000000086700000, 0x0000000086800000|  0%| F|  |TAMS 0x0000000086700000, 0x0000000086700000| Untracked 
|  42|0x0000000086800000, 0x0000000086800000, 0x0000000086900000|  0%| F|  |TAMS 0x0000000086800000, 0x0000000086800000| Untracked 
|  43|0x0000000086900000, 0x0000000086900000, 0x0000000086a00000|  0%| F|  |TAMS 0x0000000086900000, 0x0000000086900000| Untracked 
|  44|0x0000000086a00000, 0x0000000086a00000, 0x0000000086b00000|  0%| F|  |TAMS 0x0000000086a00000, 0x0000000086a00000| Untracked 
|  45|0x0000000086b00000, 0x0000000086b00000, 0x0000000086c00000|  0%| F|  |TAMS 0x0000000086b00000, 0x0000000086b00000| Untracked 
|  46|0x0000000086c00000, 0x0000000086c00000, 0x0000000086d00000|  0%| F|  |TAMS 0x0000000086c00000, 0x0000000086c00000| Untracked 
|  47|0x0000000086d00000, 0x0000000086d00000, 0x0000000086e00000|  0%| F|  |TAMS 0x0000000086d00000, 0x0000000086d00000| Untracked 
|  48|0x0000000086e00000, 0x0000000086e00000, 0x0000000086f00000|  0%| F|  |TAMS 0x0000000086e00000, 0x0000000086e00000| Untracked 
|  49|0x0000000086f00000, 0x0000000086f00000, 0x0000000087000000|  0%| F|  |TAMS 0x0000000086f00000, 0x0000000086f00000| Untracked 
|  50|0x0000000087000000, 0x0000000087000000, 0x0000000087100000|  0%| F|  |TAMS 0x0000000087000000, 0x0000000087000000| Untracked 
|  51|0x0000000087100000, 0x0000000087100000, 0x0000000087200000|  0%| F|  |TAMS 0x0000000087100000, 0x0000000087100000| Untracked 
|  52|0x0000000087200000, 0x0000000087200000, 0x0000000087300000|  0%| F|  |TAMS 0x0000000087200000, 0x0000000087200000| Untracked 
|  53|0x0000000087300000, 0x0000000087300000, 0x0000000087400000|  0%| F|  |TAMS 0x0000000087300000, 0x0000000087300000| Untracked 
|  54|0x0000000087400000, 0x0000000087480800, 0x0000000087500000| 50%| E|  |TAMS 0x0000000087400000, 0x0000000087400000| Complete 
|  55|0x0000000087500000, 0x0000000087600000, 0x0000000087600000|100%| E|CS|TAMS 0x0000000087500000, 0x0000000087500000| Complete 
|  56|0x0000000087600000, 0x0000000087700000, 0x0000000087700000|100%| E|CS|TAMS 0x0000000087600000, 0x0000000087600000| Complete 
|  57|0x0000000087700000, 0x0000000087800000, 0x0000000087800000|100%| E|CS|TAMS 0x0000000087700000, 0x0000000087700000| Complete 
|  58|0x0000000087800000, 0x0000000087900000, 0x0000000087900000|100%| E|CS|TAMS 0x0000000087800000, 0x0000000087800000| Complete 
|  59|0x0000000087900000, 0x0000000087a00000, 0x0000000087a00000|100%| E|CS|TAMS 0x0000000087900000, 0x0000000087900000| Complete 
|  60|0x0000000087a00000, 0x0000000087b00000, 0x0000000087b00000|100%| E|CS|TAMS 0x0000000087a00000, 0x0000000087a00000| Complete 
|  61|0x0000000087b00000, 0x0000000087c00000, 0x0000000087c00000|100%| E|CS|TAMS 0x0000000087b00000, 0x0000000087b00000| Complete 
|  62|0x0000000087c00000, 0x0000000087d00000, 0x0000000087d00000|100%| E|CS|TAMS 0x0000000087c00000, 0x0000000087c00000| Complete 
|  63|0x0000000087d00000, 0x0000000087e00000, 0x0000000087e00000|100%| E|CS|TAMS 0x0000000087d00000, 0x0000000087d00000| Complete 
|  64|0x0000000087e00000, 0x0000000087f00000, 0x0000000087f00000|100%| E|CS|TAMS 0x0000000087e00000, 0x0000000087e00000| Complete 
|  65|0x0000000087f00000, 0x0000000088000000, 0x0000000088000000|100%| E|CS|TAMS 0x0000000087f00000, 0x0000000087f00000| Complete 
|  66|0x0000000088000000, 0x0000000088100000, 0x0000000088100000|100%| E|CS|TAMS 0x0000000088000000, 0x0000000088000000| Complete 
|  67|0x0000000088100000, 0x0000000088200000, 0x0000000088200000|100%| E|CS|TAMS 0x0000000088100000, 0x0000000088100000| Complete 
| 125|0x000000008bb00000, 0x000000008bc00000, 0x000000008bc00000|100%| E|CS|TAMS 0x000000008bb00000, 0x000000008bb00000| Complete 

Card table byte_map: [0x0000018b80000000,0x0000018b803f0000] _byte_map_base: 0x0000018b7fbe1000

Marking Bits (Prev, Next): (CMBitMap*) 0x0000018be8fa36e0, (CMBitMap*) 0x0000018be8fa3720
 Prev Bits: [0x0000018b807e0000, 0x0000018b826e8000)
 Next Bits: [0x0000018b826f0000, 0x0000018b845f8000)

Polling page: 0x0000018be8710000

Metaspace:

Usage:
  Non-class:     38.05 MB used.
      Class:      5.92 MB used.
       Both:     43.97 MB used.

Virtual space:
  Non-class space:       40.00 MB reserved,      38.19 MB ( 95%) committed,  5 nodes.
      Class space:        1.00 GB reserved,       6.06 MB ( <1%) committed,  1 nodes.
             Both:        1.04 GB reserved,      44.25 MB (  4%) committed. 

Chunk freelists:
   Non-Class:  1.19 MB
       Class:  1.89 MB
        Both:  3.08 MB

MaxMetaspaceSize: unlimited
CompressedClassSpaceSize: 1.00 GB
Initial GC threshold: 21.00 MB
Current GC threshold: 58.88 MB
CDS: on
MetaspaceReclaimPolicy: balanced
 - commit_granule_bytes: 65536.
 - commit_granule_words: 8192.
 - virtual_space_node_default_size: 1048576.
 - enlarge_chunks_in_place: 1.
 - new_chunks_are_fully_committed: 0.
 - uncommit_free_chunks: 1.
 - use_allocation_guard: 0.
 - handle_deallocations: 1.


Internal statistics:

num_allocs_failed_limit: 6.
num_arena_births: 360.
num_arena_deaths: 0.
num_vsnodes_births: 6.
num_vsnodes_deaths: 0.
num_space_committed: 708.
num_space_uncommitted: 0.
num_chunks_returned_to_freelist: 6.
num_chunks_taken_from_freelist: 1980.
num_chunk_merges: 6.
num_chunk_splits: 1412.
num_chunks_enlarged: 1117.
num_purges: 0.
num_inconsistent_stats: 0.

CodeHeap 'non-profiled nmethods': size=120000Kb used=2725Kb max_used=2725Kb free=117274Kb
 bounds [0x0000018bf8280000, 0x0000018bf8530000, 0x0000018bff7b0000]
CodeHeap 'profiled nmethods': size=120000Kb used=10041Kb max_used=10041Kb free=109958Kb
 bounds [0x0000018bf0d50000, 0x0000018bf1720000, 0x0000018bf8280000]
CodeHeap 'non-nmethods': size=5760Kb used=1285Kb max_used=1314Kb free=4474Kb
 bounds [0x0000018bf07b0000, 0x0000018bf0a20000, 0x0000018bf0d50000]
 total_blobs=5456 nmethods=4866 adapters=501
 compilation: enabled
              stopped_count=0, restarted_count=0
 full_count=0

Compilation events (20 events):
Event: 3.584 Thread 0x0000018b86e43bf0 nmethod 4839 0x0000018bf8522f90 code [0x0000018bf8523120, 0x0000018bf8523238]
Event: 3.584 Thread 0x0000018b86e43bf0 4840       4       sun.net.util.URLUtil::urlNoFragString (114 bytes)
Event: 3.585 Thread 0x0000018b86e4f3f0 4841       3       java.util.regex.Pattern$BitClass::is (22 bytes)
Event: 3.586 Thread 0x0000018b86e4f3f0 nmethod 4841 0x0000018bf1712c90 code [0x0000018bf1712e20, 0x0000018bf1712ff8]
Event: 3.587 Thread 0x0000018b86e4f3f0 4844       3       java.util.regex.Pattern$BranchConn::match (11 bytes)
Event: 3.587 Thread 0x0000018b86e4f3f0 nmethod 4844 0x0000018bf1713110 code [0x0000018bf17132c0, 0x0000018bf1713488]
Event: 3.595 Thread 0x0000018b86e4f3f0 4846       3       org.hibernate.tuple.entity.EntityBasedAssociationAttribute::getType (8 bytes)
Event: 3.595 Thread 0x0000018b86e4f3f0 nmethod 4846 0x0000018bf1713590 code [0x0000018bf1713720, 0x0000018bf1713958]
Event: 3.595 Thread 0x0000018b86e4f3f0 4847       1       org.hibernate.loader.PropertyPath::getFullPath (5 bytes)
Event: 3.595 Thread 0x0000018b86e4f3f0 nmethod 4847 0x0000018bf8523390 code [0x0000018bf8523520, 0x0000018bf85235f8]
Event: 3.595 Thread 0x0000018b86e4f3f0 4848       1       org.hibernate.type.AbstractType::isAnyType (2 bytes)
Event: 3.595 Thread 0x0000018b86e4f3f0 nmethod 4848 0x0000018bf8523690 code [0x0000018bf8523820, 0x0000018bf85238f8]
Event: 3.596 Thread 0x0000018b86e4f3f0 4849       1       org.hibernate.tuple.AbstractNonIdentifierAttribute::sessionFactory (5 bytes)
Event: 3.596 Thread 0x0000018b86e4f3f0 nmethod 4849 0x0000018bf8523990 code [0x0000018bf8523b20, 0x0000018bf8523bf8]
Event: 3.596 Thread 0x0000018b86e4f3f0 4851       1       org.hibernate.type.AbstractType::isCollectionType (2 bytes)
Event: 3.596 Thread 0x0000018b86e4f3f0 nmethod 4851 0x0000018bf8523c90 code [0x0000018bf8523e20, 0x0000018bf8523ef8]
Event: 3.596 Thread 0x0000018b86e4f3f0 4850       1       org.hibernate.tuple.entity.EntityMetamodel::getIdentifierProperty (5 bytes)
Event: 3.596 Thread 0x0000018b86e4f3f0 nmethod 4850 0x0000018bf8523f90 code [0x0000018bf8524120, 0x0000018bf85241f8]
Event: 3.600 Thread 0x0000018b86e4f3f0 4853       1       org.hibernate.persister.entity.AbstractEntityPersister::getFactory (5 bytes)
Event: 3.600 Thread 0x0000018b86e4f3f0 nmethod 4853 0x0000018bf8524290 code [0x0000018bf8524420, 0x0000018bf85244f8]

GC Heap History (14 events):
Event: 0.512 GC heap before
{Heap before GC invocations=0 (full 0):
 garbage-first heap   total 129024K, used 24576K [0x0000000083e00000, 0x0000000100000000)
  region size 1024K, 23 young (23552K), 0 survivors (0K)
 Metaspace       used 5821K, committed 6016K, reserved 1056768K
  class space    used 682K, committed 768K, reserved 1048576K
}
Event: 0.517 GC heap after
{Heap after GC invocations=1 (full 0):
 garbage-first heap   total 129024K, used 9472K [0x0000000083e00000, 0x0000000100000000)
  region size 1024K, 3 young (3072K), 3 survivors (3072K)
 Metaspace       used 5821K, committed 6016K, reserved 1056768K
  class space    used 682K, committed 768K, reserved 1048576K
}
Event: 0.786 GC heap before
{Heap before GC invocations=1 (full 0):
 garbage-first heap   total 129024K, used 35072K [0x0000000083e00000, 0x0000000100000000)
  region size 1024K, 29 young (29696K), 3 survivors (3072K)
 Metaspace       used 12800K, committed 12992K, reserved 1064960K
  class space    used 1563K, committed 1664K, reserved 1048576K
}
Event: 0.791 GC heap after
{Heap after GC invocations=2 (full 0):
 garbage-first heap   total 129024K, used 11190K [0x0000000083e00000, 0x0000000100000000)
  region size 1024K, 2 young (2048K), 2 survivors (2048K)
 Metaspace       used 12800K, committed 12992K, reserved 1064960K
  class space    used 1563K, committed 1664K, reserved 1048576K
}
Event: 1.725 GC heap before
{Heap before GC invocations=2 (full 0):
 garbage-first heap   total 129024K, used 68534K [0x0000000083e00000, 0x0000000100000000)
  region size 1024K, 60 young (61440K), 2 survivors (2048K)
 Metaspace       used 21274K, committed 21504K, reserved 1073152K
  class space    used 2629K, committed 2752K, reserved 1048576K
}
Event: 1.732 GC heap after
{Heap after GC invocations=3 (full 0):
 garbage-first heap   total 129024K, used 15196K [0x0000000083e00000, 0x0000000100000000)
  region size 1024K, 6 young (6144K), 6 survivors (6144K)
 Metaspace       used 21274K, committed 21504K, reserved 1073152K
  class space    used 2629K, committed 2752K, reserved 1048576K
}
Event: 2.364 GC heap before
{Heap before GC invocations=4 (full 0):
 garbage-first heap   total 58368K, used 44892K [0x0000000083e00000, 0x0000000100000000)
  region size 1024K, 36 young (36864K), 6 survivors (6144K)
 Metaspace       used 27101K, committed 27456K, reserved 1073152K
  class space    used 3399K, committed 3584K, reserved 1048576K
}
Event: 2.383 GC heap after
{Heap after GC invocations=5 (full 0):
 garbage-first heap   total 58368K, used 18562K [0x0000000083e00000, 0x0000000100000000)
  region size 1024K, 8 young (8192K), 8 survivors (8192K)
 Metaspace       used 27101K, committed 27456K, reserved 1073152K
  class space    used 3399K, committed 3584K, reserved 1048576K
}
Event: 2.710 GC heap before
{Heap before GC invocations=5 (full 0):
 garbage-first heap   total 58368K, used 38018K [0x0000000083e00000, 0x0000000100000000)
  region size 1024K, 28 young (28672K), 8 survivors (8192K)
 Metaspace       used 31051K, committed 31360K, reserved 1081344K
  class space    used 3960K, committed 4096K, reserved 1048576K
}
Event: 2.716 GC heap after
{Heap after GC invocations=6 (full 0):
 garbage-first heap   total 58368K, used 20109K [0x0000000083e00000, 0x0000000100000000)
  region size 1024K, 2 young (2048K), 2 survivors (2048K)
 Metaspace       used 31051K, committed 31360K, reserved 1081344K
  class space    used 3960K, committed 4096K, reserved 1048576K
}
Event: 2.981 GC heap before
{Heap before GC invocations=6 (full 0):
 garbage-first heap   total 58368K, used 35469K [0x0000000083e00000, 0x0000000100000000)
  region size 1024K, 18 young (18432K), 2 survivors (2048K)
 Metaspace       used 35691K, committed 35968K, reserved 1081344K
  class space    used 4680K, committed 4800K, reserved 1048576K
}
Event: 2.984 GC heap after
{Heap after GC invocations=7 (full 0):
 garbage-first heap   total 70656K, used 20641K [0x0000000083e00000, 0x0000000100000000)
  region size 1024K, 3 young (3072K), 3 survivors (3072K)
 Metaspace       used 35691K, committed 35968K, reserved 1081344K
  class space    used 4680K, committed 4800K, reserved 1048576K
}
Event: 3.457 GC heap before
{Heap before GC invocations=8 (full 0):
 garbage-first heap   total 70656K, used 50337K [0x0000000083e00000, 0x0000000100000000)
  region size 1024K, 32 young (32768K), 3 survivors (3072K)
 Metaspace       used 43396K, committed 43712K, reserved 1089536K
  class space    used 5849K, committed 6016K, reserved 1048576K
}
Event: 3.461 GC heap after
{Heap after GC invocations=9 (full 0):
 garbage-first heap   total 70656K, used 23465K [0x0000000083e00000, 0x0000000100000000)
  region size 1024K, 4 young (4096K), 4 survivors (4096K)
 Metaspace       used 43396K, committed 43712K, reserved 1089536K
  class space    used 5849K, committed 6016K, reserved 1048576K
}

Deoptimization events (20 events):
Event: 3.045 Thread 0x0000018be8f4b5c0 Uncommon trap: trap_request=0xffffff45 fr.pc=0x0000018bf8414568 relative=0x00000000000002c8
Event: 3.045 Thread 0x0000018be8f4b5c0 Uncommon trap: reason=unstable_if action=reinterpret pc=0x0000018bf8414568 method=java.lang.String.getChars(II[CI)V @ 23 c2
Event: 3.045 Thread 0x0000018be8f4b5c0 DEOPT PACKING pc=0x0000018bf8414568 sp=0x0000001aea9fd760
Event: 3.045 Thread 0x0000018be8f4b5c0 DEOPT UNPACKING pc=0x0000018bf0805c23 sp=0x0000001aea9fd720 mode 2
Event: 3.433 Thread 0x0000018be8f4b5c0 Uncommon trap: trap_request=0xffffff45 fr.pc=0x0000018bf83fea1c relative=0x000000000000065c
Event: 3.433 Thread 0x0000018be8f4b5c0 Uncommon trap: reason=unstable_if action=reinterpret pc=0x0000018bf83fea1c method=java.util.HashMap$HashIterator.<init>(Ljava/util/HashMap;)V @ 45 c2
Event: 3.433 Thread 0x0000018be8f4b5c0 DEOPT PACKING pc=0x0000018bf83fea1c sp=0x0000001aea9fc1a0
Event: 3.433 Thread 0x0000018be8f4b5c0 DEOPT UNPACKING pc=0x0000018bf0805c23 sp=0x0000001aea9fc030 mode 2
Event: 3.585 Thread 0x0000018be8f4b5c0 Uncommon trap: trap_request=0xffffff54 fr.pc=0x0000018bf834fcc0 relative=0x00000000000011a0
Event: 3.585 Thread 0x0000018be8f4b5c0 Uncommon trap: reason=speculate_null_assert action=make_not_entrant pc=0x0000018bf834fcc0 method=java.util.jar.JarFile.getVersionedEntry(Ljava/lang/String;Ljava/util/jar/JarEntry;)Ljava/util/jar/JarEntry; @ 115 c2
Event: 3.585 Thread 0x0000018be8f4b5c0 DEOPT PACKING pc=0x0000018bf834fcc0 sp=0x0000001aea9fae00
Event: 3.585 Thread 0x0000018be8f4b5c0 DEOPT UNPACKING pc=0x0000018bf0805c23 sp=0x0000001aea9fad78 mode 2
Event: 3.592 Thread 0x0000018be8f4b5c0 Uncommon trap: trap_request=0xffffff45 fr.pc=0x0000018bf83fba94 relative=0x00000000000002d4
Event: 3.592 Thread 0x0000018be8f4b5c0 Uncommon trap: reason=unstable_if action=reinterpret pc=0x0000018bf83fba94 method=java.util.HashMap.getNode(Ljava/lang/Object;)Ljava/util/HashMap$Node; @ 66 c2
Event: 3.592 Thread 0x0000018be8f4b5c0 DEOPT PACKING pc=0x0000018bf83fba94 sp=0x0000001aea9fda30
Event: 3.592 Thread 0x0000018be8f4b5c0 DEOPT UNPACKING pc=0x0000018bf0805c23 sp=0x0000001aea9fd958 mode 2
Event: 3.595 Thread 0x0000018be8f4b5c0 Uncommon trap: trap_request=0xffffff45 fr.pc=0x0000018bf837d508 relative=0x0000000000002068
Event: 3.595 Thread 0x0000018be8f4b5c0 Uncommon trap: reason=unstable_if action=reinterpret pc=0x0000018bf837d508 method=java.util.HashMap.putVal(ILjava/lang/Object;Ljava/lang/Object;ZZ)Ljava/lang/Object; @ 94 c2
Event: 3.595 Thread 0x0000018be8f4b5c0 DEOPT PACKING pc=0x0000018bf837d508 sp=0x0000001aea9fd9f0
Event: 3.595 Thread 0x0000018be8f4b5c0 DEOPT UNPACKING pc=0x0000018bf0805c23 sp=0x0000001aea9fd8c0 mode 2

Classes unloaded (0 events):
No events

Classes redefined (0 events):
No events

Internal exceptions (20 events):
Event: 1.898 Thread 0x0000018be8f4b5c0 Exception <a 'java/lang/NoSuchMethodError'{0x000000008685ce50}: 'int java.lang.invoke.DirectMethodHandle$Holder.invokeSpecial(java.lang.Object, java.lang.Object, java.lang.Object, java.lang.Object, java.lang.Object)'> (0x000000008685ce50) 
thrown [s\open\src\hotspot\share\interpreter\linkResolver.cpp, line 759]
Event: 1.930 Thread 0x0000018be8f4b5c0 Exception <a 'java/lang/NoSuchMethodError'{0x00000000866565c8}: 'java.lang.Object java.lang.invoke.DirectMethodHandle$Holder.invokeStatic(java.lang.Object, java.lang.Object, int)'> (0x00000000866565c8) 
thrown [s\open\src\hotspot\share\interpreter\linkResolver.cpp, line 759]
Event: 1.931 Thread 0x0000018be8f4b5c0 Exception <a 'java/lang/NoSuchMethodError'{0x0000000086661f68}: 'void java.lang.invoke.DelegatingMethodHandle$Holder.delegate(java.lang.Object, java.lang.Object, int, java.lang.Object)'> (0x0000000086661f68) 
thrown [s\open\src\hotspot\share\interpreter\linkResolver.cpp, line 759]
Event: 1.963 Thread 0x0000018be8f4b5c0 Exception <a 'java/lang/NoSuchMethodError'{0x000000008656aeb0}: 'void java.lang.invoke.DirectMethodHandle$Holder.invokeInterface(java.lang.Object, java.lang.Object, int)'> (0x000000008656aeb0) 
thrown [s\open\src\hotspot\share\interpreter\linkResolver.cpp, line 759]
Event: 1.968 Thread 0x0000018be8f4b5c0 Exception <a 'java/lang/IncompatibleClassChangeError'{0x00000000865bb4e0}: Found class java.lang.Object, but interface was expected> (0x00000000865bb4e0) 
thrown [s\open\src\hotspot\share\interpreter\linkResolver.cpp, line 826]
Event: 1.969 Thread 0x0000018be8f4b5c0 Exception <a 'java/lang/NoSuchMethodError'{0x00000000865c0668}: 'void java.lang.invoke.DirectMethodHandle$Holder.invokeStatic(java.lang.Object, int, java.lang.Object)'> (0x00000000865c0668) 
thrown [s\open\src\hotspot\share\interpreter\linkResolver.cpp, line 759]
Event: 1.973 Thread 0x0000018be8f4b5c0 Exception <a 'java/lang/NoSuchMethodError'{0x00000000865ef8e8}: 'int java.lang.invoke.DirectMethodHandle$Holder.invokeSpecial(java.lang.Object, java.lang.Object, int)'> (0x00000000865ef8e8) 
thrown [s\open\src\hotspot\share\interpreter\linkResolver.cpp, line 759]
Event: 2.086 Thread 0x0000018be8f4b5c0 Exception <a 'java/lang/NoSuchMethodError'{0x0000000086098698}: 'java.lang.Object java.lang.invoke.DirectMethodHandle$Holder.invokeStaticInit(java.lang.Object, int, int, int, int)'> (0x0000000086098698) 
thrown [s\open\src\hotspot\share\interpreter\linkResolver.cpp, line 759]
Event: 2.124 Thread 0x0000018be8f4b5c0 Exception <a 'java/lang/NoSuchMethodError'{0x0000000085f48520}: 'java.lang.Object java.lang.invoke.DirectMethodHandle$Holder.invokeStaticInit(java.lang.Object, java.lang.Object, int, int, int, int)'> (0x0000000085f48520) 
thrown [s\open\src\hotspot\share\interpreter\linkResolver.cpp, line 759]
Event: 2.239 Thread 0x0000018be8f4b5c0 Implicit null exception at 0x0000018bf833fcb4 to 0x0000018bf8342c7c
Event: 2.338 Thread 0x0000018be8f4b5c0 Exception <a 'java/io/FileNotFoundException'{0x0000000085463ff0}> (0x0000000085463ff0) 
thrown [s\open\src\hotspot\share\prims\jni.cpp, line 516]
Event: 2.363 Thread 0x0000018be8f4b5c0 Exception <a 'java/lang/NoSuchMethodError'{0x00000000853f8c68}: 'int java.lang.invoke.DirectMethodHandle$Holder.invokeInterface(java.lang.Object, java.lang.Object, java.lang.Object, java.lang.Object)'> (0x00000000853f8c68) 
thrown [s\open\src\hotspot\share\interpreter\linkResolver.cpp, line 759]
Event: 2.449 Thread 0x0000018be8f4b5c0 Exception <a 'java/lang/NoSuchMethodError'{0x0000000087d2d368}: 'long java.lang.invoke.DirectMethodHandle$Holder.invokeVirtual(java.lang.Object, java.lang.Object)'> (0x0000000087d2d368) 
thrown [s\open\src\hotspot\share\interpreter\linkResolver.cpp, line 759]
Event: 2.452 Thread 0x0000018be8f4b5c0 Exception <a 'java/io/FileNotFoundException'{0x0000000087d59dd0}> (0x0000000087d59dd0) 
thrown [s\open\src\hotspot\share\prims\jni.cpp, line 516]
Event: 2.568 Thread 0x0000018be8f4b5c0 Implicit null exception at 0x0000018bf83c8c2f to 0x0000018bf83c8f4c
Event: 3.081 Thread 0x0000018be8f4b5c0 Exception <a 'java/lang/NoSuchMethodError'{0x0000000087d377c8}: 'java.lang.Object java.lang.invoke.DirectMethodHandle$Holder.invokeStaticInit(java.lang.Object, java.lang.Object, java.lang.Object, java.lang.Object)'> (0x0000000087d377c8) 
thrown [s\open\src\hotspot\share\interpreter\linkResolver.cpp, line 759]
Event: 3.242 Thread 0x0000018be8f4b5c0 Exception <a 'java/lang/NoSuchMethodError'{0x0000000087238538}: 'java.lang.Object java.lang.invoke.DirectMethodHandle$Holder.newInvokeSpecial(java.lang.Object, java.lang.Object, int, java.lang.Object, java.lang.Object)'> (0x0000000087238538) 
thrown [s\open\src\hotspot\share\interpreter\linkResolver.cpp, line 759]
Event: 3.571 Thread 0x0000018be8f4b5c0 Exception <a 'java/lang/NoSuchMethodError'{0x000000008789a710}: 'void java.lang.invoke.DirectMethodHandle$Holder.invokeInterface(java.lang.Object, java.lang.Object)'> (0x000000008789a710) 
thrown [s\open\src\hotspot\share\interpreter\linkResolver.cpp, line 759]
Event: 3.573 Thread 0x0000018be8f4b5c0 Exception <a 'java/lang/NoSuchMethodError'{0x00000000878a8b80}: 'int java.lang.invoke.DirectMethodHandle$Holder.invokeStatic(java.lang.Object, java.lang.Object, int)'> (0x00000000878a8b80) 
thrown [s\open\src\hotspot\share\interpreter\linkResolver.cpp, line 759]
Event: 3.578 Thread 0x0000018be8f4b5c0 Exception <a 'java/lang/NoSuchMethodError'{0x000000008772ca78}: 'java.lang.Object java.lang.invoke.DirectMethodHandle$Holder.invokeStaticInit(java.lang.Object, java.lang.Object, java.lang.Object, java.lang.Object, int, int)'> (0x000000008772ca78) 
thrown [s\open\src\hotspot\share\interpreter\linkResolver.cpp, line 759]

VM Operations (20 events):
Event: 2.455 Executing VM operation: HandshakeAllThreads
Event: 2.455 Executing VM operation: HandshakeAllThreads done
Event: 2.468 Executing VM operation: HandshakeAllThreads
Event: 2.468 Executing VM operation: HandshakeAllThreads done
Event: 2.484 Executing VM operation: HandshakeAllThreads
Event: 2.484 Executing VM operation: HandshakeAllThreads done
Event: 2.710 Executing VM operation: G1CollectForAllocation
Event: 2.716 Executing VM operation: G1CollectForAllocation done
Event: 2.981 Executing VM operation: CollectForMetadataAllocation
Event: 2.984 Executing VM operation: CollectForMetadataAllocation done
Event: 2.997 Executing VM operation: G1Concurrent
Event: 3.000 Executing VM operation: G1Concurrent done
Event: 3.007 Executing VM operation: G1Concurrent
Event: 3.008 Executing VM operation: G1Concurrent done
Event: 3.016 Executing VM operation: HandshakeAllThreads
Event: 3.017 Executing VM operation: HandshakeAllThreads done
Event: 3.457 Executing VM operation: G1CollectForAllocation
Event: 3.461 Executing VM operation: G1CollectForAllocation done
Event: 3.530 Executing VM operation: ICBufferFull
Event: 3.530 Executing VM operation: ICBufferFull done

Events (20 events):
Event: 3.488 loading class sun/reflect/generics/tree/IntSignature
Event: 3.488 loading class sun/reflect/generics/tree/IntSignature done
Event: 3.491 loading class java/lang/reflect/AnnotatedParameterizedType
Event: 3.491 loading class java/lang/reflect/AnnotatedParameterizedType done
Event: 3.583 loading class java/lang/InheritableThreadLocal
Event: 3.583 loading class java/lang/InheritableThreadLocal done
Event: 3.584 loading class java/io/StreamCorruptedException
Event: 3.584 loading class java/io/StreamCorruptedException done
Event: 3.585 loading class java/io/ObjectInputStream$GetField
Event: 3.585 loading class java/io/ObjectInputStream$GetField done
Event: 3.585 loading class java/io/ObjectInputValidation
Event: 3.585 loading class java/io/ObjectInputValidation done
Event: 3.585 loading class java/io/NotActiveException
Event: 3.585 loading class java/io/NotActiveException done
Event: 3.585 loading class java/io/ObjectInputFilter
Event: 3.585 loading class java/io/ObjectInputFilter done
Event: 3.585 loading class java/io/ObjectInputFilter$FilterInfo
Event: 3.585 loading class java/io/ObjectInputFilter$FilterInfo done
Event: 3.585 loading class java/io/ObjectInputFilter$Status
Event: 3.585 loading class java/io/ObjectInputFilter$Status done


Dynamic libraries:
0x00007ff79d370000 - 0x00007ff79d380000 	C:\Program Files\Java\jdk-17.0.4\bin\java.exe
0x00007ffeef2f0000 - 0x00007ffeef504000 	C:\WINDOWS\SYSTEM32\ntdll.dll
0x00007ffeeea90000 - 0x00007ffeeeb53000 	C:\WINDOWS\System32\KERNEL32.DLL
0x00007ffeec9a0000 - 0x00007ffeecd3d000 	C:\WINDOWS\System32\KERNELBASE.dll
0x00007ffeecd40000 - 0x00007ffeece51000 	C:\WINDOWS\System32\ucrtbase.dll
0x00007ffee1d70000 - 0x00007ffee1d88000 	C:\Program Files\Java\jdk-17.0.4\bin\jli.dll
0x00007ffe76180000 - 0x00007ffe7619a000 	C:\Program Files\Java\jdk-17.0.4\bin\VCRUNTIME140.dll
0x00007ffeee130000 - 0x00007ffeee1de000 	C:\WINDOWS\System32\ADVAPI32.dll
0x00007ffeeef40000 - 0x00007ffeeefe7000 	C:\WINDOWS\System32\msvcrt.dll
0x00007ffeed2d0000 - 0x00007ffeed374000 	C:\WINDOWS\System32\sechost.dll
0x00007ffeeebf0000 - 0x00007ffeeed05000 	C:\WINDOWS\System32\RPCRT4.dll
0x00007ffeed120000 - 0x00007ffeed2cd000 	C:\WINDOWS\System32\USER32.dll
0x00007ffeed0b0000 - 0x00007ffeed0d6000 	C:\WINDOWS\System32\win32u.dll
0x00007ffed9ed0000 - 0x00007ffeda15e000 	C:\WINDOWS\WinSxS\amd64_microsoft.windows.common-controls_6595b64144ccf1df_6.0.22621.608_none_a9444ca7c10bb01d\COMCTL32.dll
0x00007ffeeeea0000 - 0x00007ffeeeec9000 	C:\WINDOWS\System32\GDI32.dll
0x00007ffeecf90000 - 0x00007ffeed0a2000 	C:\WINDOWS\System32\gdi32full.dll
0x00007ffeec880000 - 0x00007ffeec91a000 	C:\WINDOWS\System32\msvcp_win.dll
0x00007ffee22e0000 - 0x00007ffee22ea000 	C:\WINDOWS\SYSTEM32\VERSION.dll
0x00007ffeed0e0000 - 0x00007ffeed112000 	C:\WINDOWS\System32\IMM32.DLL
0x00007ffee92f0000 - 0x00007ffee92fc000 	C:\Program Files\Java\jdk-17.0.4\bin\vcruntime140_1.dll
0x00007ffe74160000 - 0x00007ffe741ed000 	C:\Program Files\Java\jdk-17.0.4\bin\msvcp140.dll
0x00007ffe654c0000 - 0x00007ffe66082000 	C:\Program Files\Java\jdk-17.0.4\bin\server\jvm.dll
0x00007ffeed390000 - 0x00007ffeed398000 	C:\WINDOWS\System32\PSAPI.DLL
0x00007ffee2b90000 - 0x00007ffee2bc4000 	C:\WINDOWS\SYSTEM32\WINMM.dll
0x00007ffeccb00000 - 0x00007ffeccb09000 	C:\WINDOWS\SYSTEM32\WSOCK32.dll
0x00007ffeed8a0000 - 0x00007ffeed911000 	C:\WINDOWS\System32\WS2_32.dll
0x00007ffeeb850000 - 0x00007ffeeb868000 	C:\WINDOWS\SYSTEM32\kernel.appcore.dll
0x00007ffeae700000 - 0x00007ffeae70a000 	C:\Program Files\Java\jdk-17.0.4\bin\jimage.dll
0x00007ffeea120000 - 0x00007ffeea34e000 	C:\WINDOWS\SYSTEM32\DBGHELP.DLL
0x00007ffeed920000 - 0x00007ffeedcaa000 	C:\WINDOWS\System32\combase.dll
0x00007ffeed3a0000 - 0x00007ffeed477000 	C:\WINDOWS\System32\OLEAUT32.dll
0x00007ffecb160000 - 0x00007ffecb192000 	C:\WINDOWS\SYSTEM32\dbgcore.DLL
0x00007ffeec920000 - 0x00007ffeec99b000 	C:\WINDOWS\System32\bcryptPrimitives.dll
0x00007ffee93c0000 - 0x00007ffee93ce000 	C:\Program Files\Java\jdk-17.0.4\bin\instrument.dll
0x00007ffe74130000 - 0x00007ffe74155000 	C:\Program Files\Java\jdk-17.0.4\bin\java.dll
0x00007ffe74050000 - 0x00007ffe74126000 	C:\Program Files\Java\jdk-17.0.4\bin\jsvml.dll
0x00007ffeee2a0000 - 0x00007ffeeea8f000 	C:\WINDOWS\System32\SHELL32.dll
0x00007ffeea850000 - 0x00007ffeeb118000 	C:\WINDOWS\SYSTEM32\windows.storage.dll
0x00007ffeea710000 - 0x00007ffeea84e000 	C:\WINDOWS\SYSTEM32\wintypes.dll
0x00007ffeeeda0000 - 0x00007ffeeee91000 	C:\WINDOWS\System32\SHCORE.dll
0x00007ffeeeed0000 - 0x00007ffeeef2e000 	C:\WINDOWS\System32\shlwapi.dll
0x00007ffeec640000 - 0x00007ffeec661000 	C:\WINDOWS\SYSTEM32\profapi.dll
0x00007ffe73020000 - 0x00007ffe73038000 	C:\Program Files\Java\jdk-17.0.4\bin\zip.dll
0x00007ffe74030000 - 0x00007ffe74049000 	C:\Program Files\Java\jdk-17.0.4\bin\net.dll
0x00007ffee5d10000 - 0x00007ffee5e3f000 	C:\WINDOWS\SYSTEM32\WINHTTP.dll
0x00007ffeebcc0000 - 0x00007ffeebd29000 	C:\WINDOWS\system32\mswsock.dll
0x00007ffe74010000 - 0x00007ffe74026000 	C:\Program Files\Java\jdk-17.0.4\bin\nio.dll
0x00007ffee92d0000 - 0x00007ffee92ea000 	C:\Users\dadiallo\AppData\Local\JetBrains\IntelliJ IDEA Community Edition 2022.2\bin\breakgen64.dll
0x00007ffeae3a0000 - 0x00007ffeae3b0000 	C:\Program Files\Java\jdk-17.0.4\bin\verify.dll
0x00007ffee9360000 - 0x00007ffee9369000 	C:\Program Files\Java\jdk-17.0.4\bin\management.dll
0x00007ffee6820000 - 0x00007ffee682b000 	C:\Program Files\Java\jdk-17.0.4\bin\management_ext.dll
0x00007ffed0470000 - 0x00007ffed0487000 	C:\WINDOWS\system32\napinsp.dll
0x00007ffed0450000 - 0x00007ffed046b000 	C:\WINDOWS\system32\pnrpnsp.dll
0x00007ffeeb280000 - 0x00007ffeeb372000 	C:\WINDOWS\SYSTEM32\DNSAPI.dll
0x00007ffeeb250000 - 0x00007ffeeb27d000 	C:\WINDOWS\SYSTEM32\IPHLPAPI.DLL
0x00007ffeed890000 - 0x00007ffeed899000 	C:\WINDOWS\System32\NSI.dll
0x00007ffebca70000 - 0x00007ffebca81000 	C:\WINDOWS\System32\winrnr.dll
0x00007ffebac20000 - 0x00007ffebac35000 	C:\WINDOWS\system32\wshbth.dll
0x00007ffebabf0000 - 0x00007ffebac11000 	C:\WINDOWS\system32\nlansp_c.dll
0x00007ffee29b0000 - 0x00007ffee29ba000 	C:\Windows\System32\rasadhlp.dll
0x00007ffee4130000 - 0x00007ffee41b3000 	C:\WINDOWS\System32\fwpuclnt.dll
0x00007ffeebf10000 - 0x00007ffeebf2b000 	C:\WINDOWS\SYSTEM32\CRYPTSP.dll
0x00007ffeeb7c0000 - 0x00007ffeeb7f5000 	C:\WINDOWS\system32\rsaenh.dll
0x00007ffeebdb0000 - 0x00007ffeebdd8000 	C:\WINDOWS\SYSTEM32\USERENV.dll
0x00007ffeec0a0000 - 0x00007ffeec0c8000 	C:\WINDOWS\SYSTEM32\bcrypt.dll
0x00007ffeebf30000 - 0x00007ffeebf3c000 	C:\WINDOWS\SYSTEM32\CRYPTBASE.dll
0x00007ffee41c0000 - 0x00007ffee41d9000 	C:\WINDOWS\SYSTEM32\dhcpcsvc6.DLL
0x00007ffee4110000 - 0x00007ffee412f000 	C:\WINDOWS\SYSTEM32\dhcpcsvc.DLL
0x00007ffede100000 - 0x00007ffede10e000 	C:\Program Files\Java\jdk-17.0.4\bin\sunmscapi.dll
0x00007ffeec710000 - 0x00007ffeec876000 	C:\WINDOWS\System32\CRYPT32.dll
0x00007ffeec070000 - 0x00007ffeec09d000 	C:\WINDOWS\SYSTEM32\ncrypt.dll
0x00007ffeec030000 - 0x00007ffeec067000 	C:\WINDOWS\SYSTEM32\NTASN1.dll

dbghelp: loaded successfully - version: 4.0.5 - missing functions: none
symbol engine: initialized successfully - sym options: 0x614 - pdb path: .;C:\Program Files\Java\jdk-17.0.4\bin;C:\WINDOWS\SYSTEM32;C:\WINDOWS\WinSxS\amd64_microsoft.windows.common-controls_6595b64144ccf1df_6.0.22621.608_none_a9444ca7c10bb01d;C:\Program Files\Java\jdk-17.0.4\bin\server;C:\Users\dadiallo\AppData\Local\JetBrains\IntelliJ IDEA Community Edition 2022.2\bin

VM Arguments:
jvm_args: -javaagent:C:\Users\dadiallo\AppData\Local\JetBrains\IntelliJ IDEA Community Edition 2022.2\lib\idea_rt.jar=64361:C:\Users\dadiallo\AppData\Local\JetBrains\IntelliJ IDEA Community Edition 2022.2\bin -Dfile.encoding=UTF-8 
java_command: com.odk.odcinterview.OdcInterviewApplication
java_class_path (initial): C:\Users\dadiallo\IdeaProjects\OdcInterview\target\classes;C:\Users\dadiallo\.m2\repository\org\springframework\boot\spring-boot-starter-data-jpa\2.7.5\spring-boot-starter-data-jpa-2.7.5.jar;C:\Users\dadiallo\.m2\repository\org\springframework\boot\spring-boot-starter-aop\2.7.5\spring-boot-starter-aop-2.7.5.jar;C:\Users\dadiallo\.m2\repository\org\aspectj\aspectjweaver\1.9.7\aspectjweaver-1.9.7.jar;C:\Users\dadiallo\.m2\repository\org\springframework\boot\spring-boot-starter-jdbc\2.7.5\spring-boot-starter-jdbc-2.7.5.jar;C:\Users\dadiallo\.m2\repository\com\zaxxer\HikariCP\4.0.3\HikariCP-4.0.3.jar;C:\Users\dadiallo\.m2\repository\org\springframework\spring-jdbc\5.3.23\spring-jdbc-5.3.23.jar;C:\Users\dadiallo\.m2\repository\jakarta\transaction\jakarta.transaction-api\1.3.3\jakarta.transaction-api-1.3.3.jar;C:\Users\dadiallo\.m2\repository\jakarta\persistence\jakarta.persistence-api\2.2.3\jakarta.persistence-api-2.2.3.jar;C:\Users\dadiallo\.m2\repository\org\hibernate\hibernate-core\5.6.12.Final\hibernate-core-5.6.12.Final.jar;C:\Users\dadiallo\.m2\repository\org\jboss\logging\jboss-logging\3.4.3.Final\jboss-logging-3.4.3.Final.jar;C:\Users\dadiallo\.m2\repository\net\bytebuddy\byte-buddy\1.12.18\byte-buddy-1.12.18.jar;C:\Users\dadiallo\.m2\repository\antlr\antlr\2.7.7\antlr-2.7.7.jar;C:\Users\dadiallo\.m2\repository\org\jboss\jandex\2.4.2.Final\jandex-2.4.2.Final.jar;C:\Users\dadiallo\.m2\repository\com\fasterxml\classmate\1.5.1\classmate-1.5.1.jar;C:\Users\dadiallo\.m2\repository\org\hibernate\common\hibernate-commons-annotations\5.1.2.Final\hibernate-commons-annotations-5.1.2.Final.jar;C:\Users\dadiallo\.m2\repository\org\glassfish\jaxb\jaxb-runtime\2.3.7\jaxb-runtime-2.3.7.jar;C:\Users\dadiallo\.m2\repository\org\glassfish\jaxb\txw2\2.3.7\txw2-2.3.7.jar;C:\Users\dadiallo\.m2\repository\com\sun\istack\istack-commons-runtime\3.0.12\istack-commons-runtime-3.0.12.jar;C:\Users\dadiallo\.m2\repository\com\sun\activation\jakarta.activation\1.2
Launcher Type: SUN_STANDARD

[Global flags]
     intx CICompilerCount                          = 4                                         {product} {ergonomic}
     uint ConcGCThreads                            = 2                                         {product} {ergonomic}
     uint G1ConcRefinementThreads                  = 8                                         {product} {ergonomic}
   size_t G1HeapRegionSize                         = 1048576                                   {product} {ergonomic}
    uintx GCDrainStackTargetSize                   = 64                                        {product} {ergonomic}
   size_t InitialHeapSize                          = 132120576                                 {product} {ergonomic}
   size_t MarkStackSize                            = 4194304                                   {product} {ergonomic}
   size_t MaxHeapSize                              = 2082471936                                {product} {ergonomic}
   size_t MaxNewSize                               = 1248854016                                {product} {ergonomic}
   size_t MinHeapDeltaBytes                        = 1048576                                   {product} {ergonomic}
   size_t MinHeapSize                              = 8388608                                   {product} {ergonomic}
    uintx NonNMethodCodeHeapSize                   = 5839372                                {pd product} {ergonomic}
    uintx NonProfiledCodeHeapSize                  = 122909434                              {pd product} {ergonomic}
    uintx ProfiledCodeHeapSize                     = 122909434                              {pd product} {ergonomic}
    uintx ReservedCodeCacheSize                    = 251658240                              {pd product} {ergonomic}
     bool SegmentedCodeCache                       = true                                      {product} {ergonomic}
   size_t SoftMaxHeapSize                          = 2082471936                             {manageable} {ergonomic}
     bool UseCompressedClassPointers               = true                           {product lp64_product} {ergonomic}
     bool UseCompressedOops                        = true                           {product lp64_product} {ergonomic}
     bool UseG1GC                                  = true                                      {product} {ergonomic}
     bool UseLargePagesIndividualAllocation        = false                                  {pd product} {ergonomic}

Logging:
Log output configuration:
 #0: stdout all=warning uptime,level,tags
 #1: stderr all=off uptime,level,tags

Environment Variables:
PATH=C:\Program Files\Common Files\Oracle\Java\javapath;C:\Program Files (x86)\Common Files\Oracle\Java\javapath;C:\WINDOWS\system32;C:\WINDOWS;C:\WINDOWS\System32\Wbem;C:\WINDOWS\System32\WindowsPowerShell\v1.0\;C:\WINDOWS\System32\OpenSSH\;C:\Program Files\Git\cmd;C:\Users\tiemoko.sogoba\flutter\bin;C:\Users\tiemoko.sogoba\apache-maven-3.8.2\bin;C:\Program Files\Java\jdk-16.0.2\bin;C:\Program Files\nodejs\;C:\Users\dadiallo\scoop\shims;C:\Users\dadiallo\AppData\Local\Programs\Python\Python310\Scripts\;C:\Users\dadiallo\AppData\Local\Programs\Python\Python310\;C:\Users\dadiallo\AppData\Local\Programs\Python\Launcher\;C:\Users\dadiallo\AppData\Local\Microsoft\WindowsApps;C:\Users\dadiallo\AppData\Local\Programs\Microsoft VS Code\bin;C:\dart-sdk\bin;C:\Users\dadiallo\Desktop\Swagger\node_modules\http-server\bin;C:\Maven\apache-maven-3.8.6\bin;C:\Users\dadiallo\AppData\Roaming\npm\;C:\flutter\bin;;C:\Users\dadiallo\AppData\Local\JetBrains\IntelliJ IDEA 2022.2\bin;;C:\Users\dadiallo\AppData\Roaming\npm
USERNAME=dadiallo
OS=Windows_NT
PROCESSOR_IDENTIFIER=Intel64 Family 6 Model 140 Stepping 1, GenuineIntel



---------------  S Y S T E M  ---------------

OS:
 Windows 11 , 64 bit Build 22621 (10.0.22621.1105)
OS uptime: 1 days 5:49 hours

CPU: total 8 (initial active 8) (4 cores per cpu, 2 threads per core) family 6 model 140 stepping 1 microcode 0xa4, cx8, cmov, fxsr, ht, mmx, 3dnowpref, sse, sse2, sse3, ssse3, sse4.1, sse4.2, popcnt, lzcnt, tsc, tscinvbit, avx, avx2, aes, erms, clmul, bmi1, bmi2, adx, avx512f, avx512dq, avx512cd, avx512bw, avx512vl, sha, fma, vzeroupper, avx512_vpopcntdq, avx512_vpclmulqdq, avx512_vaes, avx512_vnni, clflush, clflushopt, clwb, avx512_vbmi2, avx512_vbmi

Memory: 4k page, system-wide physical 7941M (245M free)
TotalPageFile size 28989M (AvailPageFile size 5M)
current process WorkingSet (physical memory assigned to process): 237M, peak: 237M
current process commit charge ("private bytes"): 277M, peak: 278M

vm_info: Java HotSpot(TM) 64-Bit Server VM (17.0.4+11-LTS-179) for windows-amd64 JRE (17.0.4+11-LTS-179), built on Jun 28 2022 08:23:05 by "mach5one" with MS VC++ 16.8 / 16.9 (VS2019)

END.
