#
# There is insufficient memory for the Java Runtime Environment to continue.
# Native memory allocation (malloc) failed to allocate 1345776 bytes for Chunk::new
# Possible reasons:
#   The system is out of physical RAM or swap space
#   The process is running with CompressedOops enabled, and the Java Heap may be blocking the growth of the native heap
# Possible solutions:
#   Reduce memory load on the system
#   Increase physical memory or swap space
#   Check if swap backing store is full
#   Decrease Java heap size (-Xmx/-Xms)
#   Decrease number of Java threads
#   Decrease Java thread stack sizes (-Xss)
#   Set larger code cache with -XX:ReservedCodeCacheSize=
#   JVM is running with Unscaled Compressed Oops mode in which the Java heap is
#     placed in the first 4GB address space. The Java Heap base address is the
#     maximum limit for the native heap growth. Please use -XX:HeapBaseMinAddress
#     to set the Java Heap base and to place the Java Heap above 4GB virtual address.
# This output file may be truncated or incomplete.
#
#  Out of Memory Error (arena.cpp:189), pid=924, tid=13132
#
# JRE version: Java(TM) SE Runtime Environment (17.0.4+11) (build 17.0.4+11-LTS-179)
# Java VM: Java HotSpot(TM) 64-Bit Server VM (17.0.4+11-LTS-179, mixed mode, sharing, tiered, compressed oops, compressed class ptrs, g1 gc, windows-amd64)
# No core dump will be written. Minidumps are not enabled by default on client versions of Windows
#

---------------  S U M M A R Y ------------

Command Line: -javaagent:C:\Users\dadiallo\AppData\Local\JetBrains\IntelliJ IDEA Community Edition 2022.2\lib\idea_rt.jar=57950:C:\Users\dadiallo\AppData\Local\JetBrains\IntelliJ IDEA Community Edition 2022.2\bin -Dfile.encoding=UTF-8 com.odk.odcinterview.OdcInterviewApplication

Host: 11th Gen Intel(R) Core(TM) i7-1165G7 @ 2.80GHz, 8 cores, 7G,  Windows 11 , 64 bit Build 22621 (10.0.22621.1105)
Time: Tue Feb  7 14:27:46 2023 Temps universel coordonné elapsed time: 237.374231 seconds (0d 0h 3m 57s)

---------------  T H R E A D  ---------------

Current thread (0x000002bcb14265a0):  JavaThread "C2 CompilerThread0" daemon [_thread_in_native, id=13132, stack(0x000000f2ff500000,0x000000f2ff600000)]


Current CompileTask:
C2: 237374 11717   !   4       org.apache.catalina.core.StandardWrapperValve::invoke (2665 bytes)

Stack: [0x000000f2ff500000,0x000000f2ff600000]
Native frames: (J=compiled Java code, j=interpreted, Vv=VM code, C=native code)
V  [jvm.dll+0x6723da]
V  [jvm.dll+0x7d1f74]
V  [jvm.dll+0x7d371e]
V  [jvm.dll+0x7d3d83]
V  [jvm.dll+0x242ed5]
V  [jvm.dll+0xaa57b]
V  [jvm.dll+0xaab0c]
V  [jvm.dll+0x3603f2]
V  [jvm.dll+0x32a7e1]
V  [jvm.dll+0x329c8a]
V  [jvm.dll+0x215ff1]
V  [jvm.dll+0x215411]
V  [jvm.dll+0x1a1fcd]
V  [jvm.dll+0x224c78]
V  [jvm.dll+0x222de5]
V  [jvm.dll+0x787a5b]
V  [jvm.dll+0x78201a]
V  [jvm.dll+0x671265]
C  [ucrtbase.dll+0x29363]
C  [KERNEL32.DLL+0x126bd]
C  [ntdll.dll+0x5dfb8]


---------------  P R O C E S S  ---------------

Threads class SMR info:
_java_thread_list=0x000002bcb665a6f0, length=30, elements={
0x000002bcb140e330, 0x000002bcb140eee0, 0x000002bcb1423360, 0x000002bcb1423d10,
0x000002bcb14246c0, 0x000002bcb1425070, 0x000002bcb14265a0, 0x000002bcb1429050,
0x000002bcb142a960, 0x000002bcb13f65d0, 0x000002bcb225d9f0, 0x000002bcb225dec0,
0x000002bcb50cc400, 0x000002bcb5972bb0, 0x000002bcb585d240, 0x000002bcb5baa9c0,
0x000002bcb651d840, 0x000002bcb3415a00, 0x000002bcb3415ed0, 0x000002bcb34163a0,
0x000002bcb93331b0, 0x000002bcb9335d00, 0x000002bcb9330b30, 0x000002bcb93314d0,
0x000002bcb9334e90, 0x000002bcb9331000, 0x000002bcb93319a0, 0x000002bcb9332ce0,
0x000002bcb9331e70, 0x000002bcb9335360
}

Java Threads: ( => current thread )
  0x000002bcb140e330 JavaThread "Reference Handler" daemon [_thread_blocked, id=1652, stack(0x000000f2fef00000,0x000000f2ff000000)]
  0x000002bcb140eee0 JavaThread "Finalizer" daemon [_thread_blocked, id=12944, stack(0x000000f2ff000000,0x000000f2ff100000)]
  0x000002bcb1423360 JavaThread "Signal Dispatcher" daemon [_thread_blocked, id=6060, stack(0x000000f2ff100000,0x000000f2ff200000)]
  0x000002bcb1423d10 JavaThread "Attach Listener" daemon [_thread_blocked, id=12904, stack(0x000000f2ff200000,0x000000f2ff300000)]
  0x000002bcb14246c0 JavaThread "Service Thread" daemon [_thread_blocked, id=8432, stack(0x000000f2ff300000,0x000000f2ff400000)]
  0x000002bcb1425070 JavaThread "Monitor Deflation Thread" daemon [_thread_blocked, id=7560, stack(0x000000f2ff400000,0x000000f2ff500000)]
=>0x000002bcb14265a0 JavaThread "C2 CompilerThread0" daemon [_thread_in_native, id=13132, stack(0x000000f2ff500000,0x000000f2ff600000)]
  0x000002bcb1429050 JavaThread "C1 CompilerThread0" daemon [_thread_blocked, id=288, stack(0x000000f2ff600000,0x000000f2ff700000)]
  0x000002bcb142a960 JavaThread "Sweeper thread" daemon [_thread_blocked, id=14044, stack(0x000000f2ff700000,0x000000f2ff800000)]
  0x000002bcb13f65d0 JavaThread "Common-Cleaner" daemon [_thread_blocked, id=7080, stack(0x000000f2ff800000,0x000000f2ff900000)]
  0x000002bcb225d9f0 JavaThread "Monitor Ctrl-Break" daemon [_thread_in_native, id=16220, stack(0x000000f2ff900000,0x000000f2ffa00000)]
  0x000002bcb225dec0 JavaThread "Notification Thread" daemon [_thread_blocked, id=15084, stack(0x000000f2ffa00000,0x000000f2ffb00000)]
  0x000002bcb50cc400 JavaThread "Catalina-utility-1" [_thread_blocked, id=7600, stack(0x000000f280600000,0x000000f280700000)]
  0x000002bcb5972bb0 JavaThread "Catalina-utility-2" [_thread_blocked, id=14568, stack(0x000000f280700000,0x000000f280800000)]
  0x000002bcb585d240 JavaThread "container-0" [_thread_blocked, id=12196, stack(0x000000f280800000,0x000000f280900000)]
  0x000002bcb5baa9c0 JavaThread "mysql-cj-abandoned-connection-cleanup" daemon [_thread_blocked, id=8340, stack(0x000000f280900000,0x000000f280a00000)]
  0x000002bcb651d840 JavaThread "HikariPool-1 housekeeper" daemon [_thread_blocked, id=11020, stack(0x000000f280b00000,0x000000f280c00000)]
  0x000002bcb3415a00 JavaThread "http-nio-8080-exec-1" daemon [_thread_blocked, id=13376, stack(0x000000f280d00000,0x000000f280e00000)]
  0x000002bcb3415ed0 JavaThread "http-nio-8080-exec-2" daemon [_thread_blocked, id=8460, stack(0x000000f280e00000,0x000000f280f00000)]
  0x000002bcb34163a0 JavaThread "http-nio-8080-exec-3" daemon [_thread_blocked, id=9916, stack(0x000000f280f00000,0x000000f281000000)]
  0x000002bcb93331b0 JavaThread "http-nio-8080-exec-4" daemon [_thread_blocked, id=13500, stack(0x000000f281000000,0x000000f281100000)]
  0x000002bcb9335d00 JavaThread "http-nio-8080-exec-5" daemon [_thread_blocked, id=16920, stack(0x000000f281100000,0x000000f281200000)]
  0x000002bcb9330b30 JavaThread "http-nio-8080-exec-6" daemon [_thread_blocked, id=996, stack(0x000000f281200000,0x000000f281300000)]
  0x000002bcb93314d0 JavaThread "http-nio-8080-exec-7" daemon [_thread_blocked, id=3992, stack(0x000000f281300000,0x000000f281400000)]
  0x000002bcb9334e90 JavaThread "http-nio-8080-exec-8" daemon [_thread_blocked, id=14972, stack(0x000000f281400000,0x000000f281500000)]
  0x000002bcb9331000 JavaThread "http-nio-8080-exec-9" daemon [_thread_blocked, id=16644, stack(0x000000f281500000,0x000000f281600000)]
  0x000002bcb93319a0 JavaThread "http-nio-8080-exec-10" daemon [_thread_blocked, id=9968, stack(0x000000f281600000,0x000000f281700000)]
  0x000002bcb9332ce0 JavaThread "http-nio-8080-Poller" daemon [_thread_in_native, id=13680, stack(0x000000f281700000,0x000000f281800000)]
  0x000002bcb9331e70 JavaThread "http-nio-8080-Acceptor" daemon [_thread_in_native, id=13332, stack(0x000000f281800000,0x000000f281900000)]
  0x000002bcb9335360 JavaThread "DestroyJavaVM" [_thread_blocked, id=14540, stack(0x000000f2fe800000,0x000000f2fe900000)]

Other Threads:
  0x000002bcb14081e0 VMThread "VM Thread" [stack: 0x000000f2fee00000,0x000000f2fef00000] [id=12360]
  0x000002bc934fd9b0 WatcherThread [stack: 0x000000f2ffb00000,0x000000f2ffc00000] [id=6784]
  0x000002bc934e2c20 GCTaskThread "GC Thread#0" [stack: 0x000000f2fe900000,0x000000f2fea00000] [id=8552]
  0x000002bcb25ebfe0 GCTaskThread "GC Thread#1" [stack: 0x000000f2ffd00000,0x000000f2ffe00000] [id=11696]
  0x000002bcb25ec290 GCTaskThread "GC Thread#2" [stack: 0x000000f2ffe00000,0x000000f2fff00000] [id=1972]
  0x000002bcb25eb270 GCTaskThread "GC Thread#3" [stack: 0x000000f2fff00000,0x000000f300000000] [id=16272]
  0x000002bcb25eafc0 GCTaskThread "GC Thread#4" [stack: 0x000000f280000000,0x000000f280100000] [id=15964]
  0x000002bcb25ebd30 GCTaskThread "GC Thread#5" [stack: 0x000000f280100000,0x000000f280200000] [id=5160]
  0x000002bcb25ec540 GCTaskThread "GC Thread#6" [stack: 0x000000f280200000,0x000000f280300000] [id=9364]
  0x000002bcb25eb7d0 GCTaskThread "GC Thread#7" [stack: 0x000000f280500000,0x000000f280600000] [id=17316]
  0x000002bc934f3500 ConcurrentGCThread "G1 Main Marker" [stack: 0x000000f2fea00000,0x000000f2feb00000] [id=6936]
  0x000002bc934f5820 ConcurrentGCThread "G1 Conc#0" [stack: 0x000000f2feb00000,0x000000f2fec00000] [id=14776]
  0x000002bcb3a88310 ConcurrentGCThread "G1 Conc#1" [stack: 0x000000f280400000,0x000000f280500000] [id=3364]
  0x000002bc9354db90 ConcurrentGCThread "G1 Refine#0" [stack: 0x000000f2fec00000,0x000000f2fed00000] [id=6372]
  0x000002bcb2a66a80 ConcurrentGCThread "G1 Refine#1" [stack: 0x000000f280300000,0x000000f280400000] [id=17616]
  0x000002bc9354e450 ConcurrentGCThread "G1 Service" [stack: 0x000000f2fed00000,0x000000f2fee00000] [id=12980]

Threads with active compile tasks:
C2 CompilerThread0   237406 11717   !   4       org.apache.catalina.core.StandardWrapperValve::invoke (2665 bytes)

VM state: not at safepoint (normal execution)

VM Mutex/Monitor currently owned by a thread: None

Heap address: 0x0000000083e00000, size: 1986 MB, Compressed Oops mode: 32-bit

CDS archive(s) mapped at: [0x0000000800000000-0x0000000800bc0000-0x0000000800bc0000), size 12320768, SharedBaseAddress: 0x0000000800000000, ArchiveRelocationMode: 0.
Compressed class space mapped at: 0x0000000800c00000-0x0000000840c00000, reserved size: 1073741824
Narrow klass base: 0x0000000800000000, Narrow klass shift: 0, Narrow klass range: 0x100000000

GC Precious Log:
 CPUs: 8 total, 8 available
 Memory: 7941M
 Large Page Support: Disabled
 NUMA Support: Disabled
 Compressed Oops: Enabled (32-bit)
 Heap Region Size: 1M
 Heap Min Capacity: 8M
 Heap Initial Capacity: 126M
 Heap Max Capacity: 1986M
 Pre-touch: Disabled
 Parallel Workers: 8
 Concurrent Workers: 2
 Concurrent Refinement Workers: 8
 Periodic GC: Disabled

Heap:
 garbage-first heap   total 116736K, used 73888K [0x0000000083e00000, 0x0000000100000000)
  region size 1024K, 44 young (45056K), 4 survivors (4096K)
 Metaspace       used 65909K, committed 66432K, reserved 1114112K
  class space    used 8387K, committed 8640K, reserved 1048576K

Heap Regions: E=young(eden), S=young(survivor), O=old, HS=humongous(starts), HC=humongous(continues), CS=collection set, F=free, OA=open archive, CA=closed archive, TAMS=top-at-mark-start (previous, next)
|   0|0x0000000083e00000, 0x0000000083f00000, 0x0000000083f00000|100%|HS|  |TAMS 0x0000000083f00000, 0x0000000083e00000| Complete 
|   1|0x0000000083f00000, 0x0000000084000000, 0x0000000084000000|100%|HS|  |TAMS 0x0000000084000000, 0x0000000083f00000| Complete 
|   2|0x0000000084000000, 0x0000000084100000, 0x0000000084100000|100%| O|  |TAMS 0x0000000084100000, 0x0000000084000000| Untracked 
|   3|0x0000000084100000, 0x0000000084200000, 0x0000000084200000|100%| O|  |TAMS 0x0000000084200000, 0x0000000084100000| Untracked 
|   4|0x0000000084200000, 0x0000000084300000, 0x0000000084300000|100%| O|  |TAMS 0x0000000084300000, 0x0000000084200000| Untracked 
|   5|0x0000000084300000, 0x0000000084400000, 0x0000000084400000|100%| O|  |TAMS 0x0000000084400000, 0x0000000084300000| Untracked 
|   6|0x0000000084400000, 0x0000000084500000, 0x0000000084500000|100%| O|  |TAMS 0x0000000084500000, 0x0000000084400000| Untracked 
|   7|0x0000000084500000, 0x0000000084600000, 0x0000000084600000|100%| O|  |TAMS 0x0000000084600000, 0x0000000084500000| Untracked 
|   8|0x0000000084600000, 0x0000000084700000, 0x0000000084700000|100%| O|  |TAMS 0x0000000084700000, 0x0000000084600000| Untracked 
|   9|0x0000000084700000, 0x0000000084800000, 0x0000000084800000|100%| O|  |TAMS 0x0000000084700000, 0x0000000084700000| Untracked 
|  10|0x0000000084800000, 0x0000000084900000, 0x0000000084900000|100%| O|  |TAMS 0x0000000084900000, 0x0000000084800000| Untracked 
|  11|0x0000000084900000, 0x0000000084a00000, 0x0000000084a00000|100%| O|  |TAMS 0x0000000084a00000, 0x0000000084900000| Untracked 
|  12|0x0000000084a00000, 0x0000000084b00000, 0x0000000084b00000|100%| O|  |TAMS 0x0000000084b00000, 0x0000000084a00000| Untracked 
|  13|0x0000000084b00000, 0x0000000084c00000, 0x0000000084c00000|100%| O|  |TAMS 0x0000000084b00000, 0x0000000084b00000| Untracked 
|  14|0x0000000084c00000, 0x0000000084d00000, 0x0000000084d00000|100%| O|  |TAMS 0x0000000084c00000, 0x0000000084c00000| Untracked 
|  15|0x0000000084d00000, 0x0000000084e00000, 0x0000000084e00000|100%| O|  |TAMS 0x0000000084d00000, 0x0000000084d00000| Untracked 
|  16|0x0000000084e00000, 0x0000000084f00000, 0x0000000084f00000|100%| O|  |TAMS 0x0000000084e00000, 0x0000000084e00000| Untracked 
|  17|0x0000000084f00000, 0x0000000085000000, 0x0000000085000000|100%| O|  |TAMS 0x0000000084f00000, 0x0000000084f00000| Untracked 
|  18|0x0000000085000000, 0x0000000085100000, 0x0000000085100000|100%| O|  |TAMS 0x0000000085000000, 0x0000000085000000| Untracked 
|  19|0x0000000085100000, 0x0000000085200000, 0x0000000085200000|100%| O|  |TAMS 0x0000000085100000, 0x0000000085100000| Untracked 
|  20|0x0000000085200000, 0x0000000085300000, 0x0000000085300000|100%| O|  |TAMS 0x0000000085200000, 0x0000000085200000| Untracked 
|  21|0x0000000085300000, 0x0000000085400000, 0x0000000085400000|100%| O|  |TAMS 0x0000000085400000, 0x0000000085300000| Untracked 
|  22|0x0000000085400000, 0x0000000085500000, 0x0000000085500000|100%| O|  |TAMS 0x0000000085500000, 0x0000000085400000| Untracked 
|  23|0x0000000085500000, 0x0000000085600000, 0x0000000085600000|100%| O|  |TAMS 0x0000000085600000, 0x0000000085500000| Untracked 
|  24|0x0000000085600000, 0x0000000085700000, 0x0000000085700000|100%| O|  |TAMS 0x0000000085700000, 0x0000000085600000| Untracked 
|  25|0x0000000085700000, 0x0000000085800000, 0x0000000085800000|100%| O|  |TAMS 0x0000000085800000, 0x0000000085700000| Untracked 
|  26|0x0000000085800000, 0x0000000085900000, 0x0000000085900000|100%| O|  |TAMS 0x0000000085800000, 0x0000000085800000| Untracked 
|  27|0x0000000085900000, 0x0000000085a00000, 0x0000000085a00000|100%| O|  |TAMS 0x0000000085900000, 0x0000000085900000| Untracked 
|  28|0x0000000085a00000, 0x0000000085b00000, 0x0000000085b00000|100%| O|  |TAMS 0x0000000085a00000, 0x0000000085a00000| Untracked 
|  29|0x0000000085b00000, 0x0000000085b5be00, 0x0000000085c00000| 35%| O|  |TAMS 0x0000000085b00000, 0x0000000085b00000| Untracked 
|  30|0x0000000085c00000, 0x0000000085c00000, 0x0000000085d00000|  0%| F|  |TAMS 0x0000000085c00000, 0x0000000085c00000| Untracked 
|  31|0x0000000085d00000, 0x0000000085d00000, 0x0000000085e00000|  0%| F|  |TAMS 0x0000000085d00000, 0x0000000085d00000| Untracked 
|  32|0x0000000085e00000, 0x0000000085e00000, 0x0000000085f00000|  0%| F|  |TAMS 0x0000000085e00000, 0x0000000085e00000| Untracked 
|  33|0x0000000085f00000, 0x0000000085f00000, 0x0000000086000000|  0%| F|  |TAMS 0x0000000085f00000, 0x0000000085f00000| Untracked 
|  34|0x0000000086000000, 0x0000000086000000, 0x0000000086100000|  0%| F|  |TAMS 0x0000000086000000, 0x0000000086000000| Untracked 
|  35|0x0000000086100000, 0x0000000086100000, 0x0000000086200000|  0%| F|  |TAMS 0x0000000086100000, 0x0000000086100000| Untracked 
|  36|0x0000000086200000, 0x0000000086200000, 0x0000000086300000|  0%| F|  |TAMS 0x0000000086200000, 0x0000000086200000| Untracked 
|  37|0x0000000086300000, 0x0000000086300000, 0x0000000086400000|  0%| F|  |TAMS 0x0000000086300000, 0x0000000086300000| Untracked 
|  38|0x0000000086400000, 0x0000000086400000, 0x0000000086500000|  0%| F|  |TAMS 0x0000000086400000, 0x0000000086400000| Untracked 
|  39|0x0000000086500000, 0x0000000086500000, 0x0000000086600000|  0%| F|  |TAMS 0x0000000086500000, 0x0000000086500000| Untracked 
|  40|0x0000000086600000, 0x0000000086600000, 0x0000000086700000|  0%| F|  |TAMS 0x0000000086600000, 0x0000000086600000| Untracked 
|  41|0x0000000086700000, 0x0000000086700000, 0x0000000086800000|  0%| F|  |TAMS 0x0000000086700000, 0x0000000086700000| Untracked 
|  42|0x0000000086800000, 0x0000000086800000, 0x0000000086900000|  0%| F|  |TAMS 0x0000000086800000, 0x0000000086800000| Untracked 
|  43|0x0000000086900000, 0x00000000869cc250, 0x0000000086a00000| 79%| S|CS|TAMS 0x0000000086900000, 0x0000000086900000| Complete 
|  44|0x0000000086a00000, 0x0000000086a00000, 0x0000000086b00000|  0%| F|  |TAMS 0x0000000086a00000, 0x0000000086a00000| Untracked 
|  45|0x0000000086b00000, 0x0000000086b00000, 0x0000000086c00000|  0%| F|  |TAMS 0x0000000086b00000, 0x0000000086b00000| Untracked 
|  46|0x0000000086c00000, 0x0000000086d00000, 0x0000000086d00000|100%| S|CS|TAMS 0x0000000086c00000, 0x0000000086c00000| Complete 
|  47|0x0000000086d00000, 0x0000000086e00000, 0x0000000086e00000|100%| S|CS|TAMS 0x0000000086d00000, 0x0000000086d00000| Complete 
|  48|0x0000000086e00000, 0x0000000086e00000, 0x0000000086f00000|  0%| F|  |TAMS 0x0000000086e00000, 0x0000000086e00000| Untracked 
|  49|0x0000000086f00000, 0x0000000087000000, 0x0000000087000000|100%| S|CS|TAMS 0x0000000086f00000, 0x0000000086f00000| Complete 
|  50|0x0000000087000000, 0x0000000087000000, 0x0000000087100000|  0%| F|  |TAMS 0x0000000087000000, 0x0000000087000000| Untracked 
|  51|0x0000000087100000, 0x0000000087100000, 0x0000000087200000|  0%| F|  |TAMS 0x0000000087100000, 0x0000000087100000| Untracked 
|  52|0x0000000087200000, 0x0000000087200000, 0x0000000087300000|  0%| F|  |TAMS 0x0000000087200000, 0x0000000087200000| Untracked 
|  53|0x0000000087300000, 0x0000000087300000, 0x0000000087400000|  0%| F|  |TAMS 0x0000000087300000, 0x0000000087300000| Untracked 
|  54|0x0000000087400000, 0x0000000087400000, 0x0000000087500000|  0%| F|  |TAMS 0x0000000087400000, 0x0000000087400000| Untracked 
|  55|0x0000000087500000, 0x0000000087500000, 0x0000000087600000|  0%| F|  |TAMS 0x0000000087500000, 0x0000000087500000| Untracked 
|  56|0x0000000087600000, 0x0000000087600000, 0x0000000087700000|  0%| F|  |TAMS 0x0000000087600000, 0x0000000087600000| Untracked 
|  57|0x0000000087700000, 0x0000000087700000, 0x0000000087800000|  0%| F|  |TAMS 0x0000000087700000, 0x0000000087700000| Untracked 
|  58|0x0000000087800000, 0x0000000087800000, 0x0000000087900000|  0%| F|  |TAMS 0x0000000087800000, 0x0000000087800000| Untracked 
|  59|0x0000000087900000, 0x0000000087900000, 0x0000000087a00000|  0%| F|  |TAMS 0x0000000087900000, 0x0000000087900000| Untracked 
|  60|0x0000000087a00000, 0x0000000087a00000, 0x0000000087b00000|  0%| F|  |TAMS 0x0000000087a00000, 0x0000000087a00000| Untracked 
|  61|0x0000000087b00000, 0x0000000087b00000, 0x0000000087c00000|  0%| F|  |TAMS 0x0000000087b00000, 0x0000000087b00000| Untracked 
|  62|0x0000000087c00000, 0x0000000087c00000, 0x0000000087d00000|  0%| F|  |TAMS 0x0000000087c00000, 0x0000000087c00000| Untracked 
|  63|0x0000000087d00000, 0x0000000087d00000, 0x0000000087e00000|  0%| F|  |TAMS 0x0000000087d00000, 0x0000000087d00000| Untracked 
|  64|0x0000000087e00000, 0x0000000087e00000, 0x0000000087f00000|  0%| F|  |TAMS 0x0000000087e00000, 0x0000000087e00000| Untracked 
|  65|0x0000000087f00000, 0x0000000087f00000, 0x0000000088000000|  0%| F|  |TAMS 0x0000000087f00000, 0x0000000087f00000| Untracked 
|  66|0x0000000088000000, 0x0000000088000000, 0x0000000088100000|  0%| F|  |TAMS 0x0000000088000000, 0x0000000088000000| Untracked 
|  67|0x0000000088100000, 0x0000000088100000, 0x0000000088200000|  0%| F|  |TAMS 0x0000000088100000, 0x0000000088100000| Untracked 
|  68|0x0000000088200000, 0x0000000088200000, 0x0000000088300000|  0%| F|  |TAMS 0x0000000088200000, 0x0000000088200000| Untracked 
|  69|0x0000000088300000, 0x0000000088300000, 0x0000000088400000|  0%| F|  |TAMS 0x0000000088300000, 0x0000000088300000| Untracked 
|  70|0x0000000088400000, 0x0000000088400000, 0x0000000088500000|  0%| F|  |TAMS 0x0000000088400000, 0x0000000088400000| Untracked 
|  71|0x0000000088500000, 0x0000000088500000, 0x0000000088600000|  0%| F|  |TAMS 0x0000000088500000, 0x0000000088500000| Untracked 
|  72|0x0000000088600000, 0x0000000088600000, 0x0000000088700000|  0%| F|  |TAMS 0x0000000088600000, 0x0000000088600000| Untracked 
|  73|0x0000000088700000, 0x0000000088700000, 0x0000000088800000|  0%| F|  |TAMS 0x0000000088700000, 0x0000000088700000| Untracked 
|  74|0x0000000088800000, 0x0000000088842158, 0x0000000088900000| 25%| E|  |TAMS 0x0000000088800000, 0x0000000088800000| Complete 
|  75|0x0000000088900000, 0x0000000088a00000, 0x0000000088a00000|100%| E|CS|TAMS 0x0000000088900000, 0x0000000088900000| Complete 
|  76|0x0000000088a00000, 0x0000000088b00000, 0x0000000088b00000|100%| E|CS|TAMS 0x0000000088a00000, 0x0000000088a00000| Complete 
|  77|0x0000000088b00000, 0x0000000088c00000, 0x0000000088c00000|100%| E|CS|TAMS 0x0000000088b00000, 0x0000000088b00000| Complete 
|  78|0x0000000088c00000, 0x0000000088d00000, 0x0000000088d00000|100%| E|CS|TAMS 0x0000000088c00000, 0x0000000088c00000| Complete 
|  79|0x0000000088d00000, 0x0000000088e00000, 0x0000000088e00000|100%| E|CS|TAMS 0x0000000088d00000, 0x0000000088d00000| Complete 
|  80|0x0000000088e00000, 0x0000000088f00000, 0x0000000088f00000|100%| E|CS|TAMS 0x0000000088e00000, 0x0000000088e00000| Complete 
|  81|0x0000000088f00000, 0x0000000089000000, 0x0000000089000000|100%| E|CS|TAMS 0x0000000088f00000, 0x0000000088f00000| Complete 
|  82|0x0000000089000000, 0x0000000089100000, 0x0000000089100000|100%| E|CS|TAMS 0x0000000089000000, 0x0000000089000000| Complete 
|  83|0x0000000089100000, 0x0000000089200000, 0x0000000089200000|100%| E|CS|TAMS 0x0000000089100000, 0x0000000089100000| Complete 
|  84|0x0000000089200000, 0x0000000089300000, 0x0000000089300000|100%| E|CS|TAMS 0x0000000089200000, 0x0000000089200000| Complete 
|  85|0x0000000089300000, 0x0000000089400000, 0x0000000089400000|100%| E|CS|TAMS 0x0000000089300000, 0x0000000089300000| Complete 
|  86|0x0000000089400000, 0x0000000089500000, 0x0000000089500000|100%| E|CS|TAMS 0x0000000089400000, 0x0000000089400000| Complete 
|  87|0x0000000089500000, 0x0000000089600000, 0x0000000089600000|100%| E|CS|TAMS 0x0000000089500000, 0x0000000089500000| Complete 
|  88|0x0000000089600000, 0x0000000089700000, 0x0000000089700000|100%| E|CS|TAMS 0x0000000089600000, 0x0000000089600000| Complete 
|  89|0x0000000089700000, 0x0000000089800000, 0x0000000089800000|100%| E|CS|TAMS 0x0000000089700000, 0x0000000089700000| Complete 
|  90|0x0000000089800000, 0x0000000089900000, 0x0000000089900000|100%| E|CS|TAMS 0x0000000089800000, 0x0000000089800000| Complete 
|  91|0x0000000089900000, 0x0000000089a00000, 0x0000000089a00000|100%| E|CS|TAMS 0x0000000089900000, 0x0000000089900000| Complete 
|  92|0x0000000089a00000, 0x0000000089b00000, 0x0000000089b00000|100%| E|CS|TAMS 0x0000000089a00000, 0x0000000089a00000| Complete 
|  93|0x0000000089b00000, 0x0000000089c00000, 0x0000000089c00000|100%| E|CS|TAMS 0x0000000089b00000, 0x0000000089b00000| Complete 
|  94|0x0000000089c00000, 0x0000000089d00000, 0x0000000089d00000|100%| E|CS|TAMS 0x0000000089c00000, 0x0000000089c00000| Complete 
|  95|0x0000000089d00000, 0x0000000089e00000, 0x0000000089e00000|100%| E|CS|TAMS 0x0000000089d00000, 0x0000000089d00000| Complete 
|  96|0x0000000089e00000, 0x0000000089f00000, 0x0000000089f00000|100%| E|CS|TAMS 0x0000000089e00000, 0x0000000089e00000| Complete 
|  97|0x0000000089f00000, 0x000000008a000000, 0x000000008a000000|100%| E|CS|TAMS 0x0000000089f00000, 0x0000000089f00000| Complete 
|  98|0x000000008a000000, 0x000000008a100000, 0x000000008a100000|100%| E|CS|TAMS 0x000000008a000000, 0x000000008a000000| Complete 
|  99|0x000000008a100000, 0x000000008a200000, 0x000000008a200000|100%| E|CS|TAMS 0x000000008a100000, 0x000000008a100000| Complete 
| 100|0x000000008a200000, 0x000000008a300000, 0x000000008a300000|100%| E|CS|TAMS 0x000000008a200000, 0x000000008a200000| Complete 
| 101|0x000000008a300000, 0x000000008a400000, 0x000000008a400000|100%| E|CS|TAMS 0x000000008a300000, 0x000000008a300000| Complete 
| 102|0x000000008a400000, 0x000000008a500000, 0x000000008a500000|100%| E|CS|TAMS 0x000000008a400000, 0x000000008a400000| Complete 
| 103|0x000000008a500000, 0x000000008a600000, 0x000000008a600000|100%| E|CS|TAMS 0x000000008a500000, 0x000000008a500000| Complete 
| 104|0x000000008a600000, 0x000000008a700000, 0x000000008a700000|100%| E|CS|TAMS 0x000000008a600000, 0x000000008a600000| Complete 
| 105|0x000000008a700000, 0x000000008a800000, 0x000000008a800000|100%| E|CS|TAMS 0x000000008a700000, 0x000000008a700000| Complete 
| 106|0x000000008a800000, 0x000000008a900000, 0x000000008a900000|100%| E|CS|TAMS 0x000000008a800000, 0x000000008a800000| Complete 
| 107|0x000000008a900000, 0x000000008aa00000, 0x000000008aa00000|100%| E|CS|TAMS 0x000000008a900000, 0x000000008a900000| Complete 
| 108|0x000000008aa00000, 0x000000008ab00000, 0x000000008ab00000|100%| E|CS|TAMS 0x000000008aa00000, 0x000000008aa00000| Complete 
| 109|0x000000008ab00000, 0x000000008ac00000, 0x000000008ac00000|100%| E|CS|TAMS 0x000000008ab00000, 0x000000008ab00000| Complete 
| 110|0x000000008ac00000, 0x000000008ad00000, 0x000000008ad00000|100%| E|CS|TAMS 0x000000008ac00000, 0x000000008ac00000| Complete 
| 111|0x000000008ad00000, 0x000000008ae00000, 0x000000008ae00000|100%| E|CS|TAMS 0x000000008ad00000, 0x000000008ad00000| Complete 
| 112|0x000000008ae00000, 0x000000008af00000, 0x000000008af00000|100%| E|CS|TAMS 0x000000008ae00000, 0x000000008ae00000| Complete 
| 125|0x000000008bb00000, 0x000000008bc00000, 0x000000008bc00000|100%| E|CS|TAMS 0x000000008bb00000, 0x000000008bb00000| Complete 

Card table byte_map: [0x000002bcaa410000,0x000002bcaa800000] _byte_map_base: 0x000002bca9ff1000

Marking Bits (Prev, Next): (CMBitMap*) 0x000002bc934e3270, (CMBitMap*) 0x000002bc934e3230
 Prev Bits: [0x000002bcacb00000, 0x000002bcaea08000)
 Next Bits: [0x000002bcaabf0000, 0x000002bcacaf8000)

Polling page: 0x000002bc91440000

Metaspace:

Usage:
  Non-class:     56.17 MB used.
      Class:      8.19 MB used.
       Both:     64.37 MB used.

Virtual space:
  Non-class space:       64.00 MB reserved,      56.44 MB ( 88%) committed,  8 nodes.
      Class space:        1.00 GB reserved,       8.44 MB ( <1%) committed,  1 nodes.
             Both:        1.06 GB reserved,      64.88 MB (  6%) committed. 

Chunk freelists:
   Non-Class:  2.80 MB
       Class:  3.39 MB
        Both:  6.19 MB

MaxMetaspaceSize: unlimited
CompressedClassSpaceSize: 1.00 GB
Initial GC threshold: 21.00 MB
Current GC threshold: 67.94 MB
CDS: on
MetaspaceReclaimPolicy: balanced
 - commit_granule_bytes: 65536.
 - commit_granule_words: 8192.
 - virtual_space_node_default_size: 1048576.
 - enlarge_chunks_in_place: 1.
 - new_chunks_are_fully_committed: 0.
 - uncommit_free_chunks: 1.
 - use_allocation_guard: 0.
 - handle_deallocations: 1.


Internal statistics:

num_allocs_failed_limit: 9.
num_arena_births: 674.
num_arena_deaths: 0.
num_vsnodes_births: 9.
num_vsnodes_deaths: 0.
num_space_committed: 1038.
num_space_uncommitted: 0.
num_chunks_returned_to_freelist: 9.
num_chunks_taken_from_freelist: 3183.
num_chunk_merges: 9.
num_chunk_splits: 2179.
num_chunks_enlarged: 1656.
num_purges: 0.
num_inconsistent_stats: 0.

CodeHeap 'non-profiled nmethods': size=120000Kb used=8598Kb max_used=8598Kb free=111401Kb
 bounds [0x000002bca27c0000, 0x000002bca3030000, 0x000002bca9cf0000]
CodeHeap 'profiled nmethods': size=120000Kb used=16882Kb max_used=21719Kb free=103117Kb
 bounds [0x000002bc9b290000, 0x000002bc9c7d0000, 0x000002bca27c0000]
CodeHeap 'non-nmethods': size=5760Kb used=1333Kb max_used=1422Kb free=4426Kb
 bounds [0x000002bc9acf0000, 0x000002bc9af60000, 0x000002bc9b290000]
 total_blobs=10147 nmethods=9503 adapters=554
 compilation: enabled
              stopped_count=0, restarted_count=0
 full_count=0

Compilation events (20 events):
Event: 236.649 Thread 0x000002bcb14265a0 nmethod 11707 0x000002bca3017e10 code [0x000002bca3017fa0, 0x000002bca30180e8]
Event: 236.737 Thread 0x000002bcb14265a0 11708       4       org.apache.catalina.authenticator.AuthenticatorBase::invoke (810 bytes)
Event: 236.769 Thread 0x000002bcb14265a0 nmethod 11708 0x000002bca3018290 code [0x000002bca30186c0, 0x000002bca3019df8]
Event: 236.893 Thread 0x000002bcb14265a0 11709       4       org.apache.tomcat.util.buf.B2CConverter::getCharset (46 bytes)
Event: 236.924 Thread 0x000002bcb14265a0 nmethod 11709 0x000002bca301bb10 code [0x000002bca301bd60, 0x000002bca301d498]
Event: 236.938 Thread 0x000002bcb14265a0 11710       4       org.apache.tomcat.util.net.NioChannel::reset (18 bytes)
Event: 236.941 Thread 0x000002bcb14265a0 nmethod 11710 0x000002bca301e010 code [0x000002bca301e1a0, 0x000002bca301e498]
Event: 236.941 Thread 0x000002bcb14265a0 11711   !   4       sun.nio.ch.SocketChannelImpl::implConfigureBlocking (60 bytes)
Event: 236.942 Thread 0x000002bcb1429050 11712       3       java.text.SimpleDateFormat::format (21 bytes)
Event: 236.943 Thread 0x000002bcb1429050 nmethod 11712 0x000002bc9b495610 code [0x000002bc9b4957c0, 0x000002bc9b4959f8]
Event: 236.953 Thread 0x000002bcb14265a0 nmethod 11711 0x000002bca301e610 code [0x000002bca301e800, 0x000002bca301f3e0]
Event: 237.048 Thread 0x000002bcb14265a0 11713   !   4       org.springframework.web.filter.FormContentFilter::shouldParse (52 bytes)
Event: 237.056 Thread 0x000002bcb14265a0 nmethod 11713 0x000002bca301fa10 code [0x000002bca301fbe0, 0x000002bca30202c8]
Event: 237.090 Thread 0x000002bcb14265a0 11714       4       java.lang.String::split (327 bytes)
Event: 237.135 Thread 0x000002bcb14265a0 nmethod 11714 0x000002bca3020890 code [0x000002bca3020b00, 0x000002bca3023178]
Event: 237.189 Thread 0x000002bcb14265a0 11715       4       org.apache.catalina.connector.RequestFacade::setCharacterEncoding (32 bytes)
Event: 237.192 Thread 0x000002bcb14265a0 nmethod 11715 0x000002bca3024410 code [0x000002bca30245a0, 0x000002bca3024868]
Event: 237.256 Thread 0x000002bcb14265a0 11716       4       org.springframework.web.filter.FormContentFilter::parseIfNecessary (31 bytes)
Event: 237.263 Thread 0x000002bcb14265a0 nmethod 11716 0x000002bca3024a10 code [0x000002bca3024be0, 0x000002bca30253c8]
Event: 237.308 Thread 0x000002bcb14265a0 11717   !   4       org.apache.catalina.core.StandardWrapperValve::invoke (2665 bytes)

GC Heap History (20 events):
Event: 200.306 GC heap before
{Heap before GC invocations=17 (full 0):
 garbage-first heap   total 116736K, used 93551K [0x0000000083e00000, 0x0000000100000000)
  region size 1024K, 62 young (63488K), 4 survivors (4096K)
 Metaspace       used 65876K, committed 66432K, reserved 1114112K
  class space    used 8381K, committed 8640K, reserved 1048576K
}
Event: 200.311 GC heap after
{Heap after GC invocations=18 (full 0):
 garbage-first heap   total 116736K, used 33985K [0x0000000083e00000, 0x0000000100000000)
  region size 1024K, 4 young (4096K), 4 survivors (4096K)
 Metaspace       used 65876K, committed 66432K, reserved 1114112K
  class space    used 8381K, committed 8640K, reserved 1048576K
}
Event: 203.906 GC heap before
{Heap before GC invocations=18 (full 0):
 garbage-first heap   total 116736K, used 95425K [0x0000000083e00000, 0x0000000100000000)
  region size 1024K, 64 young (65536K), 4 survivors (4096K)
 Metaspace       used 65899K, committed 66432K, reserved 1114112K
  class space    used 8383K, committed 8640K, reserved 1048576K
}
Event: 203.910 GC heap after
{Heap after GC invocations=19 (full 0):
 garbage-first heap   total 116736K, used 34055K [0x0000000083e00000, 0x0000000100000000)
  region size 1024K, 4 young (4096K), 4 survivors (4096K)
 Metaspace       used 65899K, committed 66432K, reserved 1114112K
  class space    used 8383K, committed 8640K, reserved 1048576K
}
Event: 207.275 GC heap before
{Heap before GC invocations=19 (full 0):
 garbage-first heap   total 116736K, used 96519K [0x0000000083e00000, 0x0000000100000000)
  region size 1024K, 66 young (67584K), 4 survivors (4096K)
 Metaspace       used 65899K, committed 66432K, reserved 1114112K
  class space    used 8383K, committed 8640K, reserved 1048576K
}
Event: 207.279 GC heap after
{Heap after GC invocations=20 (full 0):
 garbage-first heap   total 116736K, used 33945K [0x0000000083e00000, 0x0000000100000000)
  region size 1024K, 4 young (4096K), 4 survivors (4096K)
 Metaspace       used 65899K, committed 66432K, reserved 1114112K
  class space    used 8383K, committed 8640K, reserved 1048576K
}
Event: 210.400 GC heap before
{Heap before GC invocations=20 (full 0):
 garbage-first heap   total 116736K, used 98457K [0x0000000083e00000, 0x0000000100000000)
  region size 1024K, 67 young (68608K), 4 survivors (4096K)
 Metaspace       used 65900K, committed 66432K, reserved 1114112K
  class space    used 8384K, committed 8640K, reserved 1048576K
}
Event: 210.404 GC heap after
{Heap after GC invocations=21 (full 0):
 garbage-first heap   total 116736K, used 33925K [0x0000000083e00000, 0x0000000100000000)
  region size 1024K, 4 young (4096K), 4 survivors (4096K)
 Metaspace       used 65900K, committed 66432K, reserved 1114112K
  class space    used 8384K, committed 8640K, reserved 1048576K
}
Event: 213.345 GC heap before
{Heap before GC invocations=21 (full 0):
 garbage-first heap   total 116736K, used 99461K [0x0000000083e00000, 0x0000000100000000)
  region size 1024K, 68 young (69632K), 4 survivors (4096K)
 Metaspace       used 65904K, committed 66432K, reserved 1114112K
  class space    used 8384K, committed 8640K, reserved 1048576K
}
Event: 213.349 GC heap after
{Heap after GC invocations=22 (full 0):
 garbage-first heap   total 116736K, used 34085K [0x0000000083e00000, 0x0000000100000000)
  region size 1024K, 4 young (4096K), 4 survivors (4096K)
 Metaspace       used 65904K, committed 66432K, reserved 1114112K
  class space    used 8384K, committed 8640K, reserved 1048576K
}
Event: 215.928 GC heap before
{Heap before GC invocations=22 (full 0):
 garbage-first heap   total 116736K, used 98597K [0x0000000083e00000, 0x0000000100000000)
  region size 1024K, 68 young (69632K), 4 survivors (4096K)
 Metaspace       used 65907K, committed 66432K, reserved 1114112K
  class space    used 8386K, committed 8640K, reserved 1048576K
}
Event: 215.933 GC heap after
{Heap after GC invocations=23 (full 0):
 garbage-first heap   total 116736K, used 34000K [0x0000000083e00000, 0x0000000100000000)
  region size 1024K, 4 young (4096K), 4 survivors (4096K)
 Metaspace       used 65907K, committed 66432K, reserved 1114112K
  class space    used 8386K, committed 8640K, reserved 1048576K
}
Event: 219.828 GC heap before
{Heap before GC invocations=23 (full 0):
 garbage-first heap   total 116736K, used 99536K [0x0000000083e00000, 0x0000000100000000)
  region size 1024K, 68 young (69632K), 4 survivors (4096K)
 Metaspace       used 65909K, committed 66432K, reserved 1114112K
  class space    used 8387K, committed 8640K, reserved 1048576K
}
Event: 219.832 GC heap after
{Heap after GC invocations=24 (full 0):
 garbage-first heap   total 116736K, used 34090K [0x0000000083e00000, 0x0000000100000000)
  region size 1024K, 4 young (4096K), 4 survivors (4096K)
 Metaspace       used 65909K, committed 66432K, reserved 1114112K
  class space    used 8387K, committed 8640K, reserved 1048576K
}
Event: 224.080 GC heap before
{Heap before GC invocations=24 (full 0):
 garbage-first heap   total 116736K, used 99626K [0x0000000083e00000, 0x0000000100000000)
  region size 1024K, 68 young (69632K), 4 survivors (4096K)
 Metaspace       used 65909K, committed 66432K, reserved 1114112K
  class space    used 8387K, committed 8640K, reserved 1048576K
}
Event: 224.084 GC heap after
{Heap after GC invocations=25 (full 0):
 garbage-first heap   total 116736K, used 34008K [0x0000000083e00000, 0x0000000100000000)
  region size 1024K, 4 young (4096K), 4 survivors (4096K)
 Metaspace       used 65909K, committed 66432K, reserved 1114112K
  class space    used 8387K, committed 8640K, reserved 1048576K
}
Event: 229.026 GC heap before
{Heap before GC invocations=25 (full 0):
 garbage-first heap   total 116736K, used 99544K [0x0000000083e00000, 0x0000000100000000)
  region size 1024K, 68 young (69632K), 4 survivors (4096K)
 Metaspace       used 65909K, committed 66432K, reserved 1114112K
  class space    used 8387K, committed 8640K, reserved 1048576K
}
Event: 229.032 GC heap after
{Heap after GC invocations=26 (full 0):
 garbage-first heap   total 116736K, used 34027K [0x0000000083e00000, 0x0000000100000000)
  region size 1024K, 4 young (4096K), 4 survivors (4096K)
 Metaspace       used 65909K, committed 66432K, reserved 1114112K
  class space    used 8387K, committed 8640K, reserved 1048576K
}
Event: 234.027 GC heap before
{Heap before GC invocations=26 (full 0):
 garbage-first heap   total 116736K, used 99563K [0x0000000083e00000, 0x0000000100000000)
  region size 1024K, 68 young (69632K), 4 survivors (4096K)
 Metaspace       used 65909K, committed 66432K, reserved 1114112K
  class space    used 8387K, committed 8640K, reserved 1048576K
}
Event: 234.031 GC heap after
{Heap after GC invocations=27 (full 0):
 garbage-first heap   total 116736K, used 33952K [0x0000000083e00000, 0x0000000100000000)
  region size 1024K, 4 young (4096K), 4 survivors (4096K)
 Metaspace       used 65909K, committed 66432K, reserved 1114112K
  class space    used 8387K, committed 8640K, reserved 1048576K
}

Deoptimization events (20 events):
Event: 215.356 Thread 0x000002bcb34163a0 DEOPT PACKING pc=0x000002bca2f1fb90 sp=0x000000f280ffc4c0
Event: 215.356 Thread 0x000002bcb93314d0 DEOPT PACKING pc=0x000002bca2f1fb90 sp=0x000000f2813fc170
Event: 215.356 Thread 0x000002bcb34163a0 DEOPT UNPACKING pc=0x000002bc9ad45c23 sp=0x000000f280ffc138 mode 2
Event: 215.356 Thread 0x000002bcb93314d0 DEOPT UNPACKING pc=0x000002bc9ad45c23 sp=0x000000f2813fbde8 mode 2
Event: 215.761 Thread 0x000002bcb9335d00 Uncommon trap: trap_request=0xffffff45 fr.pc=0x000002bca2d08a08 relative=0x00000000000010a8
Event: 215.761 Thread 0x000002bcb9335d00 Uncommon trap: reason=unstable_if action=reinterpret pc=0x000002bca2d08a08 method=org.apache.coyote.http11.Http11InputBuffer.parseRequestLine(ZII)Z @ 72 c2
Event: 215.761 Thread 0x000002bcb9335d00 DEOPT PACKING pc=0x000002bca2d08a08 sp=0x000000f2811feee0
Event: 215.761 Thread 0x000002bcb9335d00 DEOPT UNPACKING pc=0x000002bc9ad45c23 sp=0x000000f2811fee80 mode 2
Event: 230.897 Thread 0x000002bcb93314d0 Uncommon trap: trap_request=0xffffff45 fr.pc=0x000002bca2fd8a24 relative=0x0000000000001c24
Event: 230.897 Thread 0x000002bcb9331000 Uncommon trap: trap_request=0xffffff45 fr.pc=0x000002bca2fd8a24 relative=0x0000000000001c24
Event: 230.897 Thread 0x000002bcb93314d0 Uncommon trap: reason=unstable_if action=reinterpret pc=0x000002bca2fd8a24 method=org.apache.tomcat.util.net.NioEndpoint$NioSocketWrapper.fillReadBuffer(ZLjava/nio/ByteBuffer;)I @ 217 c2
Event: 230.897 Thread 0x000002bcb9331000 Uncommon trap: reason=unstable_if action=reinterpret pc=0x000002bca2fd8a24 method=org.apache.tomcat.util.net.NioEndpoint$NioSocketWrapper.fillReadBuffer(ZLjava/nio/ByteBuffer;)I @ 217 c2
Event: 230.897 Thread 0x000002bcb93314d0 DEOPT PACKING pc=0x000002bca2fd8a24 sp=0x000000f2813fe9a0
Event: 230.897 Thread 0x000002bcb9331000 DEOPT PACKING pc=0x000002bca2fd8a24 sp=0x000000f2815fec50
Event: 230.897 Thread 0x000002bcb93314d0 DEOPT UNPACKING pc=0x000002bc9ad45c23 sp=0x000000f2813fe888 mode 2
Event: 230.897 Thread 0x000002bcb9331000 DEOPT UNPACKING pc=0x000002bc9ad45c23 sp=0x000000f2815feb38 mode 2
Event: 237.138 Thread 0x000002bcb3415a00 Uncommon trap: trap_request=0xffffffcc fr.pc=0x000002bca302291c relative=0x0000000000001e1c
Event: 237.138 Thread 0x000002bcb3415a00 Uncommon trap: reason=intrinsic_or_type_checked_inlining action=make_not_entrant pc=0x000002bca302291c method=java.util.ArrayList$SubList.toArray([Ljava/lang/Object;)[Ljava/lang/Object; @ 58 c2
Event: 237.138 Thread 0x000002bcb3415a00 DEOPT PACKING pc=0x000002bca302291c sp=0x000000f280dfd770
Event: 237.138 Thread 0x000002bcb3415a00 DEOPT UNPACKING pc=0x000002bc9ad45c23 sp=0x000000f280dfd6b8 mode 2

Classes unloaded (0 events):
No events

Classes redefined (0 events):
No events

Internal exceptions (20 events):
Event: 4.612 Thread 0x000002bc9348a920 Exception <a 'java/lang/NoSuchMethodError'{0x000000008a8c7618}: 'java.lang.Object java.lang.invoke.DirectMethodHandle$Holder.invokeSpecial(java.lang.Object, java.lang.Object, int, java.lang.Object, int, java.lang.Object)'> (0x000000008a8c7618) 
thrown [s\open\src\hotspot\share\interpreter\linkResolver.cpp, line 759]
Event: 4.612 Thread 0x000002bc9348a920 Exception <a 'java/lang/NoSuchMethodError'{0x000000008a8cf418}: 'java.lang.Object java.lang.invoke.DirectMethodHandle$Holder.newInvokeSpecial(java.lang.Object, java.lang.Object, int, java.lang.Object, int)'> (0x000000008a8cf418) 
thrown [s\open\src\hotspot\share\interpreter\linkResolver.cpp, line 759]
Event: 4.612 Thread 0x000002bc9348a920 Exception <a 'java/lang/NoSuchMethodError'{0x000000008a8d3518}: 'java.lang.Object java.lang.invoke.DirectMethodHandle$Holder.invokeSpecial(java.lang.Object, java.lang.Object, java.lang.Object, int, java.lang.Object, int)'> (0x000000008a8d3518) 
thrown [s\open\src\hotspot\share\interpreter\linkResolver.cpp, line 759]
Event: 4.613 Thread 0x000002bc9348a920 Exception <a 'java/lang/NoSuchMethodError'{0x000000008a8dd698}: 'void java.lang.invoke.DirectMethodHandle$Holder.invokeVirtual(java.lang.Object, java.lang.Object)'> (0x000000008a8dd698) 
thrown [s\open\src\hotspot\share\interpreter\linkResolver.cpp, line 759]
Event: 4.792 Thread 0x000002bc9348a920 Exception <a 'java/lang/NoSuchMethodError'{0x0000000089b1def8}: 'java.lang.Object java.lang.invoke.DirectMethodHandle$Holder.invokeStaticInit(java.lang.Object, java.lang.Object, java.lang.Object, java.lang.Object, java.lang.Object, java.lang.Object)'> (0x0000000089b1def8) 
thrown [s\open\src\hotspot\share\interpreter\linkResolver.cpp, line 759]
Event: 75.054 Thread 0x000002bcb3415ed0 Exception <a 'sun/nio/fs/WindowsException'{0x00000000890a9810}> (0x00000000890a9810) 
thrown [s\open\src\hotspot\share\prims\jni.cpp, line 516]
Event: 75.147 Thread 0x000002bcb9335d00 Exception <a 'java/lang/NoSuchMethodError'{0x0000000088e37f30}: 'java.lang.Object java.lang.invoke.DirectMethodHandle$Holder.invokeStatic(java.lang.Object, int, int)'> (0x0000000088e37f30) 
thrown [s\open\src\hotspot\share\interpreter\linkResolver.cpp, line 759]
Event: 75.186 Thread 0x000002bcb9330b30 Exception <a 'java/net/SocketException'{0x000000008a500e18}: Connection reset by peer: shutdown> (0x000000008a500e18) 
thrown [s\open\src\hotspot\share\prims\jni.cpp, line 535]
Event: 76.652 Thread 0x000002bcb93331b0 Exception <a 'java/lang/NoSuchMethodError'{0x0000000088abe448}: 'java.lang.Object java.lang.invoke.DirectMethodHandle$Holder.newInvokeSpecial(java.lang.Object, long)'> (0x0000000088abe448) 
thrown [s\open\src\hotspot\share\interpreter\linkResolver.cpp, line 759]
Event: 122.529 Thread 0x000002bcb3415a00 Exception <a 'java/net/SocketException'{0x0000000088996420}: Connection reset by peer: shutdown> (0x0000000088996420) 
thrown [s\open\src\hotspot\share\prims\jni.cpp, line 535]
Event: 122.595 Thread 0x000002bcb9330b30 Exception <a 'java/net/SocketException'{0x000000008870ab10}: Connection reset by peer: shutdown> (0x000000008870ab10) 
thrown [s\open\src\hotspot\share\prims\jni.cpp, line 535]
Event: 129.120 Thread 0x000002bcb3415ed0 Exception <a 'java/lang/NoSuchMethodError'{0x000000008811e100}: 'java.lang.Object java.lang.invoke.DirectMethodHandle$Holder.invokeInterface(java.lang.Object, java.lang.Object, java.lang.Object, java.lang.Object)'> (0x000000008811e100) 
thrown [s\open\src\hotspot\share\interpreter\linkResolver.cpp, line 759]
Event: 129.168 Thread 0x000002bcb93319a0 Implicit null exception at 0x000002bca28d55a5 to 0x000002bca28d6d68
Event: 193.841 Thread 0x000002bcb9334e90 Exception <a 'java/net/SocketException'{0x00000000877d3208}: Connection reset by peer: shutdown> (0x00000000877d3208) 
thrown [s\open\src\hotspot\share\prims\jni.cpp, line 535]
Event: 199.165 Thread 0x000002bcb93314d0 Implicit null exception at 0x000002bca2d2576e to 0x000002bca2d25fe8
Event: 215.347 Thread 0x000002bcb3415ed0 Implicit null exception at 0x000002bca2f1b726 to 0x000002bca2f1fb30
Event: 215.347 Thread 0x000002bcb9330b30 Implicit null exception at 0x000002bca2f1b726 to 0x000002bca2f1fb30
Event: 215.347 Thread 0x000002bcb9334e90 Implicit null exception at 0x000002bca2f1b726 to 0x000002bca2f1fb30
Event: 215.356 Thread 0x000002bcb93314d0 Implicit null exception at 0x000002bca2f1b726 to 0x000002bca2f1fb30
Event: 215.356 Thread 0x000002bcb34163a0 Implicit null exception at 0x000002bca2f1b726 to 0x000002bca2f1fb30

VM Operations (20 events):
Event: 228.116 Executing VM operation: Cleanup
Event: 228.116 Executing VM operation: Cleanup done
Event: 229.025 Executing VM operation: G1CollectForAllocation
Event: 229.032 Executing VM operation: G1CollectForAllocation done
Event: 231.041 Executing VM operation: Cleanup
Event: 231.041 Executing VM operation: Cleanup done
Event: 232.462 Executing VM operation: HandshakeAllThreads
Event: 232.462 Executing VM operation: HandshakeAllThreads done
Event: 232.729 Executing VM operation: HandshakeAllThreads
Event: 232.729 Executing VM operation: HandshakeAllThreads done
Event: 232.729 Executing VM operation: Cleanup
Event: 232.729 Executing VM operation: Cleanup done
Event: 233.031 Executing VM operation: HandshakeAllThreads
Event: 233.031 Executing VM operation: HandshakeAllThreads done
Event: 234.027 Executing VM operation: G1CollectForAllocation
Event: 234.031 Executing VM operation: G1CollectForAllocation done
Event: 235.047 Executing VM operation: Cleanup
Event: 235.047 Executing VM operation: Cleanup done
Event: 237.068 Executing VM operation: Cleanup
Event: 237.068 Executing VM operation: Cleanup done

Events (20 events):
Event: 233.051 Thread 0x000002bcb142a960 flushing nmethod 0x000002bc9c4edf90
Event: 233.051 Thread 0x000002bcb142a960 flushing nmethod 0x000002bc9c4eea10
Event: 233.051 Thread 0x000002bcb142a960 flushing nmethod 0x000002bc9c4f2c90
Event: 233.051 Thread 0x000002bcb142a960 flushing nmethod 0x000002bc9c4ffa90
Event: 233.052 Thread 0x000002bcb142a960 flushing nmethod 0x000002bc9c52a510
Event: 233.052 Thread 0x000002bcb142a960 flushing nmethod 0x000002bc9c52ac90
Event: 233.052 Thread 0x000002bcb142a960 flushing nmethod 0x000002bc9c53ad10
Event: 233.052 Thread 0x000002bcb142a960 flushing nmethod 0x000002bc9c579390
Event: 233.052 Thread 0x000002bcb142a960 flushing nmethod 0x000002bc9c57cf90
Event: 233.052 Thread 0x000002bcb142a960 flushing nmethod 0x000002bc9c586e90
Event: 233.052 Thread 0x000002bcb142a960 flushing nmethod 0x000002bc9c599290
Event: 233.052 Thread 0x000002bcb142a960 flushing nmethod 0x000002bc9c625f10
Event: 233.052 Thread 0x000002bcb142a960 flushing nmethod 0x000002bc9c643510
Event: 233.052 Thread 0x000002bcb142a960 flushing nmethod 0x000002bc9c662e90
Event: 233.053 Thread 0x000002bcb142a960 flushing nmethod 0x000002bc9c6b3810
Event: 233.053 Thread 0x000002bcb142a960 flushing nmethod 0x000002bc9c6b4010
Event: 233.053 Thread 0x000002bcb142a960 flushing nmethod 0x000002bc9c6b5a90
Event: 233.053 Thread 0x000002bcb142a960 flushing nmethod 0x000002bc9c6c1910
Event: 233.053 Thread 0x000002bcb142a960 flushing nmethod 0x000002bc9c705f90
Event: 233.053 Thread 0x000002bcb142a960 flushing nmethod 0x000002bc9c7a8690


Dynamic libraries:
0x00007ff79d370000 - 0x00007ff79d380000 	C:\Program Files\Java\jdk-17.0.4\bin\java.exe
0x00007ffeef2f0000 - 0x00007ffeef504000 	C:\WINDOWS\SYSTEM32\ntdll.dll
0x00007ffeeea90000 - 0x00007ffeeeb53000 	C:\WINDOWS\System32\KERNEL32.DLL
0x00007ffeec9a0000 - 0x00007ffeecd3d000 	C:\WINDOWS\System32\KERNELBASE.dll
0x00007ffeecd40000 - 0x00007ffeece51000 	C:\WINDOWS\System32\ucrtbase.dll
0x00007ffee1d70000 - 0x00007ffee1d88000 	C:\Program Files\Java\jdk-17.0.4\bin\jli.dll
0x00007ffe76180000 - 0x00007ffe7619a000 	C:\Program Files\Java\jdk-17.0.4\bin\VCRUNTIME140.dll
0x00007ffeee130000 - 0x00007ffeee1de000 	C:\WINDOWS\System32\ADVAPI32.dll
0x00007ffeeef40000 - 0x00007ffeeefe7000 	C:\WINDOWS\System32\msvcrt.dll
0x00007ffeed2d0000 - 0x00007ffeed374000 	C:\WINDOWS\System32\sechost.dll
0x00007ffeeebf0000 - 0x00007ffeeed05000 	C:\WINDOWS\System32\RPCRT4.dll
0x00007ffeed120000 - 0x00007ffeed2cd000 	C:\WINDOWS\System32\USER32.dll
0x00007ffeed0b0000 - 0x00007ffeed0d6000 	C:\WINDOWS\System32\win32u.dll
0x00007ffed9ed0000 - 0x00007ffeda15e000 	C:\WINDOWS\WinSxS\amd64_microsoft.windows.common-controls_6595b64144ccf1df_6.0.22621.608_none_a9444ca7c10bb01d\COMCTL32.dll
0x00007ffeeeea0000 - 0x00007ffeeeec9000 	C:\WINDOWS\System32\GDI32.dll
0x00007ffeecf90000 - 0x00007ffeed0a2000 	C:\WINDOWS\System32\gdi32full.dll
0x00007ffeec880000 - 0x00007ffeec91a000 	C:\WINDOWS\System32\msvcp_win.dll
0x00007ffee22e0000 - 0x00007ffee22ea000 	C:\WINDOWS\SYSTEM32\VERSION.dll
0x00007ffeed0e0000 - 0x00007ffeed112000 	C:\WINDOWS\System32\IMM32.DLL
0x00007ffee92f0000 - 0x00007ffee92fc000 	C:\Program Files\Java\jdk-17.0.4\bin\vcruntime140_1.dll
0x00007ffe74160000 - 0x00007ffe741ed000 	C:\Program Files\Java\jdk-17.0.4\bin\msvcp140.dll
0x00007ffe654c0000 - 0x00007ffe66082000 	C:\Program Files\Java\jdk-17.0.4\bin\server\jvm.dll
0x00007ffeed390000 - 0x00007ffeed398000 	C:\WINDOWS\System32\PSAPI.DLL
0x00007ffee2b90000 - 0x00007ffee2bc4000 	C:\WINDOWS\SYSTEM32\WINMM.dll
0x00007ffeccb00000 - 0x00007ffeccb09000 	C:\WINDOWS\SYSTEM32\WSOCK32.dll
0x00007ffeed8a0000 - 0x00007ffeed911000 	C:\WINDOWS\System32\WS2_32.dll
0x00007ffeeb850000 - 0x00007ffeeb868000 	C:\WINDOWS\SYSTEM32\kernel.appcore.dll
0x00007ffeae700000 - 0x00007ffeae70a000 	C:\Program Files\Java\jdk-17.0.4\bin\jimage.dll
0x00007ffeea120000 - 0x00007ffeea34e000 	C:\WINDOWS\SYSTEM32\DBGHELP.DLL
0x00007ffeed920000 - 0x00007ffeedcaa000 	C:\WINDOWS\System32\combase.dll
0x00007ffeed3a0000 - 0x00007ffeed477000 	C:\WINDOWS\System32\OLEAUT32.dll
0x00007ffecb160000 - 0x00007ffecb192000 	C:\WINDOWS\SYSTEM32\dbgcore.DLL
0x00007ffeec920000 - 0x00007ffeec99b000 	C:\WINDOWS\System32\bcryptPrimitives.dll
0x00007ffee93c0000 - 0x00007ffee93ce000 	C:\Program Files\Java\jdk-17.0.4\bin\instrument.dll
0x00007ffe74130000 - 0x00007ffe74155000 	C:\Program Files\Java\jdk-17.0.4\bin\java.dll
0x00007ffe74050000 - 0x00007ffe74126000 	C:\Program Files\Java\jdk-17.0.4\bin\jsvml.dll
0x00007ffeee2a0000 - 0x00007ffeeea8f000 	C:\WINDOWS\System32\SHELL32.dll
0x00007ffeea850000 - 0x00007ffeeb118000 	C:\WINDOWS\SYSTEM32\windows.storage.dll
0x00007ffeea710000 - 0x00007ffeea84e000 	C:\WINDOWS\SYSTEM32\wintypes.dll
0x00007ffeeeda0000 - 0x00007ffeeee91000 	C:\WINDOWS\System32\SHCORE.dll
0x00007ffeeeed0000 - 0x00007ffeeef2e000 	C:\WINDOWS\System32\shlwapi.dll
0x00007ffeec640000 - 0x00007ffeec661000 	C:\WINDOWS\SYSTEM32\profapi.dll
0x00007ffe73020000 - 0x00007ffe73038000 	C:\Program Files\Java\jdk-17.0.4\bin\zip.dll
0x00007ffe74030000 - 0x00007ffe74049000 	C:\Program Files\Java\jdk-17.0.4\bin\net.dll
0x00007ffee5d10000 - 0x00007ffee5e3f000 	C:\WINDOWS\SYSTEM32\WINHTTP.dll
0x00007ffeebcc0000 - 0x00007ffeebd29000 	C:\WINDOWS\system32\mswsock.dll
0x00007ffe74010000 - 0x00007ffe74026000 	C:\Program Files\Java\jdk-17.0.4\bin\nio.dll
0x00007ffede0f0000 - 0x00007ffede10a000 	C:\Users\dadiallo\AppData\Local\JetBrains\IntelliJ IDEA Community Edition 2022.2\bin\breakgen64.dll
0x00007ffeae3a0000 - 0x00007ffeae3b0000 	C:\Program Files\Java\jdk-17.0.4\bin\verify.dll
0x00007ffee9360000 - 0x00007ffee9369000 	C:\Program Files\Java\jdk-17.0.4\bin\management.dll
0x00007ffee92e0000 - 0x00007ffee92eb000 	C:\Program Files\Java\jdk-17.0.4\bin\management_ext.dll
0x00007ffed0470000 - 0x00007ffed0487000 	C:\WINDOWS\system32\napinsp.dll
0x00007ffed0450000 - 0x00007ffed046b000 	C:\WINDOWS\system32\pnrpnsp.dll
0x00007ffeeb280000 - 0x00007ffeeb372000 	C:\WINDOWS\SYSTEM32\DNSAPI.dll
0x00007ffeeb250000 - 0x00007ffeeb27d000 	C:\WINDOWS\SYSTEM32\IPHLPAPI.DLL
0x00007ffeed890000 - 0x00007ffeed899000 	C:\WINDOWS\System32\NSI.dll
0x00007ffebca70000 - 0x00007ffebca81000 	C:\WINDOWS\System32\winrnr.dll
0x00007ffebac20000 - 0x00007ffebac35000 	C:\WINDOWS\system32\wshbth.dll
0x00007ffebabf0000 - 0x00007ffebac11000 	C:\WINDOWS\system32\nlansp_c.dll
0x00007ffee29b0000 - 0x00007ffee29ba000 	C:\Windows\System32\rasadhlp.dll
0x00007ffee4130000 - 0x00007ffee41b3000 	C:\WINDOWS\System32\fwpuclnt.dll
0x00007ffeebf10000 - 0x00007ffeebf2b000 	C:\WINDOWS\SYSTEM32\CRYPTSP.dll
0x00007ffeeb7c0000 - 0x00007ffeeb7f5000 	C:\WINDOWS\system32\rsaenh.dll
0x00007ffeebdb0000 - 0x00007ffeebdd8000 	C:\WINDOWS\SYSTEM32\USERENV.dll
0x00007ffeec0a0000 - 0x00007ffeec0c8000 	C:\WINDOWS\SYSTEM32\bcrypt.dll
0x00007ffeebf30000 - 0x00007ffeebf3c000 	C:\WINDOWS\SYSTEM32\CRYPTBASE.dll
0x00007ffee41c0000 - 0x00007ffee41d9000 	C:\WINDOWS\SYSTEM32\dhcpcsvc6.DLL
0x00007ffee4110000 - 0x00007ffee412f000 	C:\WINDOWS\SYSTEM32\dhcpcsvc.DLL
0x00007ffee92d0000 - 0x00007ffee92de000 	C:\Program Files\Java\jdk-17.0.4\bin\sunmscapi.dll
0x00007ffeec710000 - 0x00007ffeec876000 	C:\WINDOWS\System32\CRYPT32.dll
0x00007ffeec070000 - 0x00007ffeec09d000 	C:\WINDOWS\SYSTEM32\ncrypt.dll
0x00007ffeec030000 - 0x00007ffeec067000 	C:\WINDOWS\SYSTEM32\NTASN1.dll
0x00007ffebd9d0000 - 0x00007ffebd9d8000 	C:\WINDOWS\system32\wshunix.dll

dbghelp: loaded successfully - version: 4.0.5 - missing functions: none
symbol engine: initialized successfully - sym options: 0x614 - pdb path: .;C:\Program Files\Java\jdk-17.0.4\bin;C:\WINDOWS\SYSTEM32;C:\WINDOWS\WinSxS\amd64_microsoft.windows.common-controls_6595b64144ccf1df_6.0.22621.608_none_a9444ca7c10bb01d;C:\Program Files\Java\jdk-17.0.4\bin\server;C:\Users\dadiallo\AppData\Local\JetBrains\IntelliJ IDEA Community Edition 2022.2\bin

VM Arguments:
jvm_args: -javaagent:C:\Users\dadiallo\AppData\Local\JetBrains\IntelliJ IDEA Community Edition 2022.2\lib\idea_rt.jar=57950:C:\Users\dadiallo\AppData\Local\JetBrains\IntelliJ IDEA Community Edition 2022.2\bin -Dfile.encoding=UTF-8 
java_command: com.odk.odcinterview.OdcInterviewApplication
java_class_path (initial): C:\Users\dadiallo\IdeaProjects\OdcInterview\target\classes;C:\Users\dadiallo\.m2\repository\org\springframework\boot\spring-boot-starter-data-jpa\2.7.5\spring-boot-starter-data-jpa-2.7.5.jar;C:\Users\dadiallo\.m2\repository\org\springframework\boot\spring-boot-starter-aop\2.7.5\spring-boot-starter-aop-2.7.5.jar;C:\Users\dadiallo\.m2\repository\org\aspectj\aspectjweaver\1.9.7\aspectjweaver-1.9.7.jar;C:\Users\dadiallo\.m2\repository\org\springframework\boot\spring-boot-starter-jdbc\2.7.5\spring-boot-starter-jdbc-2.7.5.jar;C:\Users\dadiallo\.m2\repository\com\zaxxer\HikariCP\4.0.3\HikariCP-4.0.3.jar;C:\Users\dadiallo\.m2\repository\org\springframework\spring-jdbc\5.3.23\spring-jdbc-5.3.23.jar;C:\Users\dadiallo\.m2\repository\jakarta\transaction\jakarta.transaction-api\1.3.3\jakarta.transaction-api-1.3.3.jar;C:\Users\dadiallo\.m2\repository\jakarta\persistence\jakarta.persistence-api\2.2.3\jakarta.persistence-api-2.2.3.jar;C:\Users\dadiallo\.m2\repository\org\hibernate\hibernate-core\5.6.12.Final\hibernate-core-5.6.12.Final.jar;C:\Users\dadiallo\.m2\repository\org\jboss\logging\jboss-logging\3.4.3.Final\jboss-logging-3.4.3.Final.jar;C:\Users\dadiallo\.m2\repository\net\bytebuddy\byte-buddy\1.12.18\byte-buddy-1.12.18.jar;C:\Users\dadiallo\.m2\repository\antlr\antlr\2.7.7\antlr-2.7.7.jar;C:\Users\dadiallo\.m2\repository\org\jboss\jandex\2.4.2.Final\jandex-2.4.2.Final.jar;C:\Users\dadiallo\.m2\repository\com\fasterxml\classmate\1.5.1\classmate-1.5.1.jar;C:\Users\dadiallo\.m2\repository\org\hibernate\common\hibernate-commons-annotations\5.1.2.Final\hibernate-commons-annotations-5.1.2.Final.jar;C:\Users\dadiallo\.m2\repository\org\glassfish\jaxb\jaxb-runtime\2.3.7\jaxb-runtime-2.3.7.jar;C:\Users\dadiallo\.m2\repository\org\glassfish\jaxb\txw2\2.3.7\txw2-2.3.7.jar;C:\Users\dadiallo\.m2\repository\com\sun\istack\istack-commons-runtime\3.0.12\istack-commons-runtime-3.0.12.jar;C:\Users\dadiallo\.m2\repository\com\sun\activation\jakarta.activation\1.2
Launcher Type: SUN_STANDARD

[Global flags]
     intx CICompilerCount                          = 4                                         {product} {ergonomic}
     uint ConcGCThreads                            = 2                                         {product} {ergonomic}
     uint G1ConcRefinementThreads                  = 8                                         {product} {ergonomic}
   size_t G1HeapRegionSize                         = 1048576                                   {product} {ergonomic}
    uintx GCDrainStackTargetSize                   = 64                                        {product} {ergonomic}
   size_t InitialHeapSize                          = 132120576                                 {product} {ergonomic}
   size_t MarkStackSize                            = 4194304                                   {product} {ergonomic}
   size_t MaxHeapSize                              = 2082471936                                {product} {ergonomic}
   size_t MaxNewSize                               = 1248854016                                {product} {ergonomic}
   size_t MinHeapDeltaBytes                        = 1048576                                   {product} {ergonomic}
   size_t MinHeapSize                              = 8388608                                   {product} {ergonomic}
    uintx NonNMethodCodeHeapSize                   = 5839372                                {pd product} {ergonomic}
    uintx NonProfiledCodeHeapSize                  = 122909434                              {pd product} {ergonomic}
    uintx ProfiledCodeHeapSize                     = 122909434                              {pd product} {ergonomic}
    uintx ReservedCodeCacheSize                    = 251658240                              {pd product} {ergonomic}
     bool SegmentedCodeCache                       = true                                      {product} {ergonomic}
   size_t SoftMaxHeapSize                          = 2082471936                             {manageable} {ergonomic}
     bool UseCompressedClassPointers               = true                           {product lp64_product} {ergonomic}
     bool UseCompressedOops                        = true                           {product lp64_product} {ergonomic}
     bool UseG1GC                                  = true                                      {product} {ergonomic}
     bool UseLargePagesIndividualAllocation        = false                                  {pd product} {ergonomic}

Logging:
Log output configuration:
 #0: stdout all=warning uptime,level,tags
 #1: stderr all=off uptime,level,tags

Environment Variables:
PATH=C:\Program Files\Common Files\Oracle\Java\javapath;C:\Program Files (x86)\Common Files\Oracle\Java\javapath;C:\WINDOWS\system32;C:\WINDOWS;C:\WINDOWS\System32\Wbem;C:\WINDOWS\System32\WindowsPowerShell\v1.0\;C:\WINDOWS\System32\OpenSSH\;C:\Program Files\Git\cmd;C:\Users\tiemoko.sogoba\flutter\bin;C:\Users\tiemoko.sogoba\apache-maven-3.8.2\bin;C:\Program Files\Java\jdk-16.0.2\bin;C:\Program Files\nodejs\;C:\Users\dadiallo\scoop\shims;C:\Users\dadiallo\AppData\Local\Programs\Python\Python310\Scripts\;C:\Users\dadiallo\AppData\Local\Programs\Python\Python310\;C:\Users\dadiallo\AppData\Local\Programs\Python\Launcher\;C:\Users\dadiallo\AppData\Local\Microsoft\WindowsApps;C:\Users\dadiallo\AppData\Local\Programs\Microsoft VS Code\bin;C:\dart-sdk\bin;C:\Users\dadiallo\Desktop\Swagger\node_modules\http-server\bin;C:\Maven\apache-maven-3.8.6\bin;C:\Users\dadiallo\AppData\Roaming\npm\;C:\flutter\bin;;C:\Users\dadiallo\AppData\Local\JetBrains\IntelliJ IDEA 2022.2\bin;;C:\Users\dadiallo\AppData\Roaming\npm
USERNAME=dadiallo
OS=Windows_NT
PROCESSOR_IDENTIFIER=Intel64 Family 6 Model 140 Stepping 1, GenuineIntel



---------------  S Y S T E M  ---------------

OS:
 Windows 11 , 64 bit Build 22621 (10.0.22621.1105)
OS uptime: 1 days 5:48 hours

CPU: total 8 (initial active 8) (4 cores per cpu, 2 threads per core) family 6 model 140 stepping 1 microcode 0xa4, cx8, cmov, fxsr, ht, mmx, 3dnowpref, sse, sse2, sse3, ssse3, sse4.1, sse4.2, popcnt, lzcnt, tsc, tscinvbit, avx, avx2, aes, erms, clmul, bmi1, bmi2, adx, avx512f, avx512dq, avx512cd, avx512bw, avx512vl, sha, fma, vzeroupper, avx512_vpopcntdq, avx512_vpclmulqdq, avx512_vaes, avx512_vnni, clflush, clflushopt, clwb, avx512_vbmi2, avx512_vbmi

Memory: 4k page, system-wide physical 7941M (388M free)
TotalPageFile size 28989M (AvailPageFile size 0M)
current process WorkingSet (physical memory assigned to process): 219M, peak: 321M
current process commit charge ("private bytes"): 353M, peak: 362M

vm_info: Java HotSpot(TM) 64-Bit Server VM (17.0.4+11-LTS-179) for windows-amd64 JRE (17.0.4+11-LTS-179), built on Jun 28 2022 08:23:05 by "mach5one" with MS VC++ 16.8 / 16.9 (VS2019)

END.
